2024-01-29 10:40:38,756 - root - INFO - Task dblp.v13@HGT-32-1-1@42@10@0.005 begin...
2024-01-29 10:42:17,417 - root - INFO - 65928
2024-01-29 10:42:18,409 - root - INFO - get loaders done.
2024-01-29 10:42:18,438 - root - INFO - Using device: cuda
2024-01-29 10:49:24,942 - root - INFO - Task dblp.v13@HGT-32-1-1@42@10@0.005 begin...
2024-01-29 10:50:58,481 - root - INFO - 65928
2024-01-29 10:50:59,043 - root - INFO - get loaders done.
2024-01-29 10:50:59,085 - root - INFO - Using device: cuda
2024-01-29 10:52:39,671 - root - INFO - Task dblp.v13@HGT-32-1-1@42@10@0.005 begin...
2024-01-29 10:54:15,158 - root - INFO - 65928
2024-01-29 10:54:15,734 - root - INFO - get loaders done.
2024-01-29 10:54:15,776 - root - INFO - Using device: cuda
2024-01-29 10:54:29,786 - root - INFO - Epoch: 000, LossReg: 2510.9962, LossCLS: 194.5696,Acc: 0.686577, F1_Macro:0.278693, Time: 9.10 seconds.
2024-01-29 10:54:38,905 - root - INFO - Epoch: 001, LossReg: 2531.7423, LossCLS: 191.3556,Acc: 0.686767, F1_Macro:0.281513, Time: 9.12 seconds.
2024-01-29 10:54:48,088 - root - INFO - Epoch: 002, LossReg: 2524.2392, LossCLS: 190.8711,Acc: 0.686679, F1_Macro:0.282760, Time: 9.18 seconds.
2024-01-29 10:54:57,236 - root - INFO - Epoch: 003, LossReg: 2521.4190, LossCLS: 190.8613,Acc: 0.687321, F1_Macro:0.283465, Time: 9.15 seconds.
2024-01-29 10:55:06,375 - root - INFO - Epoch: 004, LossReg: 2514.1023, LossCLS: 190.3497,Acc: 0.686825, F1_Macro:0.282191, Time: 9.14 seconds.
2024-01-29 10:55:15,421 - root - INFO - Epoch: 005, LossReg: 2453.2994, LossCLS: 189.4720,Acc: 0.687832, F1_Macro:0.283822, Time: 9.05 seconds.
2024-01-29 10:55:24,584 - root - INFO - Epoch: 006, LossReg: 2480.8186, LossCLS: 189.9455,Acc: 0.688416, F1_Macro:0.284778, Time: 9.16 seconds.
2024-01-29 10:55:33,787 - root - INFO - Epoch: 007, LossReg: 2457.1499, LossCLS: 189.4266,Acc: 0.687117, F1_Macro:0.282095, Time: 9.20 seconds.
2024-01-29 10:55:42,911 - root - INFO - Epoch: 008, LossReg: 2416.8790, LossCLS: 189.3344,Acc: 0.688255, F1_Macro:0.284294, Time: 9.12 seconds.
2024-01-29 10:55:52,074 - root - INFO - Epoch: 009, LossReg: 2314.1042, LossCLS: 189.0854,Acc: 0.687744, F1_Macro:0.285369, Time: 9.16 seconds.
