2024-01-27 03:31:43,621 - root - INFO - Task dblp.v13@HGT-32-4-1@0@10@0.001 begin...
2024-01-27 03:33:18,828 - root - INFO - 65978
2024-01-27 03:33:19,367 - root - INFO - get loaders done.
2024-01-27 03:33:19,400 - root - INFO - Using device: cuda
2024-01-27 03:33:57,850 - root - INFO - Epoch: 000, LossReg: 1172.0037, LossCLS: 814.8820,Acc: 0.660405, F1_Macro:0.300291, Time: 33.55 seconds.
2024-01-27 03:34:31,454 - root - INFO - Epoch: 001, LossReg: 1051.3924, LossCLS: 796.7985,Acc: 0.665898, F1_Macro:0.315191, Time: 33.60 seconds.
2024-01-27 03:35:04,889 - root - INFO - Epoch: 002, LossReg: 1035.4995, LossCLS: 789.1196,Acc: 0.666881, F1_Macro:0.322780, Time: 33.43 seconds.
2024-01-27 03:35:38,709 - root - INFO - Epoch: 003, LossReg: 1035.5433, LossCLS: 785.8676,Acc: 0.666763, F1_Macro:0.326284, Time: 33.82 seconds.
2024-01-27 03:36:12,131 - root - INFO - Epoch: 004, LossReg: 1028.7650, LossCLS: 782.6695,Acc: 0.667182, F1_Macro:0.326869, Time: 33.42 seconds.
2024-01-27 03:36:45,736 - root - INFO - Epoch: 005, LossReg: 1030.5876, LossCLS: 780.9773,Acc: 0.666579, F1_Macro:0.323564, Time: 33.60 seconds.
2024-01-27 03:37:19,129 - root - INFO - Epoch: 006, LossReg: 1025.1454, LossCLS: 778.3966,Acc: 0.667182, F1_Macro:0.327838, Time: 33.39 seconds.
2024-01-27 03:37:52,713 - root - INFO - Epoch: 007, LossReg: 1021.2353, LossCLS: 776.1450,Acc: 0.667667, F1_Macro:0.330048, Time: 33.58 seconds.
2024-01-27 03:38:26,483 - root - INFO - Epoch: 008, LossReg: 1015.7766, LossCLS: 774.7789,Acc: 0.668008, F1_Macro:0.333889, Time: 33.77 seconds.
2024-01-27 03:39:00,093 - root - INFO - Epoch: 009, LossReg: 1015.5922, LossCLS: 774.9419,Acc: 0.668113, F1_Macro:0.335480, Time: 33.61 seconds.
2024-01-27 03:39:33,717 - root - INFO - Epoch: 010, LossReg: 1015.8158, LossCLS: 773.3253,Acc: 0.667090, F1_Macro:0.336963, Time: 33.62 seconds.
2024-01-27 03:40:08,745 - root - INFO - Epoch: 011, LossReg: 999.8045, LossCLS: 770.4125,Acc: 0.669280, F1_Macro:0.335253, Time: 35.03 seconds.
2024-01-27 03:40:42,501 - root - INFO - Epoch: 012, LossReg: 994.9548, LossCLS: 768.2388,Acc: 0.671560, F1_Macro:0.343279, Time: 33.76 seconds.
2024-01-27 03:41:16,323 - root - INFO - Epoch: 013, LossReg: 1006.7543, LossCLS: 771.4697,Acc: 0.667851, F1_Macro:0.340959, Time: 33.82 seconds.
2024-01-27 03:41:49,757 - root - INFO - Epoch: 014, LossReg: 997.1559, LossCLS: 769.2988,Acc: 0.669070, F1_Macro:0.335575, Time: 33.43 seconds.
2024-01-27 03:42:23,312 - root - INFO - Epoch: 015, LossReg: 994.7777, LossCLS: 766.9891,Acc: 0.670053, F1_Macro:0.342379, Time: 33.55 seconds.
2024-01-27 03:42:56,784 - root - INFO - Epoch: 016, LossReg: 996.6990, LossCLS: 766.8293,Acc: 0.668886, F1_Macro:0.341526, Time: 33.47 seconds.
2024-01-27 03:43:30,396 - root - INFO - Epoch: 017, LossReg: 989.7450, LossCLS: 765.1377,Acc: 0.668611, F1_Macro:0.343519, Time: 33.61 seconds.
2024-01-27 03:44:04,108 - root - INFO - Epoch: 018, LossReg: 994.0254, LossCLS: 766.1341,Acc: 0.669044, F1_Macro:0.345954, Time: 33.71 seconds.
2024-01-27 03:44:38,040 - root - INFO - Epoch: 019, LossReg: 984.9101, LossCLS: 764.1747,Acc: 0.668834, F1_Macro:0.348460, Time: 33.93 seconds.
2024-01-27 03:45:11,651 - root - INFO - Epoch: 020, LossReg: 985.6900, LossCLS: 764.7501,Acc: 0.669122, F1_Macro:0.344011, Time: 33.61 seconds.
2024-01-27 03:45:45,599 - root - INFO - Epoch: 021, LossReg: 985.6218, LossCLS: 763.2108,Acc: 0.670879, F1_Macro:0.351713, Time: 33.95 seconds.
2024-01-27 03:46:19,399 - root - INFO - Epoch: 022, LossReg: 987.0088, LossCLS: 763.8596,Acc: 0.668559, F1_Macro:0.343685, Time: 33.80 seconds.
2024-01-27 03:46:53,135 - root - INFO - Epoch: 023, LossReg: 984.3018, LossCLS: 762.7254,Acc: 0.669266, F1_Macro:0.353858, Time: 33.74 seconds.
2024-01-27 03:47:26,648 - root - INFO - Epoch: 024, LossReg: 985.3919, LossCLS: 762.5467,Acc: 0.670145, F1_Macro:0.350925, Time: 33.51 seconds.
2024-01-27 03:48:00,673 - root - INFO - Epoch: 025, LossReg: 980.0375, LossCLS: 762.2428,Acc: 0.669004, F1_Macro:0.350247, Time: 34.02 seconds.
2024-01-27 03:48:34,250 - root - INFO - Epoch: 026, LossReg: 981.3839, LossCLS: 761.3579,Acc: 0.669398, F1_Macro:0.358040, Time: 33.58 seconds.
2024-01-27 03:49:08,154 - root - INFO - Epoch: 027, LossReg: 978.5700, LossCLS: 760.9885,Acc: 0.669280, F1_Macro:0.348597, Time: 33.90 seconds.
2024-01-27 03:49:41,728 - root - INFO - Epoch: 028, LossReg: 969.7395, LossCLS: 757.9902,Acc: 0.672530, F1_Macro:0.359811, Time: 33.57 seconds.
2024-01-27 03:50:15,807 - root - INFO - Epoch: 029, LossReg: 985.1899, LossCLS: 761.5370,Acc: 0.670079, F1_Macro:0.357258, Time: 34.08 seconds.
2024-01-27 03:50:49,550 - root - INFO - Epoch: 030, LossReg: 972.6105, LossCLS: 760.7004,Acc: 0.669502, F1_Macro:0.354456, Time: 33.74 seconds.
2024-01-27 03:51:23,635 - root - INFO - Epoch: 031, LossReg: 978.0256, LossCLS: 760.1878,Acc: 0.669686, F1_Macro:0.357767, Time: 34.08 seconds.
2024-01-27 03:51:57,269 - root - INFO - Epoch: 032, LossReg: 966.5808, LossCLS: 757.4660,Acc: 0.672255, F1_Macro:0.360917, Time: 33.63 seconds.
2024-01-27 03:52:31,035 - root - INFO - Epoch: 033, LossReg: 970.2010, LossCLS: 757.4607,Acc: 0.670407, F1_Macro:0.362114, Time: 33.77 seconds.
2024-01-27 03:53:04,498 - root - INFO - Epoch: 034, LossReg: 970.7616, LossCLS: 756.6520,Acc: 0.671272, F1_Macro:0.362705, Time: 33.46 seconds.
2024-01-27 03:53:38,734 - root - INFO - Epoch: 035, LossReg: 970.4600, LossCLS: 758.1031,Acc: 0.669883, F1_Macro:0.364060, Time: 34.24 seconds.
2024-01-27 03:54:12,528 - root - INFO - Epoch: 036, LossReg: 968.0630, LossCLS: 757.0972,Acc: 0.672085, F1_Macro:0.364219, Time: 33.79 seconds.
2024-01-27 03:54:46,294 - root - INFO - Epoch: 037, LossReg: 961.5801, LossCLS: 754.5621,Acc: 0.670905, F1_Macro:0.368506, Time: 33.77 seconds.
2024-01-27 03:55:20,542 - root - INFO - Epoch: 038, LossReg: 971.8056, LossCLS: 756.5268,Acc: 0.670656, F1_Macro:0.364196, Time: 34.25 seconds.
2024-01-27 03:55:54,700 - root - INFO - Epoch: 039, LossReg: 971.8961, LossCLS: 755.7925,Acc: 0.670223, F1_Macro:0.361770, Time: 34.16 seconds.
2024-01-27 03:56:28,561 - root - INFO - Epoch: 040, LossReg: 965.4832, LossCLS: 755.1818,Acc: 0.671954, F1_Macro:0.368725, Time: 33.86 seconds.
2024-01-27 03:57:02,246 - root - INFO - Epoch: 041, LossReg: 971.5258, LossCLS: 757.0932,Acc: 0.670223, F1_Macro:0.366898, Time: 33.68 seconds.
2024-01-27 03:57:35,925 - root - INFO - Epoch: 042, LossReg: 961.9897, LossCLS: 753.2600,Acc: 0.672137, F1_Macro:0.368918, Time: 33.68 seconds.
2024-01-27 03:58:09,721 - root - INFO - Epoch: 043, LossReg: 960.5127, LossCLS: 753.6432,Acc: 0.670853, F1_Macro:0.365614, Time: 33.80 seconds.
2024-01-27 03:58:43,292 - root - INFO - Epoch: 044, LossReg: 963.8756, LossCLS: 754.7064,Acc: 0.671980, F1_Macro:0.368771, Time: 33.57 seconds.
2024-01-27 03:59:17,175 - root - INFO - Epoch: 045, LossReg: 960.7510, LossCLS: 754.3561,Acc: 0.671613, F1_Macro:0.368839, Time: 33.88 seconds.
2024-01-27 03:59:51,460 - root - INFO - Epoch: 046, LossReg: 961.1152, LossCLS: 753.1229,Acc: 0.671403, F1_Macro:0.375245, Time: 34.29 seconds.
2024-01-27 04:00:25,214 - root - INFO - Epoch: 047, LossReg: 968.7800, LossCLS: 753.7491,Acc: 0.670774, F1_Macro:0.372517, Time: 33.75 seconds.
2024-01-27 04:00:58,774 - root - INFO - Epoch: 048, LossReg: 960.8039, LossCLS: 751.5938,Acc: 0.671783, F1_Macro:0.375025, Time: 33.56 seconds.
2024-01-27 04:01:32,503 - root - INFO - Epoch: 049, LossReg: 955.5232, LossCLS: 752.8315,Acc: 0.671639, F1_Macro:0.373346, Time: 33.73 seconds.
2024-01-27 04:02:05,993 - root - INFO - Epoch: 050, LossReg: 952.4107, LossCLS: 751.1373,Acc: 0.671626, F1_Macro:0.375109, Time: 33.49 seconds.
2024-01-27 04:02:39,450 - root - INFO - Epoch: 051, LossReg: 956.8616, LossCLS: 750.9383,Acc: 0.671102, F1_Macro:0.373550, Time: 33.46 seconds.
2024-01-27 04:03:12,989 - root - INFO - Epoch: 052, LossReg: 960.8281, LossCLS: 751.6466,Acc: 0.672085, F1_Macro:0.372159, Time: 33.54 seconds.
2024-01-27 04:03:46,671 - root - INFO - Epoch: 053, LossReg: 960.8497, LossCLS: 752.1193,Acc: 0.672648, F1_Macro:0.375954, Time: 33.68 seconds.
2024-01-27 04:04:20,626 - root - INFO - Epoch: 054, LossReg: 961.0240, LossCLS: 751.7119,Acc: 0.671298, F1_Macro:0.376601, Time: 33.95 seconds.
2024-01-27 04:04:54,445 - root - INFO - Epoch: 055, LossReg: 961.3987, LossCLS: 753.5579,Acc: 0.671272, F1_Macro:0.372854, Time: 33.82 seconds.
2024-01-27 04:04:54,445 - root - INFO - Early stopping
