2024-01-26 17:22:32,399 - root - INFO - Task dblp.v13@HGT-32-2-1@0@10@0.01 begin...
2024-01-26 17:23:18,985 - root - INFO - Task dblp.v13@HGT-32-2-1@0@10@0.01 begin...
2024-01-26 17:24:53,934 - root - INFO - 65978
2024-01-26 18:24:09,894 - root - INFO - Task dblp.v13@HGT-32-2-1@0@10@0.01 begin...
2024-01-26 18:25:45,635 - root - INFO - 65978
2024-01-26 18:27:06,461 - root - INFO - Task dblp.v13@HGT-32-2-1@0@10@0.01 begin...
2024-01-26 18:28:40,698 - root - INFO - 65978
2024-01-26 18:28:41,299 - root - INFO - get loaders done.
2024-01-26 18:28:41,328 - root - INFO - Using device: cuda
2024-01-26 18:28:56,869 - root - INFO - Epoch: 000, LossReg: 1715.9539, LossCLS: 195.1552,Acc: 0.683946, F1_Macro:0.281629, Time: 10.29 seconds.
2024-01-26 18:29:07,138 - root - INFO - Epoch: 001, LossReg: 1947.1056, LossCLS: 191.3452,Acc: 0.687812, F1_Macro:0.283549, Time: 10.27 seconds.
2024-01-26 18:29:17,376 - root - INFO - Epoch: 002, LossReg: 2361.4191, LossCLS: 191.5295,Acc: 0.686674, F1_Macro:0.279834, Time: 10.24 seconds.
2024-01-26 18:29:27,634 - root - INFO - Epoch: 003, LossReg: 2504.6340, LossCLS: 190.7625,Acc: 0.686630, F1_Macro:0.280884, Time: 10.26 seconds.
2024-01-26 18:29:38,056 - root - INFO - Epoch: 004, LossReg: 2517.6257, LossCLS: 190.8572,Acc: 0.686266, F1_Macro:0.281041, Time: 10.42 seconds.
2024-01-26 18:29:48,404 - root - INFO - Epoch: 005, LossReg: 2533.5594, LossCLS: 190.6262,Acc: 0.687112, F1_Macro:0.280689, Time: 10.35 seconds.
2024-01-26 18:29:58,699 - root - INFO - Epoch: 006, LossReg: 2530.4801, LossCLS: 190.5945,Acc: 0.686193, F1_Macro:0.283633, Time: 10.29 seconds.
2024-01-26 18:30:09,011 - root - INFO - Epoch: 007, LossReg: 2528.4755, LossCLS: 190.1878,Acc: 0.686907, F1_Macro:0.283342, Time: 10.31 seconds.
2024-01-26 18:30:19,302 - root - INFO - Epoch: 008, LossReg: 2530.6328, LossCLS: 190.5043,Acc: 0.687681, F1_Macro:0.281098, Time: 10.29 seconds.
2024-01-26 18:30:29,574 - root - INFO - Epoch: 009, LossReg: 2519.5775, LossCLS: 189.8255,Acc: 0.687272, F1_Macro:0.282101, Time: 10.27 seconds.
2024-01-26 18:30:39,888 - root - INFO - Epoch: 010, LossReg: 2513.5915, LossCLS: 190.3017,Acc: 0.686309, F1_Macro:0.285700, Time: 10.31 seconds.
2024-01-26 18:30:50,420 - root - INFO - Epoch: 011, LossReg: 2496.1387, LossCLS: 189.7052,Acc: 0.687301, F1_Macro:0.281146, Time: 10.53 seconds.
2024-01-26 18:31:01,154 - root - INFO - Epoch: 012, LossReg: 2491.9098, LossCLS: 190.6401,Acc: 0.686659, F1_Macro:0.283907, Time: 10.73 seconds.
2024-01-26 18:31:12,018 - root - INFO - Epoch: 013, LossReg: 2485.2504, LossCLS: 189.6091,Acc: 0.687316, F1_Macro:0.283612, Time: 10.86 seconds.
2024-01-26 18:31:22,410 - root - INFO - Epoch: 014, LossReg: 2490.5946, LossCLS: 189.7086,Acc: 0.687389, F1_Macro:0.281034, Time: 10.39 seconds.
2024-01-26 18:31:32,784 - root - INFO - Epoch: 015, LossReg: 2502.6576, LossCLS: 189.9481,Acc: 0.687185, F1_Macro:0.285461, Time: 10.37 seconds.
2024-01-26 18:31:43,107 - root - INFO - Epoch: 016, LossReg: 2470.2939, LossCLS: 189.5790,Acc: 0.687578, F1_Macro:0.285570, Time: 10.32 seconds.
2024-01-26 18:31:53,486 - root - INFO - Epoch: 017, LossReg: 2483.2177, LossCLS: 189.2884,Acc: 0.688351, F1_Macro:0.283767, Time: 10.38 seconds.
2024-01-26 18:32:03,881 - root - INFO - Epoch: 018, LossReg: 2474.1512, LossCLS: 189.9094,Acc: 0.686470, F1_Macro:0.279925, Time: 10.40 seconds.
2024-01-26 18:32:14,124 - root - INFO - Epoch: 019, LossReg: 2383.9408, LossCLS: 190.2965,Acc: 0.687345, F1_Macro:0.281841, Time: 10.24 seconds.
2024-01-26 18:33:40,394 - root - INFO - Task dblp.v13@HGT-32-2-1@0@10@0.01 begin...
2024-01-26 18:35:15,151 - root - INFO - 65978
2024-01-26 18:35:15,716 - root - INFO - get loaders done.
2024-01-26 18:35:15,759 - root - INFO - Using device: cuda
2024-01-26 18:35:31,286 - root - INFO - Epoch: 000, LossReg: 244.6100, LossCLS: 196.9664,Acc: 0.681831, F1_Macro:0.281548, Time: 10.39 seconds.
2024-01-26 18:35:41,768 - root - INFO - Epoch: 001, LossReg: 227.6060, LossCLS: 191.9614,Acc: 0.686484, F1_Macro:0.279078, Time: 10.48 seconds.
2024-01-26 18:35:52,139 - root - INFO - Epoch: 002, LossReg: 221.6500, LossCLS: 191.1849,Acc: 0.687228, F1_Macro:0.284075, Time: 10.37 seconds.
2024-01-26 18:36:02,515 - root - INFO - Epoch: 003, LossReg: 221.4400, LossCLS: 190.4046,Acc: 0.686791, F1_Macro:0.286226, Time: 10.38 seconds.
2024-01-26 18:36:12,951 - root - INFO - Epoch: 004, LossReg: 222.1556, LossCLS: 190.2463,Acc: 0.687097, F1_Macro:0.285960, Time: 10.44 seconds.
2024-01-26 18:36:23,344 - root - INFO - Epoch: 005, LossReg: 217.7853, LossCLS: 189.2342,Acc: 0.688264, F1_Macro:0.285483, Time: 10.39 seconds.
2024-01-26 18:36:33,638 - root - INFO - Epoch: 006, LossReg: 220.0633, LossCLS: 189.0305,Acc: 0.687010, F1_Macro:0.286147, Time: 10.29 seconds.
2024-01-26 18:36:43,966 - root - INFO - Epoch: 007, LossReg: 217.6575, LossCLS: 189.3671,Acc: 0.688074, F1_Macro:0.288197, Time: 10.33 seconds.
2024-01-26 18:36:54,342 - root - INFO - Epoch: 008, LossReg: 217.5169, LossCLS: 189.5164,Acc: 0.687185, F1_Macro:0.287212, Time: 10.37 seconds.
2024-01-26 18:37:04,647 - root - INFO - Epoch: 009, LossReg: 216.9396, LossCLS: 189.1068,Acc: 0.687024, F1_Macro:0.289761, Time: 10.31 seconds.
2024-01-26 18:37:14,927 - root - INFO - Epoch: 010, LossReg: 216.6944, LossCLS: 188.7136,Acc: 0.688118, F1_Macro:0.292486, Time: 10.28 seconds.
2024-01-26 18:37:25,302 - root - INFO - Epoch: 011, LossReg: 216.0858, LossCLS: 188.5659,Acc: 0.688147, F1_Macro:0.291115, Time: 10.37 seconds.
2024-01-26 18:37:35,697 - root - INFO - Epoch: 012, LossReg: 217.4104, LossCLS: 188.4934,Acc: 0.688220, F1_Macro:0.289926, Time: 10.39 seconds.
2024-01-26 18:37:46,018 - root - INFO - Epoch: 013, LossReg: 215.7185, LossCLS: 188.3525,Acc: 0.687024, F1_Macro:0.287478, Time: 10.32 seconds.
2024-01-26 18:37:56,385 - root - INFO - Epoch: 014, LossReg: 216.5673, LossCLS: 189.0595,Acc: 0.686878, F1_Macro:0.287484, Time: 10.37 seconds.
2024-01-26 18:38:06,771 - root - INFO - Epoch: 015, LossReg: 215.3765, LossCLS: 187.8970,Acc: 0.687491, F1_Macro:0.289127, Time: 10.39 seconds.
2024-01-26 18:38:16,974 - root - INFO - Epoch: 016, LossReg: 214.0907, LossCLS: 188.2538,Acc: 0.688599, F1_Macro:0.291465, Time: 10.20 seconds.
2024-01-26 18:38:27,271 - root - INFO - Epoch: 017, LossReg: 215.7531, LossCLS: 188.3225,Acc: 0.687739, F1_Macro:0.291389, Time: 10.30 seconds.
2024-01-26 18:38:37,654 - root - INFO - Epoch: 018, LossReg: 216.2666, LossCLS: 188.1701,Acc: 0.688133, F1_Macro:0.293698, Time: 10.38 seconds.
2024-01-26 18:38:48,032 - root - INFO - Epoch: 019, LossReg: 215.8540, LossCLS: 187.9988,Acc: 0.687418, F1_Macro:0.292896, Time: 10.38 seconds.
2024-01-26 18:42:30,415 - root - INFO - Task dblp.v13@HGT-32-2-1@0@10@0.01 begin...
2024-01-26 18:44:08,868 - root - INFO - 65978
2024-01-26 18:44:09,478 - root - INFO - get loaders done.
2024-01-26 18:44:09,517 - root - INFO - Using device: cuda
2024-01-26 18:44:39,842 - root - INFO - Epoch: 000, LossReg: 1109.1305, LossCLS: 808.6418,Acc: 0.660838, F1_Macro:0.313676, Time: 24.78 seconds.
2024-01-26 18:45:04,391 - root - INFO - Epoch: 001, LossReg: 1050.7676, LossCLS: 792.7623,Acc: 0.665255, F1_Macro:0.318568, Time: 24.55 seconds.
2024-01-26 18:45:29,064 - root - INFO - Epoch: 002, LossReg: 1053.4943, LossCLS: 794.3687,Acc: 0.664901, F1_Macro:0.320876, Time: 24.67 seconds.
2024-01-26 18:45:54,020 - root - INFO - Epoch: 003, LossReg: 1042.5111, LossCLS: 791.4494,Acc: 0.663984, F1_Macro:0.317789, Time: 24.96 seconds.
2024-01-26 18:46:18,736 - root - INFO - Epoch: 004, LossReg: 1036.2338, LossCLS: 787.9650,Acc: 0.666225, F1_Macro:0.323432, Time: 24.72 seconds.
2024-01-26 18:46:43,809 - root - INFO - Epoch: 005, LossReg: 1019.6852, LossCLS: 784.7160,Acc: 0.666986, F1_Macro:0.326034, Time: 25.07 seconds.
2024-01-26 18:47:09,329 - root - INFO - Epoch: 006, LossReg: 1052.8926, LossCLS: 788.9334,Acc: 0.666605, F1_Macro:0.326283, Time: 25.52 seconds.
2024-01-26 18:47:33,837 - root - INFO - Epoch: 007, LossReg: 1032.9236, LossCLS: 784.2588,Acc: 0.666802, F1_Macro:0.321725, Time: 24.51 seconds.
2024-01-26 18:47:58,333 - root - INFO - Epoch: 008, LossReg: 1034.7520, LossCLS: 786.5219,Acc: 0.665557, F1_Macro:0.330906, Time: 24.50 seconds.
2024-01-26 18:48:22,968 - root - INFO - Epoch: 009, LossReg: 1046.9543, LossCLS: 788.0615,Acc: 0.664888, F1_Macro:0.322507, Time: 24.63 seconds.
2024-01-26 18:48:47,773 - root - INFO - Epoch: 010, LossReg: 1036.9065, LossCLS: 786.6316,Acc: 0.665295, F1_Macro:0.322685, Time: 24.80 seconds.
2024-01-26 18:48:47,773 - root - INFO - Early stopping
