2024-01-27 20:57:32,680 - root - INFO - Task dblp.v13@HGT-64-4-4@0@100@0.001 begin...
2024-01-27 20:59:07,134 - root - INFO - 65978
2024-01-27 20:59:08,480 - root - INFO - get loaders done.
2024-01-27 20:59:08,535 - root - INFO - Using device: cuda
2024-01-27 21:00:56,376 - root - INFO - Epoch: 000, LossReg: 715.1870, LossCLS: 236.4075,Acc: 0.520824, F1_Macro:0.307457, Time: 102.65 seconds.
2024-01-27 21:02:41,485 - root - INFO - Epoch: 001, LossReg: 484.1091, LossCLS: 218.4114,Acc: 0.581772, F1_Macro:0.402727, Time: 105.11 seconds.
2024-01-27 21:04:24,862 - root - INFO - Epoch: 002, LossReg: 466.7443, LossCLS: 212.6668,Acc: 0.590934, F1_Macro:0.416273, Time: 103.38 seconds.
2024-01-27 21:06:07,943 - root - INFO - Epoch: 003, LossReg: 454.7508, LossCLS: 210.3994,Acc: 0.597755, F1_Macro:0.432780, Time: 103.08 seconds.
2024-01-27 21:07:50,961 - root - INFO - Epoch: 004, LossReg: 442.9905, LossCLS: 208.6777,Acc: 0.599771, F1_Macro:0.441510, Time: 103.02 seconds.
2024-01-27 21:09:32,710 - root - INFO - Epoch: 005, LossReg: 431.9255, LossCLS: 205.9532,Acc: 0.608294, F1_Macro:0.457689, Time: 101.75 seconds.
2024-01-27 21:11:15,270 - root - INFO - Epoch: 006, LossReg: 423.0594, LossCLS: 204.8684,Acc: 0.609559, F1_Macro:0.460045, Time: 102.56 seconds.
2024-01-27 21:12:59,078 - root - INFO - Epoch: 007, LossReg: 414.4562, LossCLS: 203.6141,Acc: 0.612532, F1_Macro:0.479006, Time: 103.81 seconds.
2024-01-27 21:14:42,248 - root - INFO - Epoch: 008, LossReg: 404.8294, LossCLS: 202.3981,Acc: 0.617013, F1_Macro:0.499607, Time: 103.17 seconds.
2024-01-27 21:16:28,759 - root - INFO - Epoch: 009, LossReg: 398.9597, LossCLS: 201.5102,Acc: 0.617681, F1_Macro:0.511222, Time: 106.51 seconds.
2024-01-27 21:18:10,945 - root - INFO - Epoch: 010, LossReg: 395.1552, LossCLS: 200.9029,Acc: 0.618018, F1_Macro:0.512079, Time: 102.18 seconds.
2024-01-27 21:19:53,000 - root - INFO - Epoch: 011, LossReg: 388.3730, LossCLS: 199.4604,Acc: 0.623302, F1_Macro:0.518623, Time: 102.05 seconds.
2024-01-27 21:21:35,331 - root - INFO - Epoch: 012, LossReg: 387.3757, LossCLS: 199.5849,Acc: 0.622723, F1_Macro:0.521893, Time: 102.33 seconds.
2024-01-27 21:23:18,288 - root - INFO - Epoch: 013, LossReg: 383.5729, LossCLS: 199.1049,Acc: 0.623674, F1_Macro:0.526587, Time: 102.96 seconds.
2024-01-27 21:25:01,080 - root - INFO - Epoch: 014, LossReg: 378.8065, LossCLS: 197.8278,Acc: 0.628078, F1_Macro:0.531077, Time: 102.79 seconds.
2024-01-27 21:26:44,638 - root - INFO - Epoch: 015, LossReg: 375.5900, LossCLS: 197.2925,Acc: 0.626529, F1_Macro:0.531372, Time: 103.56 seconds.
2024-01-27 21:28:27,243 - root - INFO - Epoch: 016, LossReg: 371.3127, LossCLS: 196.0576,Acc: 0.629863, F1_Macro:0.541030, Time: 102.60 seconds.
2024-01-27 21:30:10,695 - root - INFO - Epoch: 017, LossReg: 370.3723, LossCLS: 195.6563,Acc: 0.630525, F1_Macro:0.536758, Time: 103.45 seconds.
2024-01-27 21:31:53,445 - root - INFO - Epoch: 018, LossReg: 371.2196, LossCLS: 195.6485,Acc: 0.631855, F1_Macro:0.543946, Time: 102.75 seconds.
2024-01-27 21:33:36,477 - root - INFO - Epoch: 019, LossReg: 368.0387, LossCLS: 194.9486,Acc: 0.634639, F1_Macro:0.548165, Time: 103.03 seconds.
2024-01-27 21:35:19,280 - root - INFO - Epoch: 020, LossReg: 366.4591, LossCLS: 194.5993,Acc: 0.632275, F1_Macro:0.546259, Time: 102.80 seconds.
2024-01-27 21:37:02,909 - root - INFO - Epoch: 021, LossReg: 361.8453, LossCLS: 193.4454,Acc: 0.636791, F1_Macro:0.555131, Time: 103.63 seconds.
2024-01-27 21:38:45,152 - root - INFO - Epoch: 022, LossReg: 363.5430, LossCLS: 194.0876,Acc: 0.635437, F1_Macro:0.555698, Time: 102.24 seconds.
2024-01-27 21:40:27,707 - root - INFO - Epoch: 023, LossReg: 360.4719, LossCLS: 193.3110,Acc: 0.635685, F1_Macro:0.554759, Time: 102.55 seconds.
2024-01-27 21:42:09,647 - root - INFO - Epoch: 024, LossReg: 356.7372, LossCLS: 192.6588,Acc: 0.636785, F1_Macro:0.559398, Time: 101.94 seconds.
2024-01-27 21:43:52,336 - root - INFO - Epoch: 025, LossReg: 358.5076, LossCLS: 192.5637,Acc: 0.638204, F1_Macro:0.560286, Time: 102.69 seconds.
2024-01-27 21:45:35,205 - root - INFO - Epoch: 026, LossReg: 354.4875, LossCLS: 191.7058,Acc: 0.638600, F1_Macro:0.563028, Time: 102.87 seconds.
2024-01-27 21:47:17,788 - root - INFO - Epoch: 027, LossReg: 351.3883, LossCLS: 190.8593,Acc: 0.642063, F1_Macro:0.567913, Time: 102.58 seconds.
2024-01-27 21:49:00,135 - root - INFO - Epoch: 028, LossReg: 351.2489, LossCLS: 191.1407,Acc: 0.641177, F1_Macro:0.565963, Time: 102.35 seconds.
2024-01-27 21:50:42,426 - root - INFO - Epoch: 029, LossReg: 348.4222, LossCLS: 190.1472,Acc: 0.641833, F1_Macro:0.571544, Time: 102.29 seconds.
2024-01-27 21:52:24,339 - root - INFO - Epoch: 030, LossReg: 349.4395, LossCLS: 190.4588,Acc: 0.643636, F1_Macro:0.572919, Time: 101.91 seconds.
2024-01-27 21:54:06,632 - root - INFO - Epoch: 031, LossReg: 344.0808, LossCLS: 189.7612,Acc: 0.643742, F1_Macro:0.574643, Time: 102.29 seconds.
2024-01-27 21:55:49,836 - root - INFO - Epoch: 032, LossReg: 348.8405, LossCLS: 190.5677,Acc: 0.642459, F1_Macro:0.573740, Time: 103.20 seconds.
2024-01-27 21:57:32,688 - root - INFO - Epoch: 033, LossReg: 345.7609, LossCLS: 189.4170,Acc: 0.644038, F1_Macro:0.575319, Time: 102.85 seconds.
2024-01-27 21:59:15,358 - root - INFO - Epoch: 034, LossReg: 342.6475, LossCLS: 189.5783,Acc: 0.643778, F1_Macro:0.575286, Time: 102.67 seconds.
2024-01-27 22:00:37,563 - root - INFO - Epoch: 035, LossReg: 342.2437, LossCLS: 188.2846,Acc: 0.645923, F1_Macro:0.578414, Time: 82.20 seconds.
2024-01-27 22:01:41,877 - root - INFO - Epoch: 036, LossReg: 342.7037, LossCLS: 189.2098,Acc: 0.644002, F1_Macro:0.576182, Time: 64.31 seconds.
2024-01-27 22:02:46,231 - root - INFO - Epoch: 037, LossReg: 342.6764, LossCLS: 189.0193,Acc: 0.644221, F1_Macro:0.579248, Time: 64.35 seconds.
2024-01-27 22:03:50,345 - root - INFO - Epoch: 038, LossReg: 341.1853, LossCLS: 188.2134,Acc: 0.646372, F1_Macro:0.584117, Time: 64.11 seconds.
2024-01-27 22:04:54,501 - root - INFO - Epoch: 039, LossReg: 341.2852, LossCLS: 188.5883,Acc: 0.645787, F1_Macro:0.583657, Time: 64.15 seconds.
2024-01-27 22:05:59,072 - root - INFO - Epoch: 040, LossReg: 338.8550, LossCLS: 187.7714,Acc: 0.648400, F1_Macro:0.586283, Time: 64.57 seconds.
2024-01-27 22:07:02,764 - root - INFO - Epoch: 041, LossReg: 337.2771, LossCLS: 187.4384,Acc: 0.648169, F1_Macro:0.584850, Time: 63.69 seconds.
2024-01-27 22:08:06,803 - root - INFO - Epoch: 042, LossReg: 339.2496, LossCLS: 187.4858,Acc: 0.647011, F1_Macro:0.588010, Time: 64.04 seconds.
2024-01-27 22:09:10,886 - root - INFO - Epoch: 043, LossReg: 337.1884, LossCLS: 187.1501,Acc: 0.648028, F1_Macro:0.586476, Time: 64.08 seconds.
2024-01-27 22:10:14,793 - root - INFO - Epoch: 044, LossReg: 335.2741, LossCLS: 187.1402,Acc: 0.648749, F1_Macro:0.589371, Time: 63.91 seconds.
2024-01-27 22:11:19,855 - root - INFO - Epoch: 045, LossReg: 338.5845, LossCLS: 187.3190,Acc: 0.648453, F1_Macro:0.591047, Time: 65.06 seconds.
2024-01-27 22:12:24,298 - root - INFO - Epoch: 046, LossReg: 334.7959, LossCLS: 186.8765,Acc: 0.649659, F1_Macro:0.588682, Time: 64.44 seconds.
2024-01-27 22:13:29,170 - root - INFO - Epoch: 047, LossReg: 332.3124, LossCLS: 186.0795,Acc: 0.651521, F1_Macro:0.594746, Time: 64.87 seconds.
2024-01-27 22:14:33,600 - root - INFO - Epoch: 048, LossReg: 333.7627, LossCLS: 186.0001,Acc: 0.650912, F1_Macro:0.593948, Time: 64.43 seconds.
2024-01-27 22:15:37,432 - root - INFO - Epoch: 049, LossReg: 332.1914, LossCLS: 185.7129,Acc: 0.651432, F1_Macro:0.592649, Time: 63.83 seconds.
