2024-01-27 04:47:42,091 - root - INFO - Task dblp.v13@HGT-32-4-4@0@10@0.001 begin...
2024-01-27 04:49:16,621 - root - INFO - 65978
2024-01-27 04:49:17,199 - root - INFO - get loaders done.
2024-01-27 04:49:17,244 - root - INFO - Using device: cuda
2024-01-27 04:51:20,982 - root - INFO - Epoch: 000, LossReg: 2018.9501, LossCLS: 887.9899,Acc: 0.580975, F1_Macro:0.288756, Time: 118.75 seconds.
2024-01-27 04:53:19,231 - root - INFO - Epoch: 001, LossReg: 1499.0681, LossCLS: 859.8776,Acc: 0.605309, F1_Macro:0.352123, Time: 118.25 seconds.
2024-01-27 04:55:18,154 - root - INFO - Epoch: 002, LossReg: 1450.8661, LossCLS: 841.5986,Acc: 0.614244, F1_Macro:0.377277, Time: 118.92 seconds.
2024-01-27 04:57:16,937 - root - INFO - Epoch: 003, LossReg: 1424.4678, LossCLS: 829.9040,Acc: 0.617415, F1_Macro:0.383812, Time: 118.78 seconds.
2024-01-27 04:59:15,177 - root - INFO - Epoch: 004, LossReg: 1417.7045, LossCLS: 825.6560,Acc: 0.617835, F1_Macro:0.385233, Time: 118.24 seconds.
2024-01-27 05:01:13,722 - root - INFO - Epoch: 005, LossReg: 1400.1102, LossCLS: 821.4427,Acc: 0.622106, F1_Macro:0.391215, Time: 118.54 seconds.
2024-01-27 05:03:12,127 - root - INFO - Epoch: 006, LossReg: 1394.9030, LossCLS: 816.3772,Acc: 0.624820, F1_Macro:0.392927, Time: 118.40 seconds.
2024-01-27 05:05:09,887 - root - INFO - Epoch: 007, LossReg: 1385.4234, LossCLS: 814.9517,Acc: 0.622713, F1_Macro:0.394242, Time: 117.76 seconds.
2024-01-27 05:07:07,841 - root - INFO - Epoch: 008, LossReg: 1372.0959, LossCLS: 810.4742,Acc: 0.626704, F1_Macro:0.400372, Time: 117.95 seconds.
2024-01-27 05:09:07,116 - root - INFO - Epoch: 009, LossReg: 1379.5635, LossCLS: 810.7009,Acc: 0.625893, F1_Macro:0.403812, Time: 119.27 seconds.
2024-01-27 05:11:06,298 - root - INFO - Epoch: 010, LossReg: 1366.9858, LossCLS: 808.6578,Acc: 0.624988, F1_Macro:0.406871, Time: 119.18 seconds.
2024-01-27 05:13:04,288 - root - INFO - Epoch: 011, LossReg: 1352.7263, LossCLS: 806.4913,Acc: 0.626910, F1_Macro:0.409879, Time: 117.99 seconds.
2024-01-27 05:15:03,548 - root - INFO - Epoch: 012, LossReg: 1355.5248, LossCLS: 803.0036,Acc: 0.628150, F1_Macro:0.417775, Time: 119.26 seconds.
2024-01-27 05:17:01,888 - root - INFO - Epoch: 013, LossReg: 1356.7670, LossCLS: 802.9725,Acc: 0.627348, F1_Macro:0.420054, Time: 118.34 seconds.
2024-01-27 05:19:00,471 - root - INFO - Epoch: 014, LossReg: 1342.2215, LossCLS: 802.0154,Acc: 0.628094, F1_Macro:0.424797, Time: 118.58 seconds.
2024-01-27 05:20:59,237 - root - INFO - Epoch: 015, LossReg: 1340.8214, LossCLS: 802.2200,Acc: 0.629167, F1_Macro:0.434153, Time: 118.77 seconds.
2024-01-27 05:22:58,231 - root - INFO - Epoch: 016, LossReg: 1340.4912, LossCLS: 798.9925,Acc: 0.628551, F1_Macro:0.430976, Time: 118.99 seconds.
2024-01-27 05:24:56,609 - root - INFO - Epoch: 017, LossReg: 1332.3672, LossCLS: 799.0048,Acc: 0.630258, F1_Macro:0.439362, Time: 118.38 seconds.
2024-01-27 05:26:55,282 - root - INFO - Epoch: 018, LossReg: 1327.0181, LossCLS: 799.0847,Acc: 0.630827, F1_Macro:0.437209, Time: 118.67 seconds.
2024-01-27 05:28:55,424 - root - INFO - Epoch: 019, LossReg: 1309.8156, LossCLS: 793.2839,Acc: 0.631955, F1_Macro:0.441878, Time: 120.14 seconds.
2024-01-27 05:30:53,644 - root - INFO - Epoch: 020, LossReg: 1310.5809, LossCLS: 792.3266,Acc: 0.633709, F1_Macro:0.448177, Time: 118.22 seconds.
2024-01-27 05:32:52,589 - root - INFO - Epoch: 021, LossReg: 1311.9746, LossCLS: 793.3270,Acc: 0.633784, F1_Macro:0.448642, Time: 118.94 seconds.
2024-01-27 05:34:52,381 - root - INFO - Epoch: 022, LossReg: 1303.5276, LossCLS: 791.1446,Acc: 0.634614, F1_Macro:0.450363, Time: 119.79 seconds.
2024-01-27 05:36:51,275 - root - INFO - Epoch: 023, LossReg: 1303.6714, LossCLS: 791.8923,Acc: 0.633746, F1_Macro:0.453814, Time: 118.89 seconds.
2024-01-27 05:38:49,673 - root - INFO - Epoch: 024, LossReg: 1291.6759, LossCLS: 788.3926,Acc: 0.635304, F1_Macro:0.458634, Time: 118.40 seconds.
2024-01-27 05:40:48,081 - root - INFO - Epoch: 025, LossReg: 1296.0910, LossCLS: 789.9630,Acc: 0.636106, F1_Macro:0.461165, Time: 118.41 seconds.
2024-01-27 05:42:47,649 - root - INFO - Epoch: 026, LossReg: 1294.0783, LossCLS: 788.4689,Acc: 0.635695, F1_Macro:0.459100, Time: 119.57 seconds.
2024-01-27 05:44:45,614 - root - INFO - Epoch: 027, LossReg: 1292.3215, LossCLS: 789.7419,Acc: 0.635556, F1_Macro:0.463131, Time: 117.96 seconds.
2024-01-27 05:46:43,681 - root - INFO - Epoch: 028, LossReg: 1291.5918, LossCLS: 788.6482,Acc: 0.634520, F1_Macro:0.462688, Time: 118.07 seconds.
2024-01-27 05:48:42,382 - root - INFO - Epoch: 029, LossReg: 1273.9032, LossCLS: 783.7585,Acc: 0.637598, F1_Macro:0.468571, Time: 118.70 seconds.
2024-01-27 05:50:41,420 - root - INFO - Epoch: 030, LossReg: 1270.3219, LossCLS: 784.9746,Acc: 0.636805, F1_Macro:0.470590, Time: 119.04 seconds.
2024-01-27 05:52:39,526 - root - INFO - Epoch: 031, LossReg: 1283.0670, LossCLS: 787.5631,Acc: 0.635500, F1_Macro:0.465385, Time: 118.10 seconds.
2024-01-27 05:54:37,442 - root - INFO - Epoch: 032, LossReg: 1267.0155, LossCLS: 782.5951,Acc: 0.639314, F1_Macro:0.472934, Time: 117.92 seconds.
2024-01-27 05:56:35,440 - root - INFO - Epoch: 033, LossReg: 1275.5320, LossCLS: 785.2058,Acc: 0.637850, F1_Macro:0.470602, Time: 118.00 seconds.
2024-01-27 05:58:32,814 - root - INFO - Epoch: 034, LossReg: 1264.3891, LossCLS: 783.7576,Acc: 0.635751, F1_Macro:0.473012, Time: 117.37 seconds.
2024-01-27 06:00:30,368 - root - INFO - Epoch: 035, LossReg: 1264.3753, LossCLS: 784.5178,Acc: 0.637356, F1_Macro:0.476997, Time: 117.55 seconds.
2024-01-27 06:02:28,673 - root - INFO - Epoch: 036, LossReg: 1251.8659, LossCLS: 779.8280,Acc: 0.639911, F1_Macro:0.477110, Time: 118.30 seconds.
2024-01-27 06:04:27,291 - root - INFO - Epoch: 037, LossReg: 1253.1278, LossCLS: 781.0829,Acc: 0.638680, F1_Macro:0.477797, Time: 118.62 seconds.
2024-01-27 06:06:25,418 - root - INFO - Epoch: 038, LossReg: 1251.5133, LossCLS: 779.6659,Acc: 0.638932, F1_Macro:0.478537, Time: 118.13 seconds.
2024-01-27 06:08:23,606 - root - INFO - Epoch: 039, LossReg: 1249.7356, LossCLS: 778.5518,Acc: 0.640387, F1_Macro:0.484146, Time: 118.19 seconds.
2024-01-27 06:10:22,736 - root - INFO - Epoch: 040, LossReg: 1246.9162, LossCLS: 775.4664,Acc: 0.642010, F1_Macro:0.489729, Time: 119.13 seconds.
2024-01-27 06:12:20,410 - root - INFO - Epoch: 041, LossReg: 1242.3059, LossCLS: 777.4127,Acc: 0.639930, F1_Macro:0.481590, Time: 117.67 seconds.
2024-01-27 06:14:19,048 - root - INFO - Epoch: 042, LossReg: 1239.8242, LossCLS: 772.7830,Acc: 0.644957, F1_Macro:0.491972, Time: 118.64 seconds.
2024-01-27 06:16:17,931 - root - INFO - Epoch: 043, LossReg: 1231.1592, LossCLS: 775.7264,Acc: 0.640984, F1_Macro:0.486902, Time: 118.88 seconds.
2024-01-27 06:18:16,285 - root - INFO - Epoch: 044, LossReg: 1234.9774, LossCLS: 774.3660,Acc: 0.641292, F1_Macro:0.494118, Time: 118.35 seconds.
2024-01-27 06:20:14,834 - root - INFO - Epoch: 045, LossReg: 1232.2870, LossCLS: 774.0809,Acc: 0.642523, F1_Macro:0.490382, Time: 118.55 seconds.
2024-01-27 06:22:14,237 - root - INFO - Epoch: 046, LossReg: 1229.6192, LossCLS: 774.6114,Acc: 0.641562, F1_Macro:0.490464, Time: 119.40 seconds.
2024-01-27 06:24:11,938 - root - INFO - Epoch: 047, LossReg: 1232.1346, LossCLS: 771.9653,Acc: 0.644864, F1_Macro:0.496819, Time: 117.70 seconds.
2024-01-27 06:26:10,477 - root - INFO - Epoch: 048, LossReg: 1226.8052, LossCLS: 772.3801,Acc: 0.641422, F1_Macro:0.498499, Time: 118.54 seconds.
2024-01-27 06:28:07,931 - root - INFO - Epoch: 049, LossReg: 1225.5378, LossCLS: 772.4780,Acc: 0.642980, F1_Macro:0.495918, Time: 117.45 seconds.
2024-01-27 06:30:05,411 - root - INFO - Epoch: 050, LossReg: 1230.0135, LossCLS: 772.0206,Acc: 0.643465, F1_Macro:0.499074, Time: 117.47 seconds.
2024-01-27 06:32:04,477 - root - INFO - Epoch: 051, LossReg: 1227.4157, LossCLS: 770.9211,Acc: 0.642896, F1_Macro:0.500756, Time: 119.07 seconds.
2024-01-27 06:34:03,830 - root - INFO - Epoch: 052, LossReg: 1214.3054, LossCLS: 769.3168,Acc: 0.643166, F1_Macro:0.503283, Time: 119.35 seconds.
2024-01-27 06:36:02,040 - root - INFO - Epoch: 053, LossReg: 1218.0046, LossCLS: 770.2232,Acc: 0.643288, F1_Macro:0.502271, Time: 118.21 seconds.
2024-01-27 06:38:00,493 - root - INFO - Epoch: 054, LossReg: 1209.7842, LossCLS: 765.5995,Acc: 0.647028, F1_Macro:0.509986, Time: 118.45 seconds.
2024-01-27 06:39:59,264 - root - INFO - Epoch: 055, LossReg: 1210.9298, LossCLS: 769.3111,Acc: 0.644425, F1_Macro:0.503732, Time: 118.77 seconds.
2024-01-27 06:41:57,532 - root - INFO - Epoch: 056, LossReg: 1215.6579, LossCLS: 768.9483,Acc: 0.642448, F1_Macro:0.505329, Time: 118.27 seconds.
2024-01-27 06:43:56,404 - root - INFO - Epoch: 057, LossReg: 1208.7926, LossCLS: 767.4815,Acc: 0.645712, F1_Macro:0.510366, Time: 118.87 seconds.
2024-01-27 06:45:55,011 - root - INFO - Epoch: 058, LossReg: 1211.0433, LossCLS: 768.6488,Acc: 0.644230, F1_Macro:0.505492, Time: 118.61 seconds.
2024-01-27 06:47:53,525 - root - INFO - Epoch: 059, LossReg: 1205.8622, LossCLS: 765.9833,Acc: 0.646225, F1_Macro:0.510485, Time: 118.51 seconds.
2024-01-27 06:49:51,845 - root - INFO - Epoch: 060, LossReg: 1210.0792, LossCLS: 768.5273,Acc: 0.644901, F1_Macro:0.507536, Time: 118.32 seconds.
2024-01-27 06:51:50,376 - root - INFO - Epoch: 061, LossReg: 1213.1869, LossCLS: 768.1086,Acc: 0.643138, F1_Macro:0.506823, Time: 118.53 seconds.
2024-01-27 06:53:48,954 - root - INFO - Epoch: 062, LossReg: 1206.6851, LossCLS: 765.5323,Acc: 0.646869, F1_Macro:0.513887, Time: 118.58 seconds.
2024-01-27 06:55:47,445 - root - INFO - Epoch: 063, LossReg: 1205.3962, LossCLS: 766.2183,Acc: 0.644873, F1_Macro:0.511554, Time: 118.49 seconds.
2024-01-27 06:57:46,899 - root - INFO - Epoch: 064, LossReg: 1199.7693, LossCLS: 766.3817,Acc: 0.645899, F1_Macro:0.508455, Time: 119.45 seconds.
2024-01-27 06:59:45,061 - root - INFO - Epoch: 065, LossReg: 1199.9547, LossCLS: 764.5800,Acc: 0.644938, F1_Macro:0.511832, Time: 118.16 seconds.
2024-01-27 07:01:43,803 - root - INFO - Epoch: 066, LossReg: 1200.0551, LossCLS: 764.9415,Acc: 0.645433, F1_Macro:0.513853, Time: 118.74 seconds.
2024-01-27 07:03:43,031 - root - INFO - Epoch: 067, LossReg: 1204.7068, LossCLS: 767.7858,Acc: 0.643343, F1_Macro:0.514021, Time: 119.23 seconds.
2024-01-27 07:05:41,168 - root - INFO - Epoch: 068, LossReg: 1195.7744, LossCLS: 765.4336,Acc: 0.646142, F1_Macro:0.514450, Time: 118.14 seconds.
2024-01-27 07:07:39,881 - root - INFO - Epoch: 069, LossReg: 1191.9591, LossCLS: 761.1946,Acc: 0.647531, F1_Macro:0.515568, Time: 118.71 seconds.
2024-01-27 07:09:38,091 - root - INFO - Epoch: 070, LossReg: 1190.5731, LossCLS: 763.4561,Acc: 0.646244, F1_Macro:0.514915, Time: 118.21 seconds.
2024-01-27 07:11:36,905 - root - INFO - Epoch: 071, LossReg: 1189.4236, LossCLS: 761.3505,Acc: 0.645974, F1_Macro:0.514348, Time: 118.81 seconds.
2024-01-27 07:13:34,569 - root - INFO - Epoch: 072, LossReg: 1179.4773, LossCLS: 761.8242,Acc: 0.645395, F1_Macro:0.513290, Time: 117.66 seconds.
2024-01-27 07:15:31,665 - root - INFO - Epoch: 073, LossReg: 1197.4461, LossCLS: 762.4068,Acc: 0.647942, F1_Macro:0.520643, Time: 117.10 seconds.
2024-01-27 07:17:29,382 - root - INFO - Epoch: 074, LossReg: 1189.0693, LossCLS: 760.8774,Acc: 0.646888, F1_Macro:0.519414, Time: 117.72 seconds.
2024-01-27 07:19:27,832 - root - INFO - Epoch: 075, LossReg: 1178.2428, LossCLS: 759.8466,Acc: 0.647000, F1_Macro:0.519651, Time: 118.45 seconds.
2024-01-27 07:21:25,985 - root - INFO - Epoch: 076, LossReg: 1185.8138, LossCLS: 760.6272,Acc: 0.646710, F1_Macro:0.519882, Time: 118.15 seconds.
2024-01-27 07:23:24,727 - root - INFO - Epoch: 077, LossReg: 1184.4957, LossCLS: 760.6427,Acc: 0.646710, F1_Macro:0.522599, Time: 118.74 seconds.
2024-01-27 07:25:23,010 - root - INFO - Epoch: 078, LossReg: 1178.5620, LossCLS: 759.0175,Acc: 0.648044, F1_Macro:0.524629, Time: 118.28 seconds.
2024-01-27 07:27:21,410 - root - INFO - Epoch: 079, LossReg: 1177.7892, LossCLS: 759.1259,Acc: 0.648240, F1_Macro:0.521409, Time: 118.40 seconds.
2024-01-27 07:29:20,386 - root - INFO - Epoch: 080, LossReg: 1184.6061, LossCLS: 759.9206,Acc: 0.647569, F1_Macro:0.522269, Time: 118.97 seconds.
2024-01-27 07:31:19,468 - root - INFO - Epoch: 081, LossReg: 1179.3876, LossCLS: 757.9234,Acc: 0.647624, F1_Macro:0.520611, Time: 119.08 seconds.
2024-01-27 07:33:17,384 - root - INFO - Epoch: 082, LossReg: 1183.9971, LossCLS: 758.8017,Acc: 0.649425, F1_Macro:0.522616, Time: 117.92 seconds.
2024-01-27 07:35:15,154 - root - INFO - Epoch: 083, LossReg: 1183.7364, LossCLS: 756.2235,Acc: 0.650031, F1_Macro:0.525060, Time: 117.77 seconds.
2024-01-27 07:37:13,551 - root - INFO - Epoch: 084, LossReg: 1179.4917, LossCLS: 759.8278,Acc: 0.648016, F1_Macro:0.524884, Time: 118.40 seconds.
2024-01-27 07:37:13,552 - root - INFO - Early stopping
2024-01-27 14:57:26,470 - root - INFO - Task dblp.v13@HGT-32-4-4@0@10@0.001 begin...
