2024-01-27 16:04:37,283 - root - INFO - Task dblp.v13@HGT-128-2-1@0@10@0.001 begin...
2024-01-27 16:06:16,867 - root - INFO - 65978
2024-01-27 16:06:18,730 - root - INFO - get loaders done.
2024-01-27 16:06:18,890 - root - INFO - Using device: cuda
2024-01-27 16:07:21,256 - root - INFO - Epoch: 000, LossReg: 1110.2069, LossCLS: 805.4195,Acc: 0.662018, F1_Macro:0.300839, Time: 49.09 seconds.
2024-01-27 16:08:09,552 - root - INFO - Epoch: 001, LossReg: 1049.0229, LossCLS: 786.2405,Acc: 0.665701, F1_Macro:0.322781, Time: 48.29 seconds.
2024-01-27 16:08:57,190 - root - INFO - Epoch: 002, LossReg: 1045.4793, LossCLS: 785.2033,Acc: 0.666592, F1_Macro:0.324587, Time: 47.64 seconds.
2024-01-27 16:09:45,052 - root - INFO - Epoch: 003, LossReg: 1026.7560, LossCLS: 781.0823,Acc: 0.667458, F1_Macro:0.325778, Time: 47.86 seconds.
2024-01-27 16:10:11,433 - root - INFO - Epoch: 004, LossReg: 1025.3826, LossCLS: 779.0339,Acc: 0.666750, F1_Macro:0.323748, Time: 26.38 seconds.
2024-01-27 16:10:36,378 - root - INFO - Epoch: 005, LossReg: 1022.2290, LossCLS: 775.5423,Acc: 0.667772, F1_Macro:0.331114, Time: 24.94 seconds.
2024-01-27 16:11:01,738 - root - INFO - Epoch: 006, LossReg: 1008.1655, LossCLS: 773.9960,Acc: 0.667877, F1_Macro:0.335901, Time: 25.36 seconds.
2024-01-27 16:11:26,940 - root - INFO - Epoch: 007, LossReg: 1013.3968, LossCLS: 770.1764,Acc: 0.667825, F1_Macro:0.334666, Time: 25.20 seconds.
2024-01-27 16:11:51,795 - root - INFO - Epoch: 008, LossReg: 1007.4749, LossCLS: 771.2010,Acc: 0.667903, F1_Macro:0.337050, Time: 24.85 seconds.
2024-01-27 16:12:16,714 - root - INFO - Epoch: 009, LossReg: 990.8169, LossCLS: 766.4423,Acc: 0.669869, F1_Macro:0.339739, Time: 24.92 seconds.
2024-01-27 16:12:41,709 - root - INFO - Epoch: 010, LossReg: 989.0993, LossCLS: 764.1042,Acc: 0.670538, F1_Macro:0.343630, Time: 24.99 seconds.
2024-01-27 16:13:25,179 - root - INFO - Epoch: 011, LossReg: 986.7761, LossCLS: 764.2476,Acc: 0.668886, F1_Macro:0.342453, Time: 43.47 seconds.
2024-01-27 16:14:13,570 - root - INFO - Epoch: 012, LossReg: 986.5042, LossCLS: 763.2117,Acc: 0.670446, F1_Macro:0.352331, Time: 48.39 seconds.
2024-01-27 16:15:01,917 - root - INFO - Epoch: 013, LossReg: 977.9349, LossCLS: 761.8583,Acc: 0.669253, F1_Macro:0.352830, Time: 48.35 seconds.
2024-01-27 16:15:50,581 - root - INFO - Epoch: 014, LossReg: 977.4666, LossCLS: 760.0940,Acc: 0.669411, F1_Macro:0.352951, Time: 48.66 seconds.
2024-01-27 16:16:38,934 - root - INFO - Epoch: 015, LossReg: 968.0916, LossCLS: 757.7998,Acc: 0.670145, F1_Macro:0.354485, Time: 48.35 seconds.
2024-01-27 16:17:27,156 - root - INFO - Epoch: 016, LossReg: 977.4831, LossCLS: 759.3923,Acc: 0.670853, F1_Macro:0.356951, Time: 48.22 seconds.
2024-01-27 16:18:15,606 - root - INFO - Epoch: 017, LossReg: 972.9243, LossCLS: 757.7112,Acc: 0.669647, F1_Macro:0.356566, Time: 48.45 seconds.
2024-01-27 16:19:03,763 - root - INFO - Epoch: 018, LossReg: 967.4968, LossCLS: 756.3129,Acc: 0.670276, F1_Macro:0.356940, Time: 48.16 seconds.
2024-01-27 16:19:51,687 - root - INFO - Epoch: 019, LossReg: 961.6195, LossCLS: 754.3697,Acc: 0.671377, F1_Macro:0.364971, Time: 47.92 seconds.
2024-01-27 16:20:39,968 - root - INFO - Epoch: 020, LossReg: 954.7073, LossCLS: 753.0430,Acc: 0.672478, F1_Macro:0.366172, Time: 48.28 seconds.
2024-01-27 16:21:28,241 - root - INFO - Epoch: 021, LossReg: 956.5110, LossCLS: 752.5332,Acc: 0.670918, F1_Macro:0.365154, Time: 48.27 seconds.
2024-01-27 16:22:16,400 - root - INFO - Epoch: 022, LossReg: 953.4716, LossCLS: 751.8516,Acc: 0.671927, F1_Macro:0.371786, Time: 48.16 seconds.
2024-01-27 16:23:04,504 - root - INFO - Epoch: 023, LossReg: 950.1427, LossCLS: 750.8866,Acc: 0.673238, F1_Macro:0.373838, Time: 48.10 seconds.
2024-01-27 16:23:53,077 - root - INFO - Epoch: 024, LossReg: 950.0198, LossCLS: 749.0721,Acc: 0.672924, F1_Macro:0.378032, Time: 48.57 seconds.
2024-01-27 16:24:41,237 - root - INFO - Epoch: 025, LossReg: 938.6388, LossCLS: 746.7006,Acc: 0.674693, F1_Macro:0.377299, Time: 48.16 seconds.
2024-01-27 16:25:30,561 - root - INFO - Epoch: 026, LossReg: 943.6236, LossCLS: 747.0946,Acc: 0.673933, F1_Macro:0.376128, Time: 49.32 seconds.
2024-01-27 16:26:19,479 - root - INFO - Epoch: 027, LossReg: 944.6959, LossCLS: 745.5231,Acc: 0.673815, F1_Macro:0.381175, Time: 48.92 seconds.
2024-01-27 16:27:07,825 - root - INFO - Epoch: 028, LossReg: 935.9632, LossCLS: 744.7809,Acc: 0.673854, F1_Macro:0.386555, Time: 48.35 seconds.
2024-01-27 16:27:56,394 - root - INFO - Epoch: 029, LossReg: 938.5300, LossCLS: 743.2098,Acc: 0.674890, F1_Macro:0.389351, Time: 48.57 seconds.
2024-01-27 16:28:44,601 - root - INFO - Epoch: 030, LossReg: 935.0975, LossCLS: 743.3692,Acc: 0.674536, F1_Macro:0.389223, Time: 48.21 seconds.
2024-01-27 16:29:33,294 - root - INFO - Epoch: 031, LossReg: 937.2174, LossCLS: 742.5598,Acc: 0.674182, F1_Macro:0.392743, Time: 48.69 seconds.
2024-01-27 16:30:21,831 - root - INFO - Epoch: 032, LossReg: 935.1340, LossCLS: 743.7044,Acc: 0.674510, F1_Macro:0.396657, Time: 48.54 seconds.
2024-01-27 16:31:10,034 - root - INFO - Epoch: 033, LossReg: 927.8804, LossCLS: 740.7698,Acc: 0.673173, F1_Macro:0.395379, Time: 48.20 seconds.
2024-01-27 16:31:58,203 - root - INFO - Epoch: 034, LossReg: 929.4071, LossCLS: 739.9380,Acc: 0.674379, F1_Macro:0.394746, Time: 48.17 seconds.
2024-01-27 16:32:47,039 - root - INFO - Epoch: 035, LossReg: 932.1819, LossCLS: 739.8895,Acc: 0.676384, F1_Macro:0.400179, Time: 48.84 seconds.
2024-01-27 16:33:35,109 - root - INFO - Epoch: 036, LossReg: 925.7309, LossCLS: 736.7247,Acc: 0.675598, F1_Macro:0.401053, Time: 48.07 seconds.
2024-01-27 16:34:23,194 - root - INFO - Epoch: 037, LossReg: 924.2946, LossCLS: 737.8528,Acc: 0.676214, F1_Macro:0.402949, Time: 48.08 seconds.
2024-01-27 16:35:11,761 - root - INFO - Epoch: 038, LossReg: 924.6610, LossCLS: 738.0307,Acc: 0.674772, F1_Macro:0.401440, Time: 48.57 seconds.
2024-01-27 16:36:00,438 - root - INFO - Epoch: 039, LossReg: 920.0335, LossCLS: 736.0729,Acc: 0.675991, F1_Macro:0.408277, Time: 48.68 seconds.
2024-01-27 16:36:48,795 - root - INFO - Epoch: 040, LossReg: 923.6403, LossCLS: 736.1751,Acc: 0.675611, F1_Macro:0.402747, Time: 48.36 seconds.
2024-01-27 16:37:37,606 - root - INFO - Epoch: 041, LossReg: 918.7504, LossCLS: 735.2655,Acc: 0.676306, F1_Macro:0.408515, Time: 48.81 seconds.
2024-01-27 16:38:25,970 - root - INFO - Epoch: 042, LossReg: 925.7450, LossCLS: 735.9788,Acc: 0.674837, F1_Macro:0.410780, Time: 48.36 seconds.
2024-01-27 16:39:14,876 - root - INFO - Epoch: 043, LossReg: 914.8129, LossCLS: 734.7894,Acc: 0.676201, F1_Macro:0.407683, Time: 48.91 seconds.
2024-01-27 16:40:02,888 - root - INFO - Epoch: 044, LossReg: 919.9841, LossCLS: 733.6497,Acc: 0.676424, F1_Macro:0.416987, Time: 48.01 seconds.
2024-01-27 16:40:51,390 - root - INFO - Epoch: 045, LossReg: 918.7275, LossCLS: 733.7705,Acc: 0.675834, F1_Macro:0.414266, Time: 48.50 seconds.
2024-01-27 16:41:39,928 - root - INFO - Epoch: 046, LossReg: 908.1975, LossCLS: 730.7086,Acc: 0.676463, F1_Macro:0.417076, Time: 48.54 seconds.
2024-01-27 16:42:28,207 - root - INFO - Epoch: 047, LossReg: 900.5902, LossCLS: 729.3779,Acc: 0.678049, F1_Macro:0.417444, Time: 48.28 seconds.
2024-01-27 16:43:16,421 - root - INFO - Epoch: 048, LossReg: 908.5615, LossCLS: 730.7343,Acc: 0.677380, F1_Macro:0.423741, Time: 48.21 seconds.
2024-01-27 16:44:04,764 - root - INFO - Epoch: 049, LossReg: 907.3818, LossCLS: 730.4301,Acc: 0.677485, F1_Macro:0.420879, Time: 48.34 seconds.
2024-01-27 16:44:53,201 - root - INFO - Epoch: 050, LossReg: 903.4431, LossCLS: 729.0760,Acc: 0.677380, F1_Macro:0.420044, Time: 48.44 seconds.
2024-01-27 16:45:41,495 - root - INFO - Epoch: 051, LossReg: 909.9639, LossCLS: 730.8411,Acc: 0.677551, F1_Macro:0.420623, Time: 48.29 seconds.
2024-01-27 16:46:30,324 - root - INFO - Epoch: 052, LossReg: 902.0006, LossCLS: 728.7917,Acc: 0.677013, F1_Macro:0.424073, Time: 48.83 seconds.
2024-01-27 16:46:30,324 - root - INFO - Early stopping
