2024-01-27 08:31:34,435 - root - INFO - Task dblp.v13@HGT-32-8-2@0@10@0.001 begin...
2024-01-27 08:33:12,624 - root - INFO - 65978
2024-01-27 08:33:13,152 - root - INFO - get loaders done.
2024-01-27 08:33:13,183 - root - INFO - Using device: cuda
2024-01-27 08:34:58,668 - root - INFO - Epoch: 000, LossReg: 1613.3867, LossCLS: 848.7324,Acc: 0.629010, F1_Macro:0.293270, Time: 100.65 seconds.
2024-01-27 08:36:38,891 - root - INFO - Epoch: 001, LossReg: 1226.8497, LossCLS: 828.8166,Acc: 0.638502, F1_Macro:0.321390, Time: 100.22 seconds.
2024-01-27 08:38:19,712 - root - INFO - Epoch: 002, LossReg: 1216.7639, LossCLS: 818.8602,Acc: 0.642093, F1_Macro:0.335857, Time: 100.82 seconds.
2024-01-27 08:40:00,653 - root - INFO - Epoch: 003, LossReg: 1213.5635, LossCLS: 810.8981,Acc: 0.641493, F1_Macro:0.343859, Time: 100.94 seconds.
2024-01-27 08:41:41,541 - root - INFO - Epoch: 004, LossReg: 1213.5222, LossCLS: 809.0652,Acc: 0.643248, F1_Macro:0.347272, Time: 100.89 seconds.
2024-01-27 08:43:22,080 - root - INFO - Epoch: 005, LossReg: 1199.0791, LossCLS: 804.4089,Acc: 0.643987, F1_Macro:0.352901, Time: 100.54 seconds.
2024-01-27 08:45:02,973 - root - INFO - Epoch: 006, LossReg: 1191.6864, LossCLS: 802.5029,Acc: 0.645465, F1_Macro:0.355564, Time: 100.89 seconds.
2024-01-27 08:46:43,618 - root - INFO - Epoch: 007, LossReg: 1174.8643, LossCLS: 796.9891,Acc: 0.646920, F1_Macro:0.359084, Time: 100.65 seconds.
2024-01-27 08:48:25,146 - root - INFO - Epoch: 008, LossReg: 1188.0752, LossCLS: 800.0388,Acc: 0.646354, F1_Macro:0.358572, Time: 101.53 seconds.
2024-01-27 08:50:05,397 - root - INFO - Epoch: 009, LossReg: 1182.1045, LossCLS: 796.9560,Acc: 0.646551, F1_Macro:0.362797, Time: 100.25 seconds.
2024-01-27 08:51:45,931 - root - INFO - Epoch: 010, LossReg: 1167.2710, LossCLS: 795.0540,Acc: 0.647348, F1_Macro:0.357892, Time: 100.53 seconds.
2024-01-27 08:53:26,221 - root - INFO - Epoch: 011, LossReg: 1173.6678, LossCLS: 795.8406,Acc: 0.647013, F1_Macro:0.363206, Time: 100.29 seconds.
2024-01-27 08:55:06,892 - root - INFO - Epoch: 012, LossReg: 1164.2003, LossCLS: 789.9819,Acc: 0.649876, F1_Macro:0.368132, Time: 100.67 seconds.
2024-01-27 08:56:47,463 - root - INFO - Epoch: 013, LossReg: 1167.6202, LossCLS: 791.9311,Acc: 0.647983, F1_Macro:0.369781, Time: 100.57 seconds.
2024-01-27 08:58:28,305 - root - INFO - Epoch: 014, LossReg: 1168.3151, LossCLS: 792.2658,Acc: 0.648017, F1_Macro:0.369512, Time: 100.84 seconds.
2024-01-27 09:00:08,487 - root - INFO - Epoch: 015, LossReg: 1164.0004, LossCLS: 792.2539,Acc: 0.649057, F1_Macro:0.370942, Time: 100.18 seconds.
2024-01-27 09:01:49,533 - root - INFO - Epoch: 016, LossReg: 1169.7201, LossCLS: 792.2096,Acc: 0.648860, F1_Macro:0.373929, Time: 101.04 seconds.
2024-01-27 09:03:29,908 - root - INFO - Epoch: 017, LossReg: 1148.1444, LossCLS: 788.2162,Acc: 0.650870, F1_Macro:0.375416, Time: 100.37 seconds.
2024-01-27 09:05:11,042 - root - INFO - Epoch: 018, LossReg: 1151.9850, LossCLS: 789.6239,Acc: 0.648225, F1_Macro:0.369668, Time: 101.13 seconds.
2024-01-27 09:06:52,274 - root - INFO - Epoch: 019, LossReg: 1146.4007, LossCLS: 786.5026,Acc: 0.651066, F1_Macro:0.372300, Time: 101.23 seconds.
2024-01-27 09:08:32,683 - root - INFO - Epoch: 020, LossReg: 1160.7963, LossCLS: 789.7980,Acc: 0.648029, F1_Macro:0.377801, Time: 100.41 seconds.
2024-01-27 09:10:12,627 - root - INFO - Epoch: 021, LossReg: 1147.2865, LossCLS: 786.1153,Acc: 0.649588, F1_Macro:0.378034, Time: 99.94 seconds.
2024-01-27 09:11:53,281 - root - INFO - Epoch: 022, LossReg: 1151.1249, LossCLS: 787.4343,Acc: 0.649853, F1_Macro:0.378610, Time: 100.65 seconds.
2024-01-27 09:13:36,796 - root - INFO - Epoch: 023, LossReg: 1147.0272, LossCLS: 784.7632,Acc: 0.650258, F1_Macro:0.379516, Time: 103.52 seconds.
2024-01-27 09:15:17,564 - root - INFO - Epoch: 024, LossReg: 1152.4622, LossCLS: 787.3406,Acc: 0.648329, F1_Macro:0.379525, Time: 100.77 seconds.
2024-01-27 09:16:58,335 - root - INFO - Epoch: 025, LossReg: 1141.5446, LossCLS: 783.7972,Acc: 0.651597, F1_Macro:0.381001, Time: 100.77 seconds.
2024-01-27 09:18:38,978 - root - INFO - Epoch: 026, LossReg: 1144.1390, LossCLS: 784.4720,Acc: 0.651100, F1_Macro:0.385283, Time: 100.64 seconds.
2024-01-27 09:20:19,373 - root - INFO - Epoch: 027, LossReg: 1138.1264, LossCLS: 781.5607,Acc: 0.652105, F1_Macro:0.387269, Time: 100.39 seconds.
2024-01-27 09:22:00,299 - root - INFO - Epoch: 028, LossReg: 1140.7213, LossCLS: 781.8794,Acc: 0.650015, F1_Macro:0.383856, Time: 100.93 seconds.
2024-01-27 09:23:40,219 - root - INFO - Epoch: 029, LossReg: 1131.5663, LossCLS: 780.9980,Acc: 0.651482, F1_Macro:0.384170, Time: 99.92 seconds.
2024-01-27 09:25:20,674 - root - INFO - Epoch: 030, LossReg: 1132.7648, LossCLS: 781.6850,Acc: 0.651355, F1_Macro:0.386998, Time: 100.45 seconds.
2024-01-27 09:27:00,670 - root - INFO - Epoch: 031, LossReg: 1136.7307, LossCLS: 782.4522,Acc: 0.652752, F1_Macro:0.392596, Time: 99.99 seconds.
2024-01-27 09:28:41,128 - root - INFO - Epoch: 032, LossReg: 1140.8318, LossCLS: 782.6053,Acc: 0.649380, F1_Macro:0.388587, Time: 100.46 seconds.
2024-01-27 09:30:21,834 - root - INFO - Epoch: 033, LossReg: 1128.6877, LossCLS: 780.6902,Acc: 0.652544, F1_Macro:0.392379, Time: 100.71 seconds.
2024-01-27 09:32:02,575 - root - INFO - Epoch: 034, LossReg: 1127.4283, LossCLS: 780.6415,Acc: 0.653964, F1_Macro:0.393089, Time: 100.74 seconds.
2024-01-27 09:33:43,098 - root - INFO - Epoch: 035, LossReg: 1130.2706, LossCLS: 779.6509,Acc: 0.651886, F1_Macro:0.393421, Time: 100.52 seconds.
2024-01-27 09:35:24,175 - root - INFO - Epoch: 036, LossReg: 1138.5385, LossCLS: 781.1543,Acc: 0.651516, F1_Macro:0.397449, Time: 101.08 seconds.
2024-01-27 09:37:04,265 - root - INFO - Epoch: 037, LossReg: 1125.2315, LossCLS: 779.5066,Acc: 0.650719, F1_Macro:0.395562, Time: 100.09 seconds.
2024-01-27 09:38:46,040 - root - INFO - Epoch: 038, LossReg: 1127.8863, LossCLS: 779.0172,Acc: 0.652174, F1_Macro:0.396190, Time: 101.77 seconds.
2024-01-27 09:40:26,319 - root - INFO - Epoch: 039, LossReg: 1129.0012, LossCLS: 778.2494,Acc: 0.651828, F1_Macro:0.396571, Time: 100.28 seconds.
2024-01-27 09:42:06,194 - root - INFO - Epoch: 040, LossReg: 1125.7856, LossCLS: 778.5148,Acc: 0.651228, F1_Macro:0.393276, Time: 99.87 seconds.
2024-01-27 09:43:46,849 - root - INFO - Epoch: 041, LossReg: 1126.0008, LossCLS: 777.7433,Acc: 0.652498, F1_Macro:0.396755, Time: 100.65 seconds.
2024-01-27 09:45:26,713 - root - INFO - Epoch: 042, LossReg: 1112.4214, LossCLS: 776.9460,Acc: 0.652255, F1_Macro:0.400889, Time: 99.86 seconds.
2024-01-27 09:47:07,515 - root - INFO - Epoch: 043, LossReg: 1116.9970, LossCLS: 776.5706,Acc: 0.652452, F1_Macro:0.398764, Time: 100.80 seconds.
2024-01-27 09:48:47,107 - root - INFO - Epoch: 044, LossReg: 1115.9178, LossCLS: 777.0904,Acc: 0.651262, F1_Macro:0.401317, Time: 99.59 seconds.
2024-01-27 09:50:27,784 - root - INFO - Epoch: 045, LossReg: 1124.3239, LossCLS: 778.3790,Acc: 0.652232, F1_Macro:0.400760, Time: 100.68 seconds.
2024-01-27 09:52:08,023 - root - INFO - Epoch: 046, LossReg: 1112.6965, LossCLS: 775.1156,Acc: 0.651493, F1_Macro:0.401695, Time: 100.23 seconds.
2024-01-27 09:53:48,054 - root - INFO - Epoch: 047, LossReg: 1118.0700, LossCLS: 776.9756,Acc: 0.652486, F1_Macro:0.404531, Time: 100.03 seconds.
2024-01-27 09:55:29,378 - root - INFO - Epoch: 048, LossReg: 1108.9812, LossCLS: 776.0022,Acc: 0.652833, F1_Macro:0.403637, Time: 101.32 seconds.
2024-01-27 09:57:09,276 - root - INFO - Epoch: 049, LossReg: 1118.3443, LossCLS: 777.3577,Acc: 0.653191, F1_Macro:0.405690, Time: 99.90 seconds.
2024-01-27 09:58:49,738 - root - INFO - Epoch: 050, LossReg: 1109.9317, LossCLS: 773.9424,Acc: 0.653999, F1_Macro:0.408759, Time: 100.46 seconds.
2024-01-27 10:00:30,660 - root - INFO - Epoch: 051, LossReg: 1111.3099, LossCLS: 774.9888,Acc: 0.654057, F1_Macro:0.410941, Time: 100.92 seconds.
2024-01-27 10:02:11,619 - root - INFO - Epoch: 052, LossReg: 1109.3326, LossCLS: 774.8635,Acc: 0.652810, F1_Macro:0.409114, Time: 100.96 seconds.
2024-01-27 10:03:51,346 - root - INFO - Epoch: 053, LossReg: 1124.7426, LossCLS: 775.3544,Acc: 0.652070, F1_Macro:0.405743, Time: 99.73 seconds.
2024-01-27 10:05:31,070 - root - INFO - Epoch: 054, LossReg: 1110.3357, LossCLS: 775.5978,Acc: 0.652186, F1_Macro:0.405541, Time: 99.72 seconds.
2024-01-27 10:07:11,382 - root - INFO - Epoch: 055, LossReg: 1106.6407, LossCLS: 773.6177,Acc: 0.652740, F1_Macro:0.405597, Time: 100.31 seconds.
2024-01-27 10:08:51,780 - root - INFO - Epoch: 056, LossReg: 1122.3728, LossCLS: 775.0832,Acc: 0.652359, F1_Macro:0.406629, Time: 100.40 seconds.
2024-01-27 10:10:32,667 - root - INFO - Epoch: 057, LossReg: 1104.6467, LossCLS: 775.1108,Acc: 0.653849, F1_Macro:0.412098, Time: 100.89 seconds.
2024-01-27 10:12:13,245 - root - INFO - Epoch: 058, LossReg: 1108.9846, LossCLS: 774.6722,Acc: 0.654253, F1_Macro:0.409249, Time: 100.58 seconds.
2024-01-27 10:13:54,181 - root - INFO - Epoch: 059, LossReg: 1109.0476, LossCLS: 772.0659,Acc: 0.653398, F1_Macro:0.412012, Time: 100.94 seconds.
2024-01-27 10:15:34,824 - root - INFO - Epoch: 060, LossReg: 1107.2200, LossCLS: 771.9677,Acc: 0.654461, F1_Macro:0.415939, Time: 100.64 seconds.
2024-01-27 10:17:16,276 - root - INFO - Epoch: 061, LossReg: 1101.8735, LossCLS: 772.0499,Acc: 0.653329, F1_Macro:0.412897, Time: 101.45 seconds.
2024-01-27 10:18:56,937 - root - INFO - Epoch: 062, LossReg: 1109.0288, LossCLS: 773.7433,Acc: 0.653664, F1_Macro:0.410320, Time: 100.66 seconds.
2024-01-27 10:20:37,704 - root - INFO - Epoch: 063, LossReg: 1107.6452, LossCLS: 773.3557,Acc: 0.652382, F1_Macro:0.414804, Time: 100.76 seconds.
2024-01-27 10:22:19,121 - root - INFO - Epoch: 064, LossReg: 1103.9983, LossCLS: 773.1169,Acc: 0.653883, F1_Macro:0.415964, Time: 101.42 seconds.
2024-01-27 10:23:59,493 - root - INFO - Epoch: 065, LossReg: 1100.1175, LossCLS: 771.5614,Acc: 0.653953, F1_Macro:0.417380, Time: 100.37 seconds.
2024-01-27 10:25:39,533 - root - INFO - Epoch: 066, LossReg: 1101.0846, LossCLS: 771.4195,Acc: 0.653918, F1_Macro:0.417713, Time: 100.04 seconds.
2024-01-27 10:27:21,037 - root - INFO - Epoch: 067, LossReg: 1108.4575, LossCLS: 773.9770,Acc: 0.654218, F1_Macro:0.415675, Time: 101.50 seconds.
2024-01-27 10:29:01,689 - root - INFO - Epoch: 068, LossReg: 1098.3213, LossCLS: 771.3773,Acc: 0.654646, F1_Macro:0.416859, Time: 100.65 seconds.
2024-01-27 10:30:42,486 - root - INFO - Epoch: 069, LossReg: 1106.3413, LossCLS: 773.2746,Acc: 0.653387, F1_Macro:0.416630, Time: 100.80 seconds.
2024-01-27 10:32:24,960 - root - INFO - Epoch: 070, LossReg: 1105.7488, LossCLS: 773.8713,Acc: 0.653595, F1_Macro:0.418082, Time: 102.47 seconds.
2024-01-27 10:34:05,343 - root - INFO - Epoch: 071, LossReg: 1100.1085, LossCLS: 771.7784,Acc: 0.655881, F1_Macro:0.419988, Time: 100.38 seconds.
2024-01-27 10:35:45,872 - root - INFO - Epoch: 072, LossReg: 1095.9539, LossCLS: 770.5534,Acc: 0.655812, F1_Macro:0.417771, Time: 100.53 seconds.
2024-01-27 10:37:26,828 - root - INFO - Epoch: 073, LossReg: 1098.0442, LossCLS: 769.9886,Acc: 0.654796, F1_Macro:0.418866, Time: 100.95 seconds.
2024-01-27 10:39:07,359 - root - INFO - Epoch: 074, LossReg: 1101.7251, LossCLS: 773.3490,Acc: 0.655235, F1_Macro:0.415850, Time: 100.53 seconds.
2024-01-27 10:40:48,981 - root - INFO - Epoch: 075, LossReg: 1095.6191, LossCLS: 770.4554,Acc: 0.656285, F1_Macro:0.416345, Time: 101.62 seconds.
2024-01-27 10:42:30,276 - root - INFO - Epoch: 076, LossReg: 1103.3930, LossCLS: 769.5251,Acc: 0.655512, F1_Macro:0.423476, Time: 101.29 seconds.
2024-01-27 10:44:10,916 - root - INFO - Epoch: 077, LossReg: 1095.1142, LossCLS: 769.2194,Acc: 0.656297, F1_Macro:0.424021, Time: 100.64 seconds.
2024-01-27 10:45:50,973 - root - INFO - Epoch: 078, LossReg: 1099.5309, LossCLS: 769.7988,Acc: 0.652775, F1_Macro:0.422245, Time: 100.06 seconds.
2024-01-27 10:47:31,818 - root - INFO - Epoch: 079, LossReg: 1095.9787, LossCLS: 769.6317,Acc: 0.655465, F1_Macro:0.421757, Time: 100.84 seconds.
2024-01-27 10:49:12,966 - root - INFO - Epoch: 080, LossReg: 1095.8952, LossCLS: 768.9626,Acc: 0.656158, F1_Macro:0.425605, Time: 101.15 seconds.
2024-01-27 10:50:54,075 - root - INFO - Epoch: 081, LossReg: 1100.1350, LossCLS: 771.6233,Acc: 0.654126, F1_Macro:0.419601, Time: 101.11 seconds.
2024-01-27 10:52:35,625 - root - INFO - Epoch: 082, LossReg: 1096.3709, LossCLS: 769.3299,Acc: 0.655997, F1_Macro:0.424447, Time: 101.55 seconds.
2024-01-27 10:52:35,626 - root - INFO - Early stopping
