2024-01-27 16:46:38,313 - root - INFO - Task dblp.v13@HGT-128-2-2@0@10@0.001 begin...
2024-01-27 16:48:15,695 - root - INFO - 65978
2024-01-27 16:48:17,127 - root - INFO - get loaders done.
2024-01-27 16:48:17,171 - root - INFO - Using device: cuda
2024-01-27 16:49:39,307 - root - INFO - Epoch: 000, LossReg: 1692.6527, LossCLS: 841.0824,Acc: 0.631966, F1_Macro:0.307992, Time: 77.26 seconds.
2024-01-27 16:50:56,705 - root - INFO - Epoch: 001, LossReg: 1220.8106, LossCLS: 815.9677,Acc: 0.639206, F1_Macro:0.338281, Time: 77.40 seconds.
2024-01-27 16:52:13,579 - root - INFO - Epoch: 002, LossReg: 1223.2959, LossCLS: 810.5268,Acc: 0.640985, F1_Macro:0.341451, Time: 76.87 seconds.
2024-01-27 16:53:30,076 - root - INFO - Epoch: 003, LossReg: 1208.3076, LossCLS: 805.9538,Acc: 0.643086, F1_Macro:0.346216, Time: 76.50 seconds.
2024-01-27 16:54:46,535 - root - INFO - Epoch: 004, LossReg: 1201.7360, LossCLS: 802.1243,Acc: 0.642740, F1_Macro:0.350904, Time: 76.46 seconds.
2024-01-27 16:56:03,363 - root - INFO - Epoch: 005, LossReg: 1196.7732, LossCLS: 802.0784,Acc: 0.643306, F1_Macro:0.350931, Time: 76.83 seconds.
2024-01-27 16:57:19,656 - root - INFO - Epoch: 006, LossReg: 1198.1478, LossCLS: 799.7828,Acc: 0.643340, F1_Macro:0.351098, Time: 76.29 seconds.
2024-01-27 16:58:37,170 - root - INFO - Epoch: 007, LossReg: 1178.2870, LossCLS: 796.2481,Acc: 0.644253, F1_Macro:0.359249, Time: 77.51 seconds.
2024-01-27 16:59:53,763 - root - INFO - Epoch: 008, LossReg: 1184.7227, LossCLS: 795.8907,Acc: 0.645858, F1_Macro:0.362070, Time: 76.59 seconds.
2024-01-27 17:01:11,130 - root - INFO - Epoch: 009, LossReg: 1172.3833, LossCLS: 792.0027,Acc: 0.647128, F1_Macro:0.365911, Time: 77.37 seconds.
2024-01-27 17:02:28,277 - root - INFO - Epoch: 010, LossReg: 1180.4689, LossCLS: 793.1701,Acc: 0.645384, F1_Macro:0.362001, Time: 77.15 seconds.
2024-01-27 17:03:45,575 - root - INFO - Epoch: 011, LossReg: 1160.1743, LossCLS: 791.0655,Acc: 0.644934, F1_Macro:0.363430, Time: 77.30 seconds.
2024-01-27 17:05:02,631 - root - INFO - Epoch: 012, LossReg: 1166.9242, LossCLS: 790.5807,Acc: 0.647024, F1_Macro:0.370033, Time: 77.06 seconds.
2024-01-27 17:06:19,743 - root - INFO - Epoch: 013, LossReg: 1151.8086, LossCLS: 788.4545,Acc: 0.646897, F1_Macro:0.369185, Time: 77.11 seconds.
2024-01-27 17:07:36,443 - root - INFO - Epoch: 014, LossReg: 1153.6399, LossCLS: 788.2123,Acc: 0.646932, F1_Macro:0.372305, Time: 76.70 seconds.
2024-01-27 17:08:53,936 - root - INFO - Epoch: 015, LossReg: 1157.5144, LossCLS: 787.6162,Acc: 0.646250, F1_Macro:0.374700, Time: 77.49 seconds.
2024-01-27 17:10:11,894 - root - INFO - Epoch: 016, LossReg: 1148.1880, LossCLS: 784.2316,Acc: 0.648248, F1_Macro:0.376079, Time: 77.96 seconds.
2024-01-27 17:11:28,472 - root - INFO - Epoch: 017, LossReg: 1145.7401, LossCLS: 784.4379,Acc: 0.648491, F1_Macro:0.379737, Time: 76.58 seconds.
2024-01-27 17:12:45,155 - root - INFO - Epoch: 018, LossReg: 1139.1948, LossCLS: 781.6430,Acc: 0.649218, F1_Macro:0.380655, Time: 76.68 seconds.
2024-01-27 17:14:02,266 - root - INFO - Epoch: 019, LossReg: 1136.1560, LossCLS: 781.1360,Acc: 0.648768, F1_Macro:0.385003, Time: 77.11 seconds.
2024-01-27 17:15:19,106 - root - INFO - Epoch: 020, LossReg: 1125.1781, LossCLS: 779.1617,Acc: 0.649853, F1_Macro:0.390140, Time: 76.84 seconds.
2024-01-27 17:16:36,013 - root - INFO - Epoch: 021, LossReg: 1130.6562, LossCLS: 777.5245,Acc: 0.651378, F1_Macro:0.395181, Time: 76.91 seconds.
2024-01-27 17:17:52,917 - root - INFO - Epoch: 022, LossReg: 1127.4065, LossCLS: 777.5394,Acc: 0.648964, F1_Macro:0.397854, Time: 76.90 seconds.
2024-01-27 17:19:10,147 - root - INFO - Epoch: 023, LossReg: 1119.2709, LossCLS: 776.7039,Acc: 0.650281, F1_Macro:0.395567, Time: 77.23 seconds.
2024-01-27 17:20:25,787 - root - INFO - Epoch: 024, LossReg: 1124.7967, LossCLS: 776.8134,Acc: 0.652186, F1_Macro:0.399455, Time: 75.64 seconds.
2024-01-27 17:21:42,363 - root - INFO - Epoch: 025, LossReg: 1123.0355, LossCLS: 776.7303,Acc: 0.649565, F1_Macro:0.401660, Time: 76.58 seconds.
2024-01-27 17:22:38,410 - root - INFO - Epoch: 026, LossReg: 1112.8727, LossCLS: 775.5513,Acc: 0.650142, F1_Macro:0.403459, Time: 56.05 seconds.
2024-01-27 17:23:22,567 - root - INFO - Epoch: 027, LossReg: 1112.8253, LossCLS: 773.8538,Acc: 0.650292, F1_Macro:0.404164, Time: 44.16 seconds.
2024-01-27 17:24:12,690 - root - INFO - Epoch: 028, LossReg: 1112.3719, LossCLS: 773.1705,Acc: 0.651147, F1_Macro:0.407089, Time: 50.12 seconds.
2024-01-27 17:25:29,488 - root - INFO - Epoch: 029, LossReg: 1100.5555, LossCLS: 770.3986,Acc: 0.651216, F1_Macro:0.408679, Time: 76.80 seconds.
2024-01-27 17:26:46,493 - root - INFO - Epoch: 030, LossReg: 1107.3377, LossCLS: 771.6119,Acc: 0.652174, F1_Macro:0.411701, Time: 77.00 seconds.
2024-01-27 17:28:02,922 - root - INFO - Epoch: 031, LossReg: 1098.8903, LossCLS: 769.4910,Acc: 0.653237, F1_Macro:0.413871, Time: 76.43 seconds.
2024-01-27 17:29:19,426 - root - INFO - Epoch: 032, LossReg: 1095.7537, LossCLS: 768.4416,Acc: 0.652786, F1_Macro:0.419069, Time: 76.50 seconds.
2024-01-27 17:30:35,990 - root - INFO - Epoch: 033, LossReg: 1100.8784, LossCLS: 766.5166,Acc: 0.652405, F1_Macro:0.418190, Time: 76.56 seconds.
2024-01-27 17:31:53,129 - root - INFO - Epoch: 034, LossReg: 1094.7117, LossCLS: 766.5467,Acc: 0.653133, F1_Macro:0.420779, Time: 77.14 seconds.
2024-01-27 17:33:09,818 - root - INFO - Epoch: 035, LossReg: 1088.4520, LossCLS: 764.1260,Acc: 0.654911, F1_Macro:0.424912, Time: 76.69 seconds.
2024-01-27 17:34:26,942 - root - INFO - Epoch: 036, LossReg: 1092.1453, LossCLS: 765.8477,Acc: 0.652706, F1_Macro:0.422996, Time: 77.12 seconds.
2024-01-27 17:35:42,853 - root - INFO - Epoch: 037, LossReg: 1079.7910, LossCLS: 762.4991,Acc: 0.655165, F1_Macro:0.427594, Time: 75.91 seconds.
2024-01-27 17:36:59,517 - root - INFO - Epoch: 038, LossReg: 1086.3878, LossCLS: 765.4032,Acc: 0.654426, F1_Macro:0.424896, Time: 76.66 seconds.
2024-01-27 17:38:16,495 - root - INFO - Epoch: 039, LossReg: 1081.3403, LossCLS: 765.8042,Acc: 0.653029, F1_Macro:0.427990, Time: 76.98 seconds.
2024-01-27 17:39:33,052 - root - INFO - Epoch: 040, LossReg: 1082.8171, LossCLS: 763.4061,Acc: 0.653941, F1_Macro:0.431465, Time: 76.56 seconds.
2024-01-27 17:40:49,406 - root - INFO - Epoch: 041, LossReg: 1081.7908, LossCLS: 761.8664,Acc: 0.655858, F1_Macro:0.438409, Time: 76.35 seconds.
2024-01-27 17:42:06,544 - root - INFO - Epoch: 042, LossReg: 1071.9778, LossCLS: 759.3498,Acc: 0.655904, F1_Macro:0.435890, Time: 77.14 seconds.
2024-01-27 17:43:23,302 - root - INFO - Epoch: 043, LossReg: 1066.4293, LossCLS: 758.7555,Acc: 0.657452, F1_Macro:0.439708, Time: 76.76 seconds.
2024-01-27 17:44:40,016 - root - INFO - Epoch: 044, LossReg: 1071.6890, LossCLS: 757.4484,Acc: 0.656690, F1_Macro:0.439968, Time: 76.71 seconds.
2024-01-27 17:45:56,931 - root - INFO - Epoch: 045, LossReg: 1063.9379, LossCLS: 759.4153,Acc: 0.656170, F1_Macro:0.442451, Time: 76.91 seconds.
2024-01-27 17:47:13,638 - root - INFO - Epoch: 046, LossReg: 1069.7913, LossCLS: 756.9425,Acc: 0.655419, F1_Macro:0.442222, Time: 76.71 seconds.
2024-01-27 17:48:30,814 - root - INFO - Epoch: 047, LossReg: 1067.1548, LossCLS: 758.6944,Acc: 0.657475, F1_Macro:0.445174, Time: 77.17 seconds.
2024-01-27 17:49:47,300 - root - INFO - Epoch: 048, LossReg: 1063.7915, LossCLS: 754.7394,Acc: 0.656666, F1_Macro:0.448056, Time: 76.48 seconds.
2024-01-27 17:51:04,215 - root - INFO - Epoch: 049, LossReg: 1059.9404, LossCLS: 756.5627,Acc: 0.656378, F1_Macro:0.445454, Time: 76.91 seconds.
2024-01-27 17:52:21,078 - root - INFO - Epoch: 050, LossReg: 1059.5851, LossCLS: 754.8349,Acc: 0.657209, F1_Macro:0.450510, Time: 76.86 seconds.
2024-01-27 17:53:38,267 - root - INFO - Epoch: 051, LossReg: 1063.6390, LossCLS: 757.5440,Acc: 0.655847, F1_Macro:0.444035, Time: 77.19 seconds.
2024-01-27 17:54:55,723 - root - INFO - Epoch: 052, LossReg: 1056.1335, LossCLS: 756.0021,Acc: 0.656343, F1_Macro:0.448174, Time: 77.46 seconds.
2024-01-27 17:56:12,816 - root - INFO - Epoch: 053, LossReg: 1063.7994, LossCLS: 757.3513,Acc: 0.657925, F1_Macro:0.454218, Time: 77.09 seconds.
2024-01-27 17:57:29,639 - root - INFO - Epoch: 054, LossReg: 1056.9150, LossCLS: 755.0589,Acc: 0.655927, F1_Macro:0.453218, Time: 76.82 seconds.
2024-01-27 17:58:45,779 - root - INFO - Epoch: 055, LossReg: 1058.6524, LossCLS: 753.5290,Acc: 0.656897, F1_Macro:0.452969, Time: 76.14 seconds.
2024-01-27 18:00:03,031 - root - INFO - Epoch: 056, LossReg: 1051.7382, LossCLS: 754.1064,Acc: 0.657948, F1_Macro:0.458716, Time: 77.25 seconds.
2024-01-27 18:01:19,759 - root - INFO - Epoch: 057, LossReg: 1048.8070, LossCLS: 751.8776,Acc: 0.656920, F1_Macro:0.451207, Time: 76.73 seconds.
2024-01-27 18:02:36,706 - root - INFO - Epoch: 058, LossReg: 1054.6479, LossCLS: 754.5283,Acc: 0.655720, F1_Macro:0.456703, Time: 76.95 seconds.
2024-01-27 18:03:53,121 - root - INFO - Epoch: 059, LossReg: 1037.3298, LossCLS: 751.2253,Acc: 0.659207, F1_Macro:0.460359, Time: 76.41 seconds.
2024-01-27 18:05:09,811 - root - INFO - Epoch: 060, LossReg: 1046.7160, LossCLS: 752.1403,Acc: 0.657186, F1_Macro:0.457128, Time: 76.69 seconds.
2024-01-27 18:06:26,242 - root - INFO - Epoch: 061, LossReg: 1044.4715, LossCLS: 752.1629,Acc: 0.658329, F1_Macro:0.463030, Time: 76.43 seconds.
2024-01-27 18:07:42,826 - root - INFO - Epoch: 062, LossReg: 1040.4372, LossCLS: 749.1862,Acc: 0.659184, F1_Macro:0.460845, Time: 76.58 seconds.
2024-01-27 18:08:59,929 - root - INFO - Epoch: 063, LossReg: 1032.1630, LossCLS: 748.1140,Acc: 0.658976, F1_Macro:0.466759, Time: 77.10 seconds.
2024-01-27 18:10:16,788 - root - INFO - Epoch: 064, LossReg: 1034.3894, LossCLS: 748.6284,Acc: 0.659265, F1_Macro:0.465662, Time: 76.86 seconds.
2024-01-27 18:11:33,784 - root - INFO - Epoch: 065, LossReg: 1035.3926, LossCLS: 747.8118,Acc: 0.661874, F1_Macro:0.464710, Time: 76.99 seconds.
2024-01-27 18:12:50,054 - root - INFO - Epoch: 066, LossReg: 1034.7591, LossCLS: 746.4974,Acc: 0.659958, F1_Macro:0.468127, Time: 76.27 seconds.
2024-01-27 18:14:06,707 - root - INFO - Epoch: 067, LossReg: 1028.7856, LossCLS: 745.4839,Acc: 0.660847, F1_Macro:0.470308, Time: 76.65 seconds.
2024-01-27 18:15:23,295 - root - INFO - Epoch: 068, LossReg: 1030.0211, LossCLS: 746.8788,Acc: 0.660315, F1_Macro:0.470690, Time: 76.59 seconds.
2024-01-27 18:16:39,795 - root - INFO - Epoch: 069, LossReg: 1031.4547, LossCLS: 746.1014,Acc: 0.659877, F1_Macro:0.471277, Time: 76.50 seconds.
2024-01-27 18:17:56,389 - root - INFO - Epoch: 070, LossReg: 1031.1576, LossCLS: 746.2954,Acc: 0.661805, F1_Macro:0.475070, Time: 76.59 seconds.
2024-01-27 18:19:12,859 - root - INFO - Epoch: 071, LossReg: 1026.6646, LossCLS: 747.3746,Acc: 0.660200, F1_Macro:0.469376, Time: 76.47 seconds.
2024-01-27 18:20:16,344 - root - INFO - Epoch: 072, LossReg: 1026.8733, LossCLS: 746.1751,Acc: 0.659507, F1_Macro:0.475925, Time: 63.48 seconds.
2024-01-27 18:21:00,370 - root - INFO - Epoch: 073, LossReg: 1022.4403, LossCLS: 745.5348,Acc: 0.660362, F1_Macro:0.474907, Time: 44.03 seconds.
2024-01-27 18:21:44,737 - root - INFO - Epoch: 074, LossReg: 1016.5933, LossCLS: 742.7657,Acc: 0.661574, F1_Macro:0.475847, Time: 44.37 seconds.
2024-01-27 18:22:58,216 - root - INFO - Epoch: 075, LossReg: 1018.1947, LossCLS: 743.9050,Acc: 0.661170, F1_Macro:0.473644, Time: 73.48 seconds.
2024-01-27 18:24:15,049 - root - INFO - Epoch: 076, LossReg: 1021.4680, LossCLS: 742.2294,Acc: 0.661355, F1_Macro:0.476933, Time: 76.83 seconds.
2024-01-27 18:25:31,694 - root - INFO - Epoch: 077, LossReg: 1014.8182, LossCLS: 742.4538,Acc: 0.661528, F1_Macro:0.477701, Time: 76.64 seconds.
2024-01-27 18:26:48,444 - root - INFO - Epoch: 078, LossReg: 1013.8216, LossCLS: 742.5195,Acc: 0.660951, F1_Macro:0.479283, Time: 76.75 seconds.
2024-01-27 18:28:05,016 - root - INFO - Epoch: 079, LossReg: 1023.9539, LossCLS: 745.0576,Acc: 0.659218, F1_Macro:0.474245, Time: 76.57 seconds.
2024-01-27 18:29:21,906 - root - INFO - Epoch: 080, LossReg: 1018.7048, LossCLS: 742.8057,Acc: 0.660697, F1_Macro:0.478366, Time: 76.89 seconds.
2024-01-27 18:30:38,753 - root - INFO - Epoch: 081, LossReg: 1018.1688, LossCLS: 742.9310,Acc: 0.660812, F1_Macro:0.479751, Time: 76.85 seconds.
2024-01-27 18:31:55,993 - root - INFO - Epoch: 082, LossReg: 1011.8754, LossCLS: 742.9331,Acc: 0.660939, F1_Macro:0.479196, Time: 77.24 seconds.
2024-01-27 18:33:12,720 - root - INFO - Epoch: 083, LossReg: 1012.0013, LossCLS: 741.1329,Acc: 0.661747, F1_Macro:0.482080, Time: 76.73 seconds.
2024-01-27 18:34:29,351 - root - INFO - Epoch: 084, LossReg: 1015.6495, LossCLS: 741.3061,Acc: 0.661828, F1_Macro:0.483454, Time: 76.63 seconds.
2024-01-27 18:35:46,155 - root - INFO - Epoch: 085, LossReg: 1008.7895, LossCLS: 741.6115,Acc: 0.662175, F1_Macro:0.477715, Time: 76.80 seconds.
2024-01-27 18:37:02,501 - root - INFO - Epoch: 086, LossReg: 1007.4595, LossCLS: 737.8935,Acc: 0.663191, F1_Macro:0.484650, Time: 76.34 seconds.
2024-01-27 18:38:19,083 - root - INFO - Epoch: 087, LossReg: 1015.4888, LossCLS: 739.1510,Acc: 0.661851, F1_Macro:0.484296, Time: 76.58 seconds.
2024-01-27 18:39:36,169 - root - INFO - Epoch: 088, LossReg: 1002.9554, LossCLS: 738.4054,Acc: 0.662025, F1_Macro:0.488354, Time: 77.09 seconds.
2024-01-27 18:40:53,329 - root - INFO - Epoch: 089, LossReg: 1001.4240, LossCLS: 740.3580,Acc: 0.661851, F1_Macro:0.483542, Time: 77.16 seconds.
2024-01-27 18:42:10,365 - root - INFO - Epoch: 090, LossReg: 1000.7681, LossCLS: 736.4363,Acc: 0.664288, F1_Macro:0.484638, Time: 77.03 seconds.
2024-01-27 18:43:26,972 - root - INFO - Epoch: 091, LossReg: 1006.8179, LossCLS: 739.8755,Acc: 0.662232, F1_Macro:0.480994, Time: 76.61 seconds.
2024-01-27 18:44:43,527 - root - INFO - Epoch: 092, LossReg: 1008.1996, LossCLS: 736.4096,Acc: 0.663722, F1_Macro:0.487339, Time: 76.55 seconds.
2024-01-27 18:46:00,243 - root - INFO - Epoch: 093, LossReg: 1009.0572, LossCLS: 739.0395,Acc: 0.661251, F1_Macro:0.491826, Time: 76.71 seconds.
2024-01-27 18:47:16,695 - root - INFO - Epoch: 094, LossReg: 1005.3317, LossCLS: 737.8544,Acc: 0.662348, F1_Macro:0.488284, Time: 76.45 seconds.
2024-01-27 18:48:33,457 - root - INFO - Epoch: 095, LossReg: 993.4886, LossCLS: 736.1260,Acc: 0.662255, F1_Macro:0.489663, Time: 76.76 seconds.
2024-01-27 18:49:50,706 - root - INFO - Epoch: 096, LossReg: 1006.3007, LossCLS: 738.8649,Acc: 0.661782, F1_Macro:0.490882, Time: 77.25 seconds.
2024-01-27 18:51:08,135 - root - INFO - Epoch: 097, LossReg: 995.7806, LossCLS: 736.3107,Acc: 0.663456, F1_Macro:0.488208, Time: 77.43 seconds.
2024-01-27 18:52:24,881 - root - INFO - Epoch: 098, LossReg: 997.7475, LossCLS: 737.6500,Acc: 0.663653, F1_Macro:0.491221, Time: 76.74 seconds.
2024-01-27 18:53:42,036 - root - INFO - Epoch: 099, LossReg: 1000.7201, LossCLS: 734.9261,Acc: 0.664923, F1_Macro:0.492324, Time: 77.15 seconds.
