2024-01-26 19:39:05,234 - root - INFO - Task dblp.v13@HGT-32-4-2@0@10@0.01 begin...
2024-01-26 19:40:38,948 - root - INFO - 65978
2024-01-26 19:40:39,501 - root - INFO - get loaders done.
2024-01-26 19:40:39,552 - root - INFO - Using device: cuda
2024-01-26 19:41:46,113 - root - INFO - Epoch: 000, LossReg: 1293.7900, LossCLS: 830.3226,Acc: 0.635661, F1_Macro:0.327142, Time: 61.50 seconds.
2024-01-26 19:42:47,610 - root - INFO - Epoch: 001, LossReg: 1234.5080, LossCLS: 815.6974,Acc: 0.637763, F1_Macro:0.340885, Time: 61.50 seconds.
2024-01-26 19:43:50,582 - root - INFO - Epoch: 002, LossReg: 1232.5734, LossCLS: 812.1287,Acc: 0.641400, F1_Macro:0.343509, Time: 62.97 seconds.
2024-01-26 19:44:52,049 - root - INFO - Epoch: 003, LossReg: 1232.6526, LossCLS: 813.5442,Acc: 0.638791, F1_Macro:0.344687, Time: 61.47 seconds.
2024-01-26 19:45:53,870 - root - INFO - Epoch: 004, LossReg: 1218.4577, LossCLS: 810.4148,Acc: 0.640869, F1_Macro:0.345620, Time: 61.82 seconds.
2024-01-26 19:46:56,057 - root - INFO - Epoch: 005, LossReg: 1223.2014, LossCLS: 809.4022,Acc: 0.641481, F1_Macro:0.345827, Time: 62.19 seconds.
2024-01-26 19:47:57,995 - root - INFO - Epoch: 006, LossReg: 1223.3555, LossCLS: 808.8619,Acc: 0.641978, F1_Macro:0.350765, Time: 61.94 seconds.
2024-01-26 19:48:59,892 - root - INFO - Epoch: 007, LossReg: 1207.5439, LossCLS: 808.6338,Acc: 0.640511, F1_Macro:0.346962, Time: 61.90 seconds.
2024-01-26 19:50:01,924 - root - INFO - Epoch: 008, LossReg: 1224.0565, LossCLS: 808.9624,Acc: 0.640904, F1_Macro:0.350885, Time: 62.03 seconds.
2024-01-26 19:51:03,754 - root - INFO - Epoch: 009, LossReg: 1207.8924, LossCLS: 806.8011,Acc: 0.640719, F1_Macro:0.352881, Time: 61.83 seconds.
2024-01-26 19:52:05,811 - root - INFO - Epoch: 010, LossReg: 1210.6901, LossCLS: 806.3342,Acc: 0.642786, F1_Macro:0.351323, Time: 62.06 seconds.
2024-01-26 19:53:07,715 - root - INFO - Epoch: 011, LossReg: 1200.2313, LossCLS: 805.1283,Acc: 0.641412, F1_Macro:0.349772, Time: 61.90 seconds.
2024-01-26 19:54:09,337 - root - INFO - Epoch: 012, LossReg: 1215.8274, LossCLS: 806.7355,Acc: 0.641262, F1_Macro:0.354717, Time: 61.62 seconds.
2024-01-26 19:55:11,695 - root - INFO - Epoch: 013, LossReg: 1210.0541, LossCLS: 806.0305,Acc: 0.644276, F1_Macro:0.354550, Time: 62.36 seconds.
2024-01-26 19:56:13,373 - root - INFO - Epoch: 014, LossReg: 1218.4354, LossCLS: 807.4101,Acc: 0.642232, F1_Macro:0.355429, Time: 61.68 seconds.
2024-01-26 19:57:15,039 - root - INFO - Epoch: 015, LossReg: 1204.2806, LossCLS: 804.5533,Acc: 0.642070, F1_Macro:0.354410, Time: 61.66 seconds.
2024-01-26 19:58:17,910 - root - INFO - Epoch: 016, LossReg: 1198.6336, LossCLS: 803.8969,Acc: 0.642417, F1_Macro:0.352295, Time: 62.87 seconds.
2024-01-26 19:59:19,537 - root - INFO - Epoch: 017, LossReg: 1214.5880, LossCLS: 806.8399,Acc: 0.640407, F1_Macro:0.353928, Time: 61.63 seconds.
2024-01-26 20:00:21,356 - root - INFO - Epoch: 018, LossReg: 1211.9704, LossCLS: 805.8200,Acc: 0.641170, F1_Macro:0.352144, Time: 61.82 seconds.
2024-01-26 20:01:23,900 - root - INFO - Epoch: 019, LossReg: 1210.1434, LossCLS: 804.5478,Acc: 0.643398, F1_Macro:0.355894, Time: 62.54 seconds.
2024-01-26 20:02:25,454 - root - INFO - Epoch: 020, LossReg: 1221.2182, LossCLS: 814.4971,Acc: 0.639611, F1_Macro:0.344309, Time: 61.55 seconds.
2024-01-26 20:03:27,199 - root - INFO - Epoch: 021, LossReg: 1227.6928, LossCLS: 813.5761,Acc: 0.638167, F1_Macro:0.340943, Time: 61.74 seconds.
2024-01-26 20:03:27,200 - root - INFO - Early stopping
