2024-01-27 10:52:43,566 - root - INFO - Task dblp.v13@HGT-32-8-4@0@10@0.001 begin...
2024-01-27 10:54:20,226 - root - INFO - 65978
2024-01-27 10:54:20,780 - root - INFO - get loaders done.
2024-01-27 10:54:20,817 - root - INFO - Using device: cuda
2024-01-27 10:57:44,696 - root - INFO - Epoch: 000, LossReg: 2112.0937, LossCLS: 883.9209,Acc: 0.584230, F1_Macro:0.291469, Time: 199.18 seconds.
2024-01-27 11:01:04,403 - root - INFO - Epoch: 001, LossReg: 1482.7547, LossCLS: 850.7160,Acc: 0.610336, F1_Macro:0.363269, Time: 199.71 seconds.
2024-01-27 11:04:24,196 - root - INFO - Epoch: 002, LossReg: 1454.4644, LossCLS: 839.8365,Acc: 0.612836, F1_Macro:0.378250, Time: 199.79 seconds.
2024-01-27 11:07:41,179 - root - INFO - Epoch: 003, LossReg: 1429.4538, LossCLS: 831.1250,Acc: 0.618599, F1_Macro:0.385249, Time: 196.98 seconds.
2024-01-27 11:11:01,512 - root - INFO - Epoch: 004, LossReg: 1412.7902, LossCLS: 826.2505,Acc: 0.622050, F1_Macro:0.388271, Time: 200.33 seconds.
2024-01-27 11:14:21,136 - root - INFO - Epoch: 005, LossReg: 1412.6067, LossCLS: 824.5728,Acc: 0.618674, F1_Macro:0.386777, Time: 199.62 seconds.
2024-01-27 11:17:40,863 - root - INFO - Epoch: 006, LossReg: 1398.3219, LossCLS: 821.3068,Acc: 0.619551, F1_Macro:0.388592, Time: 199.72 seconds.
2024-01-27 11:21:00,509 - root - INFO - Epoch: 007, LossReg: 1383.6128, LossCLS: 816.1754,Acc: 0.622545, F1_Macro:0.392731, Time: 199.64 seconds.
2024-01-27 11:24:19,480 - root - INFO - Epoch: 008, LossReg: 1384.0736, LossCLS: 814.1511,Acc: 0.624942, F1_Macro:0.396603, Time: 198.97 seconds.
2024-01-27 11:27:38,694 - root - INFO - Epoch: 009, LossReg: 1365.8514, LossCLS: 811.0458,Acc: 0.625333, F1_Macro:0.396613, Time: 199.21 seconds.
2024-01-27 11:30:58,634 - root - INFO - Epoch: 010, LossReg: 1363.7943, LossCLS: 810.6044,Acc: 0.624718, F1_Macro:0.400750, Time: 199.94 seconds.
2024-01-27 11:34:19,807 - root - INFO - Epoch: 011, LossReg: 1366.0017, LossCLS: 808.7662,Acc: 0.624960, F1_Macro:0.403448, Time: 201.17 seconds.
2024-01-27 11:37:41,115 - root - INFO - Epoch: 012, LossReg: 1363.2283, LossCLS: 806.8271,Acc: 0.627003, F1_Macro:0.407589, Time: 201.31 seconds.
2024-01-27 11:41:00,898 - root - INFO - Epoch: 013, LossReg: 1352.6084, LossCLS: 803.1703,Acc: 0.630305, F1_Macro:0.413050, Time: 199.78 seconds.
2024-01-27 11:44:20,458 - root - INFO - Epoch: 014, LossReg: 1350.1932, LossCLS: 804.1782,Acc: 0.627889, F1_Macro:0.410354, Time: 199.56 seconds.
2024-01-27 11:47:39,534 - root - INFO - Epoch: 015, LossReg: 1354.7877, LossCLS: 804.7791,Acc: 0.628262, F1_Macro:0.414177, Time: 199.08 seconds.
2024-01-27 11:50:59,686 - root - INFO - Epoch: 016, LossReg: 1336.7975, LossCLS: 802.0710,Acc: 0.629055, F1_Macro:0.417569, Time: 200.15 seconds.
2024-01-27 11:54:19,254 - root - INFO - Epoch: 017, LossReg: 1335.8069, LossCLS: 803.6011,Acc: 0.628934, F1_Macro:0.418776, Time: 199.57 seconds.
2024-01-27 11:57:39,249 - root - INFO - Epoch: 018, LossReg: 1333.1898, LossCLS: 801.3990,Acc: 0.629605, F1_Macro:0.427989, Time: 199.99 seconds.
2024-01-27 12:00:58,487 - root - INFO - Epoch: 019, LossReg: 1341.2193, LossCLS: 802.0072,Acc: 0.630006, F1_Macro:0.432358, Time: 199.24 seconds.
2024-01-27 12:04:20,485 - root - INFO - Epoch: 020, LossReg: 1325.2624, LossCLS: 798.2696,Acc: 0.629549, F1_Macro:0.432136, Time: 202.00 seconds.
2024-01-27 12:07:40,807 - root - INFO - Epoch: 021, LossReg: 1327.4569, LossCLS: 799.2243,Acc: 0.631097, F1_Macro:0.432526, Time: 200.32 seconds.
2024-01-27 12:11:00,189 - root - INFO - Epoch: 022, LossReg: 1326.9687, LossCLS: 799.2908,Acc: 0.628598, F1_Macro:0.439488, Time: 199.38 seconds.
2024-01-27 12:14:19,629 - root - INFO - Epoch: 023, LossReg: 1317.1915, LossCLS: 795.7654,Acc: 0.631797, F1_Macro:0.439152, Time: 199.44 seconds.
2024-01-27 12:17:39,418 - root - INFO - Epoch: 024, LossReg: 1319.7418, LossCLS: 797.1674,Acc: 0.631415, F1_Macro:0.440401, Time: 199.79 seconds.
2024-01-27 12:20:59,436 - root - INFO - Epoch: 025, LossReg: 1304.5207, LossCLS: 794.2556,Acc: 0.633728, F1_Macro:0.445699, Time: 200.02 seconds.
2024-01-27 12:24:17,864 - root - INFO - Epoch: 026, LossReg: 1301.1910, LossCLS: 791.4055,Acc: 0.635099, F1_Macro:0.443904, Time: 198.43 seconds.
2024-01-27 12:27:36,776 - root - INFO - Epoch: 027, LossReg: 1299.6688, LossCLS: 791.9211,Acc: 0.634530, F1_Macro:0.446243, Time: 198.91 seconds.
2024-01-27 12:30:56,847 - root - INFO - Epoch: 028, LossReg: 1300.7248, LossCLS: 791.0180,Acc: 0.635341, F1_Macro:0.448721, Time: 200.07 seconds.
2024-01-27 12:34:17,077 - root - INFO - Epoch: 029, LossReg: 1299.3538, LossCLS: 792.5379,Acc: 0.633672, F1_Macro:0.451793, Time: 200.23 seconds.
2024-01-27 12:37:36,136 - root - INFO - Epoch: 030, LossReg: 1292.6553, LossCLS: 787.4553,Acc: 0.635919, F1_Macro:0.457048, Time: 199.06 seconds.
2024-01-27 12:40:55,650 - root - INFO - Epoch: 031, LossReg: 1306.2787, LossCLS: 791.5087,Acc: 0.634371, F1_Macro:0.457224, Time: 199.51 seconds.
2024-01-27 12:44:17,210 - root - INFO - Epoch: 032, LossReg: 1290.2411, LossCLS: 787.6156,Acc: 0.636423, F1_Macro:0.461784, Time: 201.56 seconds.
2024-01-27 12:47:35,854 - root - INFO - Epoch: 033, LossReg: 1279.1830, LossCLS: 786.6837,Acc: 0.636069, F1_Macro:0.459438, Time: 198.64 seconds.
2024-01-27 12:50:57,294 - root - INFO - Epoch: 034, LossReg: 1282.2620, LossCLS: 785.4172,Acc: 0.636302, F1_Macro:0.465915, Time: 201.44 seconds.
2024-01-27 12:54:16,017 - root - INFO - Epoch: 035, LossReg: 1279.7053, LossCLS: 784.2184,Acc: 0.635966, F1_Macro:0.462564, Time: 198.72 seconds.
2024-01-27 12:57:35,105 - root - INFO - Epoch: 036, LossReg: 1279.2487, LossCLS: 788.4771,Acc: 0.635434, F1_Macro:0.460538, Time: 199.09 seconds.
2024-01-27 13:00:54,346 - root - INFO - Epoch: 037, LossReg: 1274.6276, LossCLS: 786.1709,Acc: 0.635155, F1_Macro:0.463093, Time: 199.24 seconds.
2024-01-27 13:04:14,151 - root - INFO - Epoch: 038, LossReg: 1278.2645, LossCLS: 785.5504,Acc: 0.636330, F1_Macro:0.464490, Time: 199.80 seconds.
2024-01-27 13:09:27,252 - root - INFO - Epoch: 039, LossReg: 1268.8131, LossCLS: 784.3135,Acc: 0.637001, F1_Macro:0.468308, Time: 313.10 seconds.
2024-01-27 13:15:47,197 - root - INFO - Epoch: 040, LossReg: 1269.6193, LossCLS: 784.4969,Acc: 0.636880, F1_Macro:0.467611, Time: 379.94 seconds.
2024-01-27 13:22:06,937 - root - INFO - Epoch: 041, LossReg: 1276.8015, LossCLS: 784.8714,Acc: 0.634707, F1_Macro:0.468535, Time: 379.74 seconds.
2024-01-27 13:28:27,385 - root - INFO - Epoch: 042, LossReg: 1274.7298, LossCLS: 783.9591,Acc: 0.636544, F1_Macro:0.473446, Time: 380.45 seconds.
2024-01-27 13:34:47,854 - root - INFO - Epoch: 043, LossReg: 1268.5889, LossCLS: 781.5060,Acc: 0.636721, F1_Macro:0.477190, Time: 380.47 seconds.
2024-01-27 13:41:06,951 - root - INFO - Epoch: 044, LossReg: 1253.6411, LossCLS: 779.1248,Acc: 0.638876, F1_Macro:0.481394, Time: 379.10 seconds.
2024-01-27 13:45:37,188 - root - INFO - Epoch: 045, LossReg: 1252.1377, LossCLS: 778.1047,Acc: 0.638801, F1_Macro:0.476167, Time: 270.24 seconds.
2024-01-27 13:48:58,298 - root - INFO - Epoch: 046, LossReg: 1266.2264, LossCLS: 780.8596,Acc: 0.639939, F1_Macro:0.482092, Time: 201.11 seconds.
2024-01-27 13:52:17,926 - root - INFO - Epoch: 047, LossReg: 1251.3474, LossCLS: 779.2244,Acc: 0.637803, F1_Macro:0.475845, Time: 199.63 seconds.
2024-01-27 13:55:37,260 - root - INFO - Epoch: 048, LossReg: 1252.4548, LossCLS: 780.1340,Acc: 0.638158, F1_Macro:0.481777, Time: 199.33 seconds.
2024-01-27 13:58:57,375 - root - INFO - Epoch: 049, LossReg: 1250.8433, LossCLS: 777.5630,Acc: 0.641431, F1_Macro:0.479198, Time: 200.11 seconds.
2024-01-27 14:02:18,032 - root - INFO - Epoch: 050, LossReg: 1251.5618, LossCLS: 778.5805,Acc: 0.638839, F1_Macro:0.482267, Time: 200.66 seconds.
2024-01-27 14:05:38,941 - root - INFO - Epoch: 051, LossReg: 1249.3015, LossCLS: 778.2255,Acc: 0.639296, F1_Macro:0.483751, Time: 200.91 seconds.
2024-01-27 14:08:57,476 - root - INFO - Epoch: 052, LossReg: 1245.5338, LossCLS: 776.3746,Acc: 0.640946, F1_Macro:0.488271, Time: 198.53 seconds.
2024-01-27 14:12:17,624 - root - INFO - Epoch: 053, LossReg: 1246.1226, LossCLS: 776.5453,Acc: 0.639417, F1_Macro:0.483844, Time: 200.15 seconds.
2024-01-27 14:15:36,726 - root - INFO - Epoch: 054, LossReg: 1244.7516, LossCLS: 774.5890,Acc: 0.641394, F1_Macro:0.488740, Time: 199.10 seconds.
2024-01-27 14:18:57,168 - root - INFO - Epoch: 055, LossReg: 1241.1047, LossCLS: 775.2326,Acc: 0.641133, F1_Macro:0.490745, Time: 200.44 seconds.
2024-01-27 14:22:17,447 - root - INFO - Epoch: 056, LossReg: 1245.2926, LossCLS: 775.9423,Acc: 0.639697, F1_Macro:0.486831, Time: 200.28 seconds.
2024-01-27 14:25:37,088 - root - INFO - Epoch: 057, LossReg: 1240.8416, LossCLS: 774.9216,Acc: 0.640723, F1_Macro:0.490315, Time: 199.64 seconds.
2024-01-27 14:28:57,161 - root - INFO - Epoch: 058, LossReg: 1236.4569, LossCLS: 774.3256,Acc: 0.640620, F1_Macro:0.489992, Time: 200.07 seconds.
2024-01-27 14:32:17,033 - root - INFO - Epoch: 059, LossReg: 1235.9820, LossCLS: 775.1650,Acc: 0.642318, F1_Macro:0.491442, Time: 199.87 seconds.
2024-01-27 14:35:36,738 - root - INFO - Epoch: 060, LossReg: 1234.5616, LossCLS: 772.8612,Acc: 0.643390, F1_Macro:0.493008, Time: 199.70 seconds.
2024-01-27 14:38:56,710 - root - INFO - Epoch: 061, LossReg: 1243.7094, LossCLS: 775.4837,Acc: 0.640434, F1_Macro:0.494580, Time: 199.97 seconds.
2024-01-27 14:42:16,588 - root - INFO - Epoch: 062, LossReg: 1230.2758, LossCLS: 773.4859,Acc: 0.642243, F1_Macro:0.495068, Time: 199.88 seconds.
2024-01-27 14:45:37,582 - root - INFO - Epoch: 063, LossReg: 1230.5753, LossCLS: 771.9931,Acc: 0.642038, F1_Macro:0.493527, Time: 200.99 seconds.
2024-01-27 14:48:57,096 - root - INFO - Epoch: 064, LossReg: 1237.6944, LossCLS: 773.5141,Acc: 0.642355, F1_Macro:0.497706, Time: 199.51 seconds.
2024-01-27 14:52:19,041 - root - INFO - Epoch: 065, LossReg: 1224.3884, LossCLS: 770.8892,Acc: 0.642980, F1_Macro:0.491328, Time: 201.94 seconds.
2024-01-27 14:55:39,096 - root - INFO - Epoch: 066, LossReg: 1228.0116, LossCLS: 772.9575,Acc: 0.642411, F1_Macro:0.495644, Time: 200.05 seconds.
2024-01-27 14:58:58,100 - root - INFO - Epoch: 067, LossReg: 1222.9847, LossCLS: 770.4308,Acc: 0.644379, F1_Macro:0.496736, Time: 199.00 seconds.
2024-01-27 15:03:11,090 - root - INFO - Epoch: 068, LossReg: 1225.9910, LossCLS: 770.7517,Acc: 0.643427, F1_Macro:0.500436, Time: 252.99 seconds.
2024-01-27 15:08:42,972 - root - INFO - Epoch: 069, LossReg: 1222.2601, LossCLS: 770.8689,Acc: 0.643968, F1_Macro:0.499355, Time: 331.88 seconds.
2024-01-27 15:14:16,966 - root - INFO - Epoch: 070, LossReg: 1217.0526, LossCLS: 768.7661,Acc: 0.642709, F1_Macro:0.496702, Time: 333.99 seconds.
2024-01-27 15:19:49,188 - root - INFO - Epoch: 071, LossReg: 1221.7444, LossCLS: 770.3473,Acc: 0.643446, F1_Macro:0.501925, Time: 332.22 seconds.
2024-01-27 15:25:21,332 - root - INFO - Epoch: 072, LossReg: 1223.0314, LossCLS: 772.1405,Acc: 0.641170, F1_Macro:0.494618, Time: 332.14 seconds.
2024-01-27 15:30:58,843 - root - INFO - Epoch: 073, LossReg: 1219.4886, LossCLS: 771.3149,Acc: 0.641581, F1_Macro:0.498603, Time: 337.51 seconds.
2024-01-27 15:36:32,458 - root - INFO - Epoch: 074, LossReg: 1212.1230, LossCLS: 769.8657,Acc: 0.644323, F1_Macro:0.503694, Time: 333.61 seconds.
2024-01-27 15:42:04,493 - root - INFO - Epoch: 075, LossReg: 1218.3966, LossCLS: 768.1711,Acc: 0.644192, F1_Macro:0.500819, Time: 332.03 seconds.
2024-01-27 15:47:38,146 - root - INFO - Epoch: 076, LossReg: 1218.0328, LossCLS: 767.9032,Acc: 0.643120, F1_Macro:0.502312, Time: 333.65 seconds.
2024-01-27 15:53:16,454 - root - INFO - Epoch: 077, LossReg: 1223.8175, LossCLS: 770.5465,Acc: 0.642513, F1_Macro:0.500018, Time: 338.31 seconds.
2024-01-27 15:58:49,417 - root - INFO - Epoch: 078, LossReg: 1219.2594, LossCLS: 769.0708,Acc: 0.642728, F1_Macro:0.501722, Time: 332.96 seconds.
2024-01-27 16:04:26,442 - root - INFO - Epoch: 079, LossReg: 1226.3778, LossCLS: 768.9455,Acc: 0.644463, F1_Macro:0.503431, Time: 337.02 seconds.
2024-01-27 16:04:26,443 - root - INFO - Early stopping
