2024-01-27 19:30:22,666 - root - INFO - Task dblp.v13@HGT-32-4-4@0@100@0.001 begin...
2024-01-27 19:31:59,148 - root - INFO - 65978
2024-01-27 19:32:00,328 - root - INFO - get loaders done.
2024-01-27 19:32:00,383 - root - INFO - Using device: cuda
2024-01-27 19:33:48,937 - root - INFO - Epoch: 000, LossReg: 2387.0406, LossCLS: 235.8380,Acc: 0.499657, F1_Macro:0.341063, Time: 103.31 seconds.
2024-01-27 19:35:30,299 - root - INFO - Epoch: 001, LossReg: 2392.6836, LossCLS: 219.9038,Acc: 0.567798, F1_Macro:0.389201, Time: 101.36 seconds.
2024-01-27 19:37:13,441 - root - INFO - Epoch: 002, LossReg: 1169.0411, LossCLS: 229.3069,Acc: 0.570624, F1_Macro:0.405801, Time: 103.14 seconds.
2024-01-27 19:38:55,507 - root - INFO - Epoch: 003, LossReg: 478.0418, LossCLS: 214.0468,Acc: 0.587641, F1_Macro:0.411662, Time: 102.07 seconds.
2024-01-27 19:40:37,535 - root - INFO - Epoch: 004, LossReg: 458.5882, LossCLS: 209.5430,Acc: 0.599174, F1_Macro:0.431505, Time: 102.03 seconds.
2024-01-27 19:42:19,711 - root - INFO - Epoch: 005, LossReg: 443.8811, LossCLS: 207.3707,Acc: 0.605593, F1_Macro:0.448021, Time: 102.18 seconds.
2024-01-27 19:44:01,569 - root - INFO - Epoch: 006, LossReg: 434.4509, LossCLS: 206.0378,Acc: 0.606491, F1_Macro:0.462404, Time: 101.86 seconds.
2024-01-27 19:45:43,501 - root - INFO - Epoch: 007, LossReg: 425.7427, LossCLS: 205.0600,Acc: 0.609754, F1_Macro:0.471367, Time: 101.93 seconds.
2024-01-27 19:47:26,009 - root - INFO - Epoch: 008, LossReg: 419.2675, LossCLS: 204.1560,Acc: 0.611906, F1_Macro:0.481180, Time: 102.51 seconds.
2024-01-27 19:49:08,143 - root - INFO - Epoch: 009, LossReg: 412.1830, LossCLS: 203.5542,Acc: 0.614619, F1_Macro:0.501845, Time: 102.13 seconds.
2024-01-27 19:50:50,593 - root - INFO - Epoch: 010, LossReg: 408.7376, LossCLS: 203.1046,Acc: 0.616889, F1_Macro:0.505893, Time: 102.45 seconds.
2024-01-27 19:52:32,276 - root - INFO - Epoch: 011, LossReg: 404.4922, LossCLS: 202.5974,Acc: 0.617870, F1_Macro:0.507796, Time: 101.68 seconds.
2024-01-27 19:54:14,254 - root - INFO - Epoch: 012, LossReg: 400.4347, LossCLS: 201.9245,Acc: 0.617113, F1_Macro:0.510468, Time: 101.98 seconds.
2024-01-27 19:55:57,073 - root - INFO - Epoch: 013, LossReg: 394.8594, LossCLS: 201.2316,Acc: 0.618431, F1_Macro:0.515761, Time: 102.82 seconds.
2024-01-27 19:57:38,838 - root - INFO - Epoch: 014, LossReg: 393.8988, LossCLS: 200.7426,Acc: 0.618916, F1_Macro:0.517680, Time: 101.76 seconds.
2024-01-27 19:59:20,889 - root - INFO - Epoch: 015, LossReg: 389.0137, LossCLS: 199.8425,Acc: 0.622723, F1_Macro:0.521048, Time: 102.05 seconds.
2024-01-27 20:01:02,806 - root - INFO - Epoch: 016, LossReg: 388.8589, LossCLS: 199.6846,Acc: 0.622149, F1_Macro:0.523813, Time: 101.92 seconds.
2024-01-27 20:02:44,375 - root - INFO - Epoch: 017, LossReg: 382.6052, LossCLS: 198.6262,Acc: 0.626080, F1_Macro:0.530044, Time: 101.57 seconds.
2024-01-27 20:04:26,068 - root - INFO - Epoch: 018, LossReg: 382.3474, LossCLS: 198.7489,Acc: 0.624987, F1_Macro:0.529361, Time: 101.69 seconds.
2024-01-27 20:06:07,747 - root - INFO - Epoch: 019, LossReg: 382.7271, LossCLS: 198.4914,Acc: 0.624762, F1_Macro:0.531448, Time: 101.68 seconds.
2024-01-27 20:07:49,840 - root - INFO - Epoch: 020, LossReg: 379.9302, LossCLS: 198.2386,Acc: 0.625932, F1_Macro:0.535907, Time: 102.09 seconds.
2024-01-27 20:09:32,158 - root - INFO - Epoch: 021, LossReg: 379.5215, LossCLS: 197.8775,Acc: 0.628291, F1_Macro:0.537841, Time: 102.32 seconds.
2024-01-27 20:11:14,246 - root - INFO - Epoch: 022, LossReg: 376.5848, LossCLS: 197.0954,Acc: 0.626890, F1_Macro:0.538609, Time: 102.09 seconds.
2024-01-27 20:12:56,865 - root - INFO - Epoch: 023, LossReg: 379.9037, LossCLS: 197.9744,Acc: 0.626370, F1_Macro:0.537352, Time: 102.62 seconds.
2024-01-27 20:14:39,272 - root - INFO - Epoch: 024, LossReg: 374.4512, LossCLS: 196.8609,Acc: 0.627014, F1_Macro:0.542108, Time: 102.41 seconds.
2024-01-27 20:16:21,492 - root - INFO - Epoch: 025, LossReg: 373.4728, LossCLS: 196.5749,Acc: 0.629704, F1_Macro:0.543761, Time: 102.22 seconds.
2024-01-27 20:18:07,569 - root - INFO - Epoch: 026, LossReg: 372.8443, LossCLS: 196.3624,Acc: 0.630395, F1_Macro:0.547175, Time: 106.08 seconds.
2024-01-27 20:19:49,396 - root - INFO - Epoch: 027, LossReg: 369.5068, LossCLS: 195.6778,Acc: 0.630643, F1_Macro:0.546696, Time: 101.83 seconds.
2024-01-27 20:21:32,769 - root - INFO - Epoch: 028, LossReg: 370.7621, LossCLS: 195.9518,Acc: 0.630892, F1_Macro:0.546848, Time: 103.37 seconds.
2024-01-27 20:23:14,313 - root - INFO - Epoch: 029, LossReg: 368.0422, LossCLS: 195.2020,Acc: 0.632322, F1_Macro:0.549286, Time: 101.54 seconds.
2024-01-27 20:24:56,631 - root - INFO - Epoch: 030, LossReg: 369.1537, LossCLS: 195.4935,Acc: 0.631637, F1_Macro:0.546731, Time: 102.32 seconds.
2024-01-27 20:26:39,415 - root - INFO - Epoch: 031, LossReg: 371.0043, LossCLS: 195.7110,Acc: 0.631583, F1_Macro:0.550928, Time: 102.78 seconds.
2024-01-27 20:28:27,240 - root - INFO - Epoch: 032, LossReg: 368.3111, LossCLS: 195.5857,Acc: 0.631713, F1_Macro:0.551869, Time: 107.82 seconds.
2024-01-27 20:30:11,925 - root - INFO - Epoch: 033, LossReg: 362.3679, LossCLS: 194.1807,Acc: 0.635230, F1_Macro:0.554378, Time: 104.68 seconds.
2024-01-27 20:31:54,100 - root - INFO - Epoch: 034, LossReg: 364.8802, LossCLS: 193.8147,Acc: 0.637884, F1_Macro:0.558585, Time: 102.17 seconds.
2024-01-27 20:33:35,755 - root - INFO - Epoch: 035, LossReg: 361.7617, LossCLS: 193.5893,Acc: 0.636785, F1_Macro:0.560439, Time: 101.65 seconds.
2024-01-27 20:35:17,955 - root - INFO - Epoch: 036, LossReg: 360.6507, LossCLS: 193.2402,Acc: 0.637465, F1_Macro:0.557988, Time: 102.20 seconds.
2024-01-27 20:36:59,772 - root - INFO - Epoch: 037, LossReg: 364.0171, LossCLS: 193.9895,Acc: 0.636152, F1_Macro:0.559269, Time: 101.81 seconds.
2024-01-27 20:38:41,524 - root - INFO - Epoch: 038, LossReg: 360.3714, LossCLS: 193.6658,Acc: 0.637086, F1_Macro:0.560591, Time: 101.75 seconds.
2024-01-27 20:40:23,882 - root - INFO - Epoch: 039, LossReg: 359.2879, LossCLS: 193.2564,Acc: 0.636436, F1_Macro:0.560895, Time: 102.36 seconds.
2024-01-27 20:42:06,226 - root - INFO - Epoch: 040, LossReg: 357.5329, LossCLS: 192.8567,Acc: 0.637589, F1_Macro:0.562951, Time: 102.34 seconds.
2024-01-27 20:43:48,362 - root - INFO - Epoch: 041, LossReg: 355.5447, LossCLS: 192.1896,Acc: 0.639108, F1_Macro:0.566161, Time: 102.13 seconds.
2024-01-27 20:45:30,468 - root - INFO - Epoch: 042, LossReg: 359.6282, LossCLS: 193.2582,Acc: 0.636554, F1_Macro:0.562127, Time: 102.11 seconds.
2024-01-27 20:47:12,370 - root - INFO - Epoch: 043, LossReg: 357.9162, LossCLS: 192.9754,Acc: 0.637878, F1_Macro:0.564104, Time: 101.90 seconds.
2024-01-27 20:48:55,113 - root - INFO - Epoch: 044, LossReg: 355.9088, LossCLS: 192.2166,Acc: 0.638617, F1_Macro:0.566478, Time: 102.74 seconds.
2024-01-27 20:50:36,911 - root - INFO - Epoch: 045, LossReg: 353.0187, LossCLS: 191.6098,Acc: 0.640077, F1_Macro:0.566819, Time: 101.80 seconds.
2024-01-27 20:52:18,452 - root - INFO - Epoch: 046, LossReg: 352.8116, LossCLS: 191.2994,Acc: 0.643009, F1_Macro:0.572660, Time: 101.54 seconds.
2024-01-27 20:54:00,214 - root - INFO - Epoch: 047, LossReg: 354.7293, LossCLS: 191.9705,Acc: 0.639876, F1_Macro:0.566560, Time: 101.76 seconds.
2024-01-27 20:55:42,623 - root - INFO - Epoch: 048, LossReg: 353.1368, LossCLS: 191.3177,Acc: 0.643293, F1_Macro:0.569629, Time: 102.41 seconds.
2024-01-27 20:57:25,358 - root - INFO - Epoch: 049, LossReg: 350.5873, LossCLS: 190.6420,Acc: 0.642394, F1_Macro:0.573434, Time: 102.73 seconds.
2024-01-28 02:31:56,130 - root - INFO - Task dblp.v13@HGT-32-4-4@0@100@0.001 begin...
2024-01-28 02:33:30,243 - root - INFO - 65978
2024-01-28 02:33:30,783 - root - INFO - get loaders done.
