2024-01-27 02:05:55,732 - root - INFO - Task dblp.v13@HGT-32-2-4@0@10@0.001 begin...
2024-01-27 02:07:30,779 - root - INFO - 65978
2024-01-27 02:07:31,286 - root - INFO - get loaders done.
2024-01-27 02:07:31,334 - root - INFO - Using device: cuda
2024-01-27 02:08:55,570 - root - INFO - Epoch: 000, LossReg: 2333.8349, LossCLS: 885.0150,Acc: 0.582374, F1_Macro:0.310430, Time: 79.41 seconds.
2024-01-27 02:10:15,411 - root - INFO - Epoch: 001, LossReg: 1497.7698, LossCLS: 854.8136,Acc: 0.608051, F1_Macro:0.360896, Time: 79.84 seconds.
2024-01-27 02:11:36,253 - root - INFO - Epoch: 002, LossReg: 1452.1955, LossCLS: 841.0681,Acc: 0.615223, F1_Macro:0.382590, Time: 80.84 seconds.
2024-01-27 02:12:55,889 - root - INFO - Epoch: 003, LossReg: 1430.0175, LossCLS: 831.3318,Acc: 0.619448, F1_Macro:0.384417, Time: 79.64 seconds.
2024-01-27 02:14:15,739 - root - INFO - Epoch: 004, LossReg: 1414.1251, LossCLS: 826.0878,Acc: 0.620446, F1_Macro:0.387747, Time: 79.85 seconds.
2024-01-27 02:15:35,290 - root - INFO - Epoch: 005, LossReg: 1412.9785, LossCLS: 823.3139,Acc: 0.620661, F1_Macro:0.388183, Time: 79.55 seconds.
2024-01-27 02:16:55,293 - root - INFO - Epoch: 006, LossReg: 1407.5691, LossCLS: 820.1939,Acc: 0.622377, F1_Macro:0.392542, Time: 80.00 seconds.
2024-01-27 02:18:13,995 - root - INFO - Epoch: 007, LossReg: 1395.2429, LossCLS: 816.3363,Acc: 0.624737, F1_Macro:0.396288, Time: 78.70 seconds.
2024-01-27 02:19:34,291 - root - INFO - Epoch: 008, LossReg: 1390.6639, LossCLS: 815.5606,Acc: 0.624037, F1_Macro:0.395070, Time: 80.29 seconds.
2024-01-27 02:20:55,011 - root - INFO - Epoch: 009, LossReg: 1385.4774, LossCLS: 815.4284,Acc: 0.622265, F1_Macro:0.395193, Time: 80.72 seconds.
2024-01-27 02:22:14,443 - root - INFO - Epoch: 010, LossReg: 1365.8990, LossCLS: 809.9179,Acc: 0.625138, F1_Macro:0.399841, Time: 79.43 seconds.
2024-01-27 02:23:33,852 - root - INFO - Epoch: 011, LossReg: 1372.0711, LossCLS: 806.4402,Acc: 0.625958, F1_Macro:0.403959, Time: 79.41 seconds.
2024-01-27 02:24:53,293 - root - INFO - Epoch: 012, LossReg: 1369.1215, LossCLS: 808.7070,Acc: 0.624224, F1_Macro:0.406342, Time: 79.44 seconds.
2024-01-27 02:26:12,927 - root - INFO - Epoch: 013, LossReg: 1352.0370, LossCLS: 805.9188,Acc: 0.626751, F1_Macro:0.406917, Time: 79.63 seconds.
2024-01-27 02:27:33,036 - root - INFO - Epoch: 014, LossReg: 1357.7139, LossCLS: 805.7135,Acc: 0.626975, F1_Macro:0.413135, Time: 80.11 seconds.
2024-01-27 02:28:53,162 - root - INFO - Epoch: 015, LossReg: 1354.7952, LossCLS: 804.3887,Acc: 0.628365, F1_Macro:0.416675, Time: 80.12 seconds.
2024-01-27 02:30:12,798 - root - INFO - Epoch: 016, LossReg: 1346.4186, LossCLS: 801.9991,Acc: 0.627581, F1_Macro:0.421567, Time: 79.64 seconds.
2024-01-27 02:31:33,922 - root - INFO - Epoch: 017, LossReg: 1337.9088, LossCLS: 800.0106,Acc: 0.630612, F1_Macro:0.429124, Time: 81.12 seconds.
2024-01-27 02:32:53,256 - root - INFO - Epoch: 018, LossReg: 1333.9073, LossCLS: 798.9434,Acc: 0.631097, F1_Macro:0.430810, Time: 79.33 seconds.
2024-01-27 02:34:13,488 - root - INFO - Epoch: 019, LossReg: 1339.6880, LossCLS: 800.1123,Acc: 0.628626, F1_Macro:0.431642, Time: 80.23 seconds.
2024-01-27 02:35:33,671 - root - INFO - Epoch: 020, LossReg: 1327.9374, LossCLS: 795.3556,Acc: 0.631508, F1_Macro:0.439358, Time: 80.18 seconds.
2024-01-27 02:36:54,574 - root - INFO - Epoch: 021, LossReg: 1324.9165, LossCLS: 798.6865,Acc: 0.630780, F1_Macro:0.437423, Time: 80.90 seconds.
2024-01-27 02:38:14,088 - root - INFO - Epoch: 022, LossReg: 1313.8008, LossCLS: 795.0003,Acc: 0.631909, F1_Macro:0.443468, Time: 79.51 seconds.
2024-01-27 02:39:33,696 - root - INFO - Epoch: 023, LossReg: 1308.1632, LossCLS: 792.7339,Acc: 0.634707, F1_Macro:0.450068, Time: 79.61 seconds.
2024-01-27 02:40:54,029 - root - INFO - Epoch: 024, LossReg: 1310.3839, LossCLS: 794.8207,Acc: 0.631023, F1_Macro:0.439916, Time: 80.33 seconds.
2024-01-27 02:42:14,138 - root - INFO - Epoch: 025, LossReg: 1307.0183, LossCLS: 794.1132,Acc: 0.632263, F1_Macro:0.451504, Time: 80.11 seconds.
2024-01-27 02:43:34,689 - root - INFO - Epoch: 026, LossReg: 1298.6995, LossCLS: 789.4672,Acc: 0.636302, F1_Macro:0.456367, Time: 80.55 seconds.
2024-01-27 02:44:54,584 - root - INFO - Epoch: 027, LossReg: 1298.8591, LossCLS: 790.4340,Acc: 0.634278, F1_Macro:0.456747, Time: 79.89 seconds.
2024-01-27 02:46:14,501 - root - INFO - Epoch: 028, LossReg: 1286.4812, LossCLS: 788.9984,Acc: 0.634996, F1_Macro:0.463399, Time: 79.92 seconds.
2024-01-27 02:47:33,974 - root - INFO - Epoch: 029, LossReg: 1280.6711, LossCLS: 788.3404,Acc: 0.635761, F1_Macro:0.460434, Time: 79.47 seconds.
2024-01-27 02:48:53,541 - root - INFO - Epoch: 030, LossReg: 1279.3180, LossCLS: 786.5203,Acc: 0.638466, F1_Macro:0.466850, Time: 79.57 seconds.
2024-01-27 02:50:14,175 - root - INFO - Epoch: 031, LossReg: 1282.6097, LossCLS: 786.7282,Acc: 0.635528, F1_Macro:0.465729, Time: 80.63 seconds.
2024-01-27 02:51:34,643 - root - INFO - Epoch: 032, LossReg: 1273.8669, LossCLS: 786.5240,Acc: 0.636899, F1_Macro:0.470616, Time: 80.46 seconds.
2024-01-27 02:52:55,371 - root - INFO - Epoch: 033, LossReg: 1269.2645, LossCLS: 784.4756,Acc: 0.635612, F1_Macro:0.471828, Time: 80.73 seconds.
2024-01-27 02:54:14,818 - root - INFO - Epoch: 034, LossReg: 1275.5957, LossCLS: 785.6826,Acc: 0.635229, F1_Macro:0.467760, Time: 79.45 seconds.
2024-01-27 02:55:36,040 - root - INFO - Epoch: 035, LossReg: 1268.8079, LossCLS: 783.5388,Acc: 0.638792, F1_Macro:0.473165, Time: 81.22 seconds.
2024-01-27 02:56:55,825 - root - INFO - Epoch: 036, LossReg: 1248.3211, LossCLS: 780.0815,Acc: 0.637561, F1_Macro:0.476365, Time: 79.78 seconds.
2024-01-27 02:58:15,748 - root - INFO - Epoch: 037, LossReg: 1253.7132, LossCLS: 782.3622,Acc: 0.638587, F1_Macro:0.478109, Time: 79.92 seconds.
2024-01-27 02:59:35,383 - root - INFO - Epoch: 038, LossReg: 1260.2119, LossCLS: 781.1548,Acc: 0.638204, F1_Macro:0.475055, Time: 79.63 seconds.
2024-01-27 03:00:55,533 - root - INFO - Epoch: 039, LossReg: 1244.5319, LossCLS: 780.9417,Acc: 0.638951, F1_Macro:0.480482, Time: 80.15 seconds.
2024-01-27 03:02:15,922 - root - INFO - Epoch: 040, LossReg: 1243.9985, LossCLS: 777.6895,Acc: 0.640424, F1_Macro:0.482897, Time: 80.39 seconds.
2024-01-27 03:03:36,078 - root - INFO - Epoch: 041, LossReg: 1248.8694, LossCLS: 779.7634,Acc: 0.639016, F1_Macro:0.485409, Time: 80.15 seconds.
2024-01-27 03:04:55,771 - root - INFO - Epoch: 042, LossReg: 1241.1489, LossCLS: 777.3255,Acc: 0.640629, F1_Macro:0.483632, Time: 79.69 seconds.
2024-01-27 03:06:15,938 - root - INFO - Epoch: 043, LossReg: 1237.3660, LossCLS: 776.9275,Acc: 0.640909, F1_Macro:0.487512, Time: 80.17 seconds.
2024-01-27 03:07:36,254 - root - INFO - Epoch: 044, LossReg: 1237.0073, LossCLS: 777.5150,Acc: 0.639650, F1_Macro:0.484201, Time: 80.31 seconds.
2024-01-27 03:08:56,201 - root - INFO - Epoch: 045, LossReg: 1230.3782, LossCLS: 776.2231,Acc: 0.640415, F1_Macro:0.486117, Time: 79.95 seconds.
2024-01-27 03:10:16,317 - root - INFO - Epoch: 046, LossReg: 1230.3282, LossCLS: 772.2066,Acc: 0.642830, F1_Macro:0.491426, Time: 80.11 seconds.
2024-01-27 03:11:36,709 - root - INFO - Epoch: 047, LossReg: 1231.6894, LossCLS: 774.4163,Acc: 0.641646, F1_Macro:0.490621, Time: 80.39 seconds.
2024-01-27 03:12:57,467 - root - INFO - Epoch: 048, LossReg: 1234.3028, LossCLS: 774.8327,Acc: 0.641086, F1_Macro:0.489453, Time: 80.76 seconds.
2024-01-27 03:14:17,548 - root - INFO - Epoch: 049, LossReg: 1224.0357, LossCLS: 772.9669,Acc: 0.641683, F1_Macro:0.491616, Time: 80.08 seconds.
2024-01-27 03:15:38,889 - root - INFO - Epoch: 050, LossReg: 1215.5645, LossCLS: 772.4770,Acc: 0.642066, F1_Macro:0.489573, Time: 81.34 seconds.
2024-01-27 03:16:58,997 - root - INFO - Epoch: 051, LossReg: 1227.1562, LossCLS: 773.0832,Acc: 0.641469, F1_Macro:0.492450, Time: 80.11 seconds.
2024-01-27 03:18:18,677 - root - INFO - Epoch: 052, LossReg: 1223.1594, LossCLS: 771.6680,Acc: 0.641152, F1_Macro:0.491695, Time: 79.68 seconds.
2024-01-27 03:19:38,631 - root - INFO - Epoch: 053, LossReg: 1228.0167, LossCLS: 774.1248,Acc: 0.642131, F1_Macro:0.497692, Time: 79.95 seconds.
2024-01-27 03:20:58,717 - root - INFO - Epoch: 054, LossReg: 1212.5348, LossCLS: 769.7278,Acc: 0.645144, F1_Macro:0.500013, Time: 80.08 seconds.
2024-01-27 03:22:17,462 - root - INFO - Epoch: 055, LossReg: 1218.6112, LossCLS: 770.2784,Acc: 0.642140, F1_Macro:0.497412, Time: 78.74 seconds.
2024-01-27 03:23:36,139 - root - INFO - Epoch: 056, LossReg: 1220.6446, LossCLS: 770.0688,Acc: 0.641487, F1_Macro:0.496356, Time: 78.68 seconds.
2024-01-27 03:24:55,117 - root - INFO - Epoch: 057, LossReg: 1202.0514, LossCLS: 768.0266,Acc: 0.643866, F1_Macro:0.498942, Time: 78.98 seconds.
2024-01-27 03:26:14,764 - root - INFO - Epoch: 058, LossReg: 1213.3828, LossCLS: 767.5240,Acc: 0.645946, F1_Macro:0.509492, Time: 79.65 seconds.
2024-01-27 03:27:34,674 - root - INFO - Epoch: 059, LossReg: 1214.8539, LossCLS: 769.1985,Acc: 0.643800, F1_Macro:0.504337, Time: 79.91 seconds.
2024-01-27 03:28:55,018 - root - INFO - Epoch: 060, LossReg: 1204.1793, LossCLS: 768.9237,Acc: 0.642066, F1_Macro:0.504096, Time: 80.34 seconds.
2024-01-27 03:30:14,751 - root - INFO - Epoch: 061, LossReg: 1203.0990, LossCLS: 769.3692,Acc: 0.642457, F1_Macro:0.500292, Time: 79.73 seconds.
2024-01-27 03:31:35,434 - root - INFO - Epoch: 062, LossReg: 1204.5069, LossCLS: 766.9626,Acc: 0.645144, F1_Macro:0.506449, Time: 80.68 seconds.
2024-01-27 03:31:35,435 - root - INFO - Early stopping
