2024-01-27 18:53:49,741 - root - INFO - Task dblp.v13@HGT-128-2-4@0@10@0.001 begin...
2024-01-27 18:55:27,748 - root - INFO - 65978
2024-01-27 18:55:29,244 - root - INFO - get loaders done.
2024-01-27 18:55:29,323 - root - INFO - Using device: cuda
2024-01-27 18:57:53,737 - root - INFO - Epoch: 000, LossReg: 3513.8343, LossCLS: 877.3650,Acc: 0.593259, F1_Macro:0.328793, Time: 139.41 seconds.
2024-01-27 19:00:12,663 - root - INFO - Epoch: 001, LossReg: 1486.0391, LossCLS: 848.5552,Acc: 0.607752, F1_Macro:0.368329, Time: 138.93 seconds.
2024-01-27 19:02:31,701 - root - INFO - Epoch: 002, LossReg: 1457.8646, LossCLS: 836.3710,Acc: 0.612015, F1_Macro:0.376012, Time: 139.04 seconds.
2024-01-27 19:04:49,965 - root - INFO - Epoch: 003, LossReg: 1435.8575, LossCLS: 831.3562,Acc: 0.613302, F1_Macro:0.379261, Time: 138.26 seconds.
2024-01-27 19:07:08,660 - root - INFO - Epoch: 004, LossReg: 1414.6855, LossCLS: 821.3984,Acc: 0.617303, F1_Macro:0.385663, Time: 138.69 seconds.
2024-01-27 19:09:29,062 - root - INFO - Epoch: 005, LossReg: 1407.4234, LossCLS: 818.1849,Acc: 0.619103, F1_Macro:0.390708, Time: 140.40 seconds.
2024-01-27 19:11:53,585 - root - INFO - Epoch: 006, LossReg: 1405.0100, LossCLS: 816.1209,Acc: 0.620577, F1_Macro:0.394197, Time: 144.52 seconds.
2024-01-27 19:14:12,203 - root - INFO - Epoch: 007, LossReg: 1395.6748, LossCLS: 812.7842,Acc: 0.622619, F1_Macro:0.400928, Time: 138.62 seconds.
2024-01-27 19:16:30,558 - root - INFO - Epoch: 008, LossReg: 1390.4096, LossCLS: 816.6811,Acc: 0.620316, F1_Macro:0.401653, Time: 138.35 seconds.
2024-01-27 19:18:49,030 - root - INFO - Epoch: 009, LossReg: 1379.1230, LossCLS: 810.5978,Acc: 0.622274, F1_Macro:0.407943, Time: 138.47 seconds.
2024-01-27 19:21:09,214 - root - INFO - Epoch: 010, LossReg: 1377.8792, LossCLS: 809.5731,Acc: 0.625082, F1_Macro:0.416522, Time: 140.18 seconds.
2024-01-27 19:23:27,500 - root - INFO - Epoch: 011, LossReg: 1371.9537, LossCLS: 809.9338,Acc: 0.624438, F1_Macro:0.420247, Time: 138.29 seconds.
2024-01-27 19:25:46,213 - root - INFO - Epoch: 012, LossReg: 1360.9596, LossCLS: 807.1758,Acc: 0.623365, F1_Macro:0.424325, Time: 138.71 seconds.
2024-01-27 19:28:05,683 - root - INFO - Epoch: 013, LossReg: 1356.8505, LossCLS: 803.1205,Acc: 0.628393, F1_Macro:0.420821, Time: 139.47 seconds.
2024-01-27 19:30:20,376 - root - INFO - Epoch: 014, LossReg: 1338.8665, LossCLS: 801.7370,Acc: 0.627507, F1_Macro:0.428261, Time: 134.69 seconds.
2024-01-27 19:31:42,410 - root - INFO - Epoch: 015, LossReg: 1339.6646, LossCLS: 801.6803,Acc: 0.628421, F1_Macro:0.431990, Time: 82.03 seconds.
2024-01-27 19:33:37,279 - root - INFO - Epoch: 016, LossReg: 1329.4715, LossCLS: 800.5007,Acc: 0.627199, F1_Macro:0.433697, Time: 114.87 seconds.
2024-01-27 19:35:45,344 - root - INFO - Epoch: 017, LossReg: 1321.4378, LossCLS: 796.5006,Acc: 0.627768, F1_Macro:0.441389, Time: 128.06 seconds.
2024-01-27 19:37:53,292 - root - INFO - Epoch: 018, LossReg: 1314.7622, LossCLS: 795.1283,Acc: 0.631200, F1_Macro:0.445037, Time: 127.95 seconds.
2024-01-27 19:40:01,109 - root - INFO - Epoch: 019, LossReg: 1307.2907, LossCLS: 795.4744,Acc: 0.631713, F1_Macro:0.452594, Time: 127.82 seconds.
2024-01-27 19:42:10,426 - root - INFO - Epoch: 020, LossReg: 1294.5989, LossCLS: 790.2343,Acc: 0.632776, F1_Macro:0.452389, Time: 129.32 seconds.
2024-01-27 19:44:19,045 - root - INFO - Epoch: 021, LossReg: 1291.4753, LossCLS: 788.3626,Acc: 0.633532, F1_Macro:0.458235, Time: 128.62 seconds.
2024-01-27 19:46:26,997 - root - INFO - Epoch: 022, LossReg: 1282.9367, LossCLS: 789.1307,Acc: 0.632226, F1_Macro:0.458180, Time: 127.95 seconds.
2024-01-27 19:48:35,227 - root - INFO - Epoch: 023, LossReg: 1279.0743, LossCLS: 787.4512,Acc: 0.635322, F1_Macro:0.467695, Time: 128.23 seconds.
2024-01-27 19:50:42,626 - root - INFO - Epoch: 024, LossReg: 1272.2661, LossCLS: 786.4317,Acc: 0.635145, F1_Macro:0.466021, Time: 127.40 seconds.
2024-01-27 19:52:51,026 - root - INFO - Epoch: 025, LossReg: 1269.5895, LossCLS: 783.3113,Acc: 0.637589, F1_Macro:0.474303, Time: 128.40 seconds.
2024-01-27 19:54:59,092 - root - INFO - Epoch: 026, LossReg: 1263.3708, LossCLS: 783.0853,Acc: 0.636003, F1_Macro:0.477649, Time: 128.07 seconds.
2024-01-27 19:57:06,921 - root - INFO - Epoch: 027, LossReg: 1255.9810, LossCLS: 780.3596,Acc: 0.637188, F1_Macro:0.480343, Time: 127.83 seconds.
2024-01-27 19:59:15,074 - root - INFO - Epoch: 028, LossReg: 1254.6078, LossCLS: 779.9718,Acc: 0.638652, F1_Macro:0.483068, Time: 128.15 seconds.
2024-01-27 20:01:22,565 - root - INFO - Epoch: 029, LossReg: 1240.2607, LossCLS: 776.2950,Acc: 0.638951, F1_Macro:0.483437, Time: 127.49 seconds.
2024-01-27 20:03:31,216 - root - INFO - Epoch: 030, LossReg: 1234.9029, LossCLS: 774.8806,Acc: 0.640956, F1_Macro:0.489968, Time: 128.65 seconds.
2024-01-27 20:05:38,757 - root - INFO - Epoch: 031, LossReg: 1243.4676, LossCLS: 775.3658,Acc: 0.638867, F1_Macro:0.493110, Time: 127.54 seconds.
2024-01-27 20:07:46,804 - root - INFO - Epoch: 032, LossReg: 1237.2364, LossCLS: 774.3512,Acc: 0.640984, F1_Macro:0.497478, Time: 128.05 seconds.
2024-01-27 20:09:54,441 - root - INFO - Epoch: 033, LossReg: 1221.7504, LossCLS: 771.6152,Acc: 0.639781, F1_Macro:0.499342, Time: 127.64 seconds.
2024-01-27 20:12:02,979 - root - INFO - Epoch: 034, LossReg: 1226.4182, LossCLS: 774.6249,Acc: 0.639370, F1_Macro:0.498698, Time: 128.54 seconds.
2024-01-27 20:14:12,105 - root - INFO - Epoch: 035, LossReg: 1215.8743, LossCLS: 770.4323,Acc: 0.642159, F1_Macro:0.503321, Time: 129.12 seconds.
2024-01-27 20:16:20,120 - root - INFO - Epoch: 036, LossReg: 1221.8732, LossCLS: 769.1640,Acc: 0.641450, F1_Macro:0.503561, Time: 128.01 seconds.
2024-01-27 20:18:27,100 - root - INFO - Epoch: 037, LossReg: 1213.7075, LossCLS: 769.2893,Acc: 0.642178, F1_Macro:0.504258, Time: 126.98 seconds.
2024-01-27 20:20:34,716 - root - INFO - Epoch: 038, LossReg: 1200.1964, LossCLS: 765.7656,Acc: 0.644640, F1_Macro:0.510275, Time: 127.61 seconds.
2024-01-27 20:22:42,978 - root - INFO - Epoch: 039, LossReg: 1207.3168, LossCLS: 769.9529,Acc: 0.640266, F1_Macro:0.505369, Time: 128.26 seconds.
2024-01-27 20:24:50,427 - root - INFO - Epoch: 040, LossReg: 1204.0845, LossCLS: 763.8686,Acc: 0.645722, F1_Macro:0.515148, Time: 127.45 seconds.
2024-01-27 20:26:59,447 - root - INFO - Epoch: 041, LossReg: 1192.7371, LossCLS: 764.1899,Acc: 0.643903, F1_Macro:0.513813, Time: 129.02 seconds.
2024-01-27 20:29:03,984 - root - INFO - Epoch: 042, LossReg: 1198.0534, LossCLS: 761.6758,Acc: 0.644183, F1_Macro:0.514199, Time: 124.54 seconds.
2024-01-27 20:31:12,932 - root - INFO - Epoch: 043, LossReg: 1189.8753, LossCLS: 764.0698,Acc: 0.644715, F1_Macro:0.513661, Time: 128.95 seconds.
2024-01-27 20:33:21,709 - root - INFO - Epoch: 044, LossReg: 1183.8043, LossCLS: 760.4139,Acc: 0.645060, F1_Macro:0.517548, Time: 128.78 seconds.
2024-01-27 20:35:29,610 - root - INFO - Epoch: 045, LossReg: 1188.4693, LossCLS: 761.8061,Acc: 0.644220, F1_Macro:0.522385, Time: 127.90 seconds.
2024-01-27 20:37:37,218 - root - INFO - Epoch: 046, LossReg: 1173.8784, LossCLS: 759.8394,Acc: 0.645405, F1_Macro:0.517440, Time: 127.61 seconds.
2024-01-27 20:39:45,280 - root - INFO - Epoch: 047, LossReg: 1183.3049, LossCLS: 758.8355,Acc: 0.645964, F1_Macro:0.523588, Time: 128.06 seconds.
2024-01-27 20:41:53,437 - root - INFO - Epoch: 048, LossReg: 1177.8709, LossCLS: 759.2372,Acc: 0.647475, F1_Macro:0.526559, Time: 128.16 seconds.
2024-01-27 20:44:01,163 - root - INFO - Epoch: 049, LossReg: 1180.2688, LossCLS: 759.1449,Acc: 0.646403, F1_Macro:0.526410, Time: 127.72 seconds.
2024-01-27 20:46:08,692 - root - INFO - Epoch: 050, LossReg: 1176.2269, LossCLS: 756.7172,Acc: 0.647764, F1_Macro:0.529199, Time: 127.53 seconds.
2024-01-27 20:48:16,686 - root - INFO - Epoch: 051, LossReg: 1170.5355, LossCLS: 755.9097,Acc: 0.646309, F1_Macro:0.529287, Time: 127.99 seconds.
2024-01-27 20:50:24,097 - root - INFO - Epoch: 052, LossReg: 1169.0014, LossCLS: 755.9489,Acc: 0.647727, F1_Macro:0.528990, Time: 127.41 seconds.
2024-01-27 20:52:32,455 - root - INFO - Epoch: 053, LossReg: 1158.5879, LossCLS: 753.9833,Acc: 0.648772, F1_Macro:0.532076, Time: 128.36 seconds.
2024-01-27 20:54:40,158 - root - INFO - Epoch: 054, LossReg: 1164.7559, LossCLS: 753.2548,Acc: 0.649173, F1_Macro:0.535722, Time: 127.70 seconds.
2024-01-27 20:56:48,602 - root - INFO - Epoch: 055, LossReg: 1164.4606, LossCLS: 752.8805,Acc: 0.649070, F1_Macro:0.538864, Time: 128.44 seconds.
2024-01-27 20:58:23,145 - root - INFO - Epoch: 056, LossReg: 1150.4117, LossCLS: 752.4643,Acc: 0.650096, F1_Macro:0.536127, Time: 94.54 seconds.
2024-01-27 21:00:04,780 - root - INFO - Epoch: 057, LossReg: 1154.5664, LossCLS: 750.0700,Acc: 0.650861, F1_Macro:0.537570, Time: 101.63 seconds.
2024-01-27 21:02:13,014 - root - INFO - Epoch: 058, LossReg: 1147.2417, LossCLS: 749.0452,Acc: 0.650441, F1_Macro:0.540247, Time: 128.23 seconds.
2024-01-27 21:04:20,551 - root - INFO - Epoch: 059, LossReg: 1146.4533, LossCLS: 749.7553,Acc: 0.651514, F1_Macro:0.542639, Time: 127.54 seconds.
2024-01-27 21:06:28,566 - root - INFO - Epoch: 060, LossReg: 1154.0019, LossCLS: 748.7377,Acc: 0.650814, F1_Macro:0.544047, Time: 128.01 seconds.
2024-01-27 21:08:37,071 - root - INFO - Epoch: 061, LossReg: 1143.5011, LossCLS: 746.9270,Acc: 0.651980, F1_Macro:0.544274, Time: 128.50 seconds.
2024-01-27 21:10:46,066 - root - INFO - Epoch: 062, LossReg: 1139.3359, LossCLS: 744.3307,Acc: 0.652390, F1_Macro:0.548398, Time: 128.99 seconds.
2024-01-27 21:12:54,967 - root - INFO - Epoch: 063, LossReg: 1141.3689, LossCLS: 746.1412,Acc: 0.652558, F1_Macro:0.546978, Time: 128.90 seconds.
2024-01-27 21:15:03,271 - root - INFO - Epoch: 064, LossReg: 1140.2888, LossCLS: 745.9188,Acc: 0.651682, F1_Macro:0.548431, Time: 128.30 seconds.
2024-01-27 21:17:10,958 - root - INFO - Epoch: 065, LossReg: 1131.9433, LossCLS: 743.6268,Acc: 0.651663, F1_Macro:0.548717, Time: 127.69 seconds.
2024-01-27 21:19:19,536 - root - INFO - Epoch: 066, LossReg: 1134.7759, LossCLS: 743.1590,Acc: 0.653006, F1_Macro:0.550390, Time: 128.58 seconds.
2024-01-27 21:21:28,334 - root - INFO - Epoch: 067, LossReg: 1136.0474, LossCLS: 744.1180,Acc: 0.650880, F1_Macro:0.550485, Time: 128.80 seconds.
2024-01-27 21:23:36,753 - root - INFO - Epoch: 068, LossReg: 1128.6176, LossCLS: 743.4745,Acc: 0.652036, F1_Macro:0.551407, Time: 128.42 seconds.
2024-01-27 21:25:44,916 - root - INFO - Epoch: 069, LossReg: 1130.6291, LossCLS: 742.6909,Acc: 0.651626, F1_Macro:0.550777, Time: 128.16 seconds.
2024-01-27 21:27:53,590 - root - INFO - Epoch: 070, LossReg: 1125.5915, LossCLS: 742.5004,Acc: 0.652969, F1_Macro:0.551428, Time: 128.67 seconds.
2024-01-27 21:30:01,761 - root - INFO - Epoch: 071, LossReg: 1121.6691, LossCLS: 738.1128,Acc: 0.656392, F1_Macro:0.557735, Time: 128.17 seconds.
2024-01-27 21:32:10,131 - root - INFO - Epoch: 072, LossReg: 1126.3332, LossCLS: 742.5110,Acc: 0.652269, F1_Macro:0.551896, Time: 128.37 seconds.
2024-01-27 21:34:18,717 - root - INFO - Epoch: 073, LossReg: 1119.0322, LossCLS: 739.3494,Acc: 0.654219, F1_Macro:0.556901, Time: 128.58 seconds.
2024-01-27 21:36:27,334 - root - INFO - Epoch: 074, LossReg: 1117.7351, LossCLS: 740.3064,Acc: 0.654274, F1_Macro:0.558156, Time: 128.62 seconds.
2024-01-27 21:38:36,244 - root - INFO - Epoch: 075, LossReg: 1120.2861, LossCLS: 737.0494,Acc: 0.653099, F1_Macro:0.557831, Time: 128.91 seconds.
2024-01-27 21:40:44,827 - root - INFO - Epoch: 076, LossReg: 1116.1823, LossCLS: 736.4257,Acc: 0.655515, F1_Macro:0.558017, Time: 128.58 seconds.
2024-01-27 21:42:53,772 - root - INFO - Epoch: 077, LossReg: 1107.6066, LossCLS: 733.8182,Acc: 0.656121, F1_Macro:0.560890, Time: 128.94 seconds.
2024-01-27 21:45:02,226 - root - INFO - Epoch: 078, LossReg: 1117.8250, LossCLS: 737.0757,Acc: 0.656662, F1_Macro:0.564504, Time: 128.45 seconds.
2024-01-27 21:47:10,439 - root - INFO - Epoch: 079, LossReg: 1113.6165, LossCLS: 737.1207,Acc: 0.654610, F1_Macro:0.558735, Time: 128.21 seconds.
2024-01-27 21:49:19,690 - root - INFO - Epoch: 080, LossReg: 1105.6229, LossCLS: 734.5871,Acc: 0.657082, F1_Macro:0.562561, Time: 129.25 seconds.
2024-01-27 21:51:28,103 - root - INFO - Epoch: 081, LossReg: 1111.0337, LossCLS: 737.4038,Acc: 0.655701, F1_Macro:0.561915, Time: 128.41 seconds.
2024-01-27 21:53:37,140 - root - INFO - Epoch: 082, LossReg: 1114.2822, LossCLS: 736.0562,Acc: 0.656933, F1_Macro:0.563201, Time: 129.04 seconds.
2024-01-27 21:55:45,963 - root - INFO - Epoch: 083, LossReg: 1109.9668, LossCLS: 733.9562,Acc: 0.655049, F1_Macro:0.563399, Time: 128.82 seconds.
2024-01-27 21:57:54,034 - root - INFO - Epoch: 084, LossReg: 1120.0066, LossCLS: 734.9776,Acc: 0.655767, F1_Macro:0.562890, Time: 128.07 seconds.
2024-01-27 22:00:03,270 - root - INFO - Epoch: 085, LossReg: 1107.5158, LossCLS: 735.3252,Acc: 0.652773, F1_Macro:0.560170, Time: 129.24 seconds.
2024-01-27 22:00:03,272 - root - INFO - Early stopping
