2024-01-27 01:10:44,435 - root - INFO - Task dblp.v13@HGT-32-2-1@0@10@0.001 begin...
2024-01-27 01:12:21,286 - root - INFO - 65978
2024-01-27 01:12:21,804 - root - INFO - get loaders done.
2024-01-27 01:12:21,833 - root - INFO - Using device: cuda
2024-01-27 01:12:51,331 - root - INFO - Epoch: 000, LossReg: 1243.3160, LossCLS: 810.8139,Acc: 0.662817, F1_Macro:0.291838, Time: 24.72 seconds.
2024-01-27 01:13:16,093 - root - INFO - Epoch: 001, LossReg: 1053.6680, LossCLS: 793.5013,Acc: 0.666186, F1_Macro:0.319585, Time: 24.76 seconds.
2024-01-27 01:13:41,132 - root - INFO - Epoch: 002, LossReg: 1044.5919, LossCLS: 786.3785,Acc: 0.665976, F1_Macro:0.320727, Time: 25.04 seconds.
2024-01-27 01:14:05,825 - root - INFO - Epoch: 003, LossReg: 1038.7217, LossCLS: 785.1972,Acc: 0.665989, F1_Macro:0.325140, Time: 24.69 seconds.
2024-01-27 01:14:30,922 - root - INFO - Epoch: 004, LossReg: 1028.7535, LossCLS: 781.0512,Acc: 0.667576, F1_Macro:0.326854, Time: 25.10 seconds.
2024-01-27 01:14:55,782 - root - INFO - Epoch: 005, LossReg: 1021.4235, LossCLS: 778.2616,Acc: 0.667825, F1_Macro:0.324392, Time: 24.86 seconds.
2024-01-27 01:15:20,417 - root - INFO - Epoch: 006, LossReg: 1024.9439, LossCLS: 777.1687,Acc: 0.668441, F1_Macro:0.332697, Time: 24.64 seconds.
2024-01-27 01:15:45,134 - root - INFO - Epoch: 007, LossReg: 1015.3257, LossCLS: 776.9852,Acc: 0.667379, F1_Macro:0.324561, Time: 24.72 seconds.
2024-01-27 01:16:10,009 - root - INFO - Epoch: 008, LossReg: 1017.0449, LossCLS: 776.6466,Acc: 0.666527, F1_Macro:0.325714, Time: 24.88 seconds.
2024-01-27 01:16:34,770 - root - INFO - Epoch: 009, LossReg: 1009.8838, LossCLS: 775.1249,Acc: 0.666225, F1_Macro:0.327572, Time: 24.76 seconds.
2024-01-27 01:16:59,618 - root - INFO - Epoch: 010, LossReg: 1007.5821, LossCLS: 771.8597,Acc: 0.669253, F1_Macro:0.329931, Time: 24.85 seconds.
2024-01-27 01:17:24,391 - root - INFO - Epoch: 011, LossReg: 1014.8111, LossCLS: 772.9744,Acc: 0.667798, F1_Macro:0.327664, Time: 24.77 seconds.
2024-01-27 01:17:49,154 - root - INFO - Epoch: 012, LossReg: 1006.6597, LossCLS: 772.0177,Acc: 0.668926, F1_Macro:0.330265, Time: 24.76 seconds.
2024-01-27 01:18:14,133 - root - INFO - Epoch: 013, LossReg: 1008.0904, LossCLS: 771.5207,Acc: 0.668362, F1_Macro:0.332235, Time: 24.98 seconds.
2024-01-27 01:18:38,824 - root - INFO - Epoch: 014, LossReg: 1008.5630, LossCLS: 771.7251,Acc: 0.668454, F1_Macro:0.333363, Time: 24.69 seconds.
2024-01-27 01:19:04,157 - root - INFO - Epoch: 015, LossReg: 1012.6039, LossCLS: 771.1057,Acc: 0.669345, F1_Macro:0.336904, Time: 25.33 seconds.
2024-01-27 01:19:28,903 - root - INFO - Epoch: 016, LossReg: 999.0654, LossCLS: 768.7035,Acc: 0.669096, F1_Macro:0.333592, Time: 24.75 seconds.
2024-01-27 01:19:53,496 - root - INFO - Epoch: 017, LossReg: 1002.4008, LossCLS: 769.8368,Acc: 0.668611, F1_Macro:0.339846, Time: 24.59 seconds.
2024-01-27 01:20:18,242 - root - INFO - Epoch: 018, LossReg: 1003.9173, LossCLS: 768.7973,Acc: 0.668139, F1_Macro:0.337824, Time: 24.75 seconds.
2024-01-27 01:20:43,004 - root - INFO - Epoch: 019, LossReg: 1005.1574, LossCLS: 767.0695,Acc: 0.667785, F1_Macro:0.339619, Time: 24.76 seconds.
2024-01-27 01:21:08,115 - root - INFO - Epoch: 020, LossReg: 999.3303, LossCLS: 766.3753,Acc: 0.669122, F1_Macro:0.344754, Time: 25.11 seconds.
2024-01-27 01:21:32,965 - root - INFO - Epoch: 021, LossReg: 996.9528, LossCLS: 767.7900,Acc: 0.667785, F1_Macro:0.343174, Time: 24.85 seconds.
2024-01-27 01:21:57,809 - root - INFO - Epoch: 022, LossReg: 996.7150, LossCLS: 765.6634,Acc: 0.668559, F1_Macro:0.347935, Time: 24.84 seconds.
2024-01-27 01:22:22,638 - root - INFO - Epoch: 023, LossReg: 995.9439, LossCLS: 765.0841,Acc: 0.669607, F1_Macro:0.348422, Time: 24.83 seconds.
2024-01-27 01:22:47,291 - root - INFO - Epoch: 024, LossReg: 998.1268, LossCLS: 766.2449,Acc: 0.668349, F1_Macro:0.341835, Time: 24.65 seconds.
2024-01-27 01:23:12,071 - root - INFO - Epoch: 025, LossReg: 987.1245, LossCLS: 763.3844,Acc: 0.670525, F1_Macro:0.350855, Time: 24.78 seconds.
2024-01-27 01:23:36,970 - root - INFO - Epoch: 026, LossReg: 983.7093, LossCLS: 761.3914,Acc: 0.670486, F1_Macro:0.346539, Time: 24.90 seconds.
2024-01-27 01:24:01,730 - root - INFO - Epoch: 027, LossReg: 986.7530, LossCLS: 764.7507,Acc: 0.668703, F1_Macro:0.341423, Time: 24.76 seconds.
2024-01-27 01:24:26,675 - root - INFO - Epoch: 028, LossReg: 987.9885, LossCLS: 763.8273,Acc: 0.670210, F1_Macro:0.352865, Time: 24.94 seconds.
2024-01-27 01:24:51,543 - root - INFO - Epoch: 029, LossReg: 986.3269, LossCLS: 763.0774,Acc: 0.669529, F1_Macro:0.349613, Time: 24.87 seconds.
2024-01-27 01:25:16,310 - root - INFO - Epoch: 030, LossReg: 989.7434, LossCLS: 763.3690,Acc: 0.669529, F1_Macro:0.350743, Time: 24.77 seconds.
2024-01-27 01:25:40,913 - root - INFO - Epoch: 031, LossReg: 984.5975, LossCLS: 761.7893,Acc: 0.671678, F1_Macro:0.353008, Time: 24.60 seconds.
2024-01-27 01:25:40,914 - root - INFO - Early stopping
