2024-01-27 14:59:16,086 - root - INFO - Task dblp.v13@HGT-32-4-4@0@50@0.001 begin...
2024-01-27 15:00:54,390 - root - INFO - 65978
2024-01-27 15:00:55,562 - root - INFO - get loaders done.
2024-01-27 15:00:55,620 - root - INFO - Using device: cuda
2024-01-27 15:02:24,550 - root - INFO - Epoch: 000, LossReg: 2486.7670, LossCLS: 230.5276,Acc: 0.550987, F1_Macro:0.344164, Time: 83.37 seconds.
2024-01-27 15:03:48,115 - root - INFO - Epoch: 001, LossReg: 2485.6072, LossCLS: 220.1550,Acc: 0.587669, F1_Macro:0.359509, Time: 83.56 seconds.
2024-01-27 15:05:11,507 - root - INFO - Epoch: 002, LossReg: 2476.4767, LossCLS: 218.0913,Acc: 0.592509, F1_Macro:0.368084, Time: 83.39 seconds.
2024-01-27 15:06:34,469 - root - INFO - Epoch: 003, LossReg: 2481.6107, LossCLS: 216.0640,Acc: 0.598411, F1_Macro:0.374179, Time: 82.96 seconds.
2024-01-27 15:07:58,406 - root - INFO - Epoch: 004, LossReg: 1168.3794, LossCLS: 229.1034,Acc: 0.587823, F1_Macro:0.361678, Time: 83.94 seconds.
2024-01-27 15:09:23,235 - root - INFO - Epoch: 005, LossReg: 407.9891, LossCLS: 216.2825,Acc: 0.598751, F1_Macro:0.375196, Time: 84.83 seconds.
2024-01-27 15:10:46,422 - root - INFO - Epoch: 006, LossReg: 393.7643, LossCLS: 212.9560,Acc: 0.603710, F1_Macro:0.382365, Time: 83.19 seconds.
2024-01-27 15:12:10,335 - root - INFO - Epoch: 007, LossReg: 386.5718, LossCLS: 210.8487,Acc: 0.608354, F1_Macro:0.388994, Time: 83.91 seconds.
2024-01-27 15:13:34,675 - root - INFO - Epoch: 008, LossReg: 382.1552, LossCLS: 209.4984,Acc: 0.610029, F1_Macro:0.391565, Time: 84.34 seconds.
2024-01-27 15:14:59,104 - root - INFO - Epoch: 009, LossReg: 377.1402, LossCLS: 208.1188,Acc: 0.613329, F1_Macro:0.394840, Time: 84.43 seconds.
2024-01-27 15:16:22,749 - root - INFO - Epoch: 010, LossReg: 378.2455, LossCLS: 208.0912,Acc: 0.613312, F1_Macro:0.396326, Time: 83.64 seconds.
2024-01-27 15:17:46,038 - root - INFO - Epoch: 011, LossReg: 375.8753, LossCLS: 207.2868,Acc: 0.615464, F1_Macro:0.399523, Time: 83.29 seconds.
2024-01-27 15:19:09,304 - root - INFO - Epoch: 012, LossReg: 372.4868, LossCLS: 206.2927,Acc: 0.615413, F1_Macro:0.396974, Time: 83.26 seconds.
2024-01-27 15:20:35,808 - root - INFO - Epoch: 013, LossReg: 369.0548, LossCLS: 205.6093,Acc: 0.616535, F1_Macro:0.400659, Time: 86.50 seconds.
2024-01-27 15:21:58,715 - root - INFO - Epoch: 014, LossReg: 370.1358, LossCLS: 205.3834,Acc: 0.616501, F1_Macro:0.403741, Time: 82.91 seconds.
2024-01-27 15:23:22,046 - root - INFO - Epoch: 015, LossReg: 366.6820, LossCLS: 204.9080,Acc: 0.616552, F1_Macro:0.406497, Time: 83.33 seconds.
2024-01-27 15:24:44,940 - root - INFO - Epoch: 016, LossReg: 365.0959, LossCLS: 204.3616,Acc: 0.617479, F1_Macro:0.408397, Time: 82.89 seconds.
2024-01-27 15:26:09,514 - root - INFO - Epoch: 017, LossReg: 365.3840, LossCLS: 204.3271,Acc: 0.618628, F1_Macro:0.411921, Time: 84.57 seconds.
2024-01-27 15:27:34,049 - root - INFO - Epoch: 018, LossReg: 363.2453, LossCLS: 203.8870,Acc: 0.618458, F1_Macro:0.414363, Time: 84.54 seconds.
2024-01-27 15:28:57,977 - root - INFO - Epoch: 019, LossReg: 360.9161, LossCLS: 203.0054,Acc: 0.620252, F1_Macro:0.420616, Time: 83.93 seconds.
2024-01-27 15:30:23,738 - root - INFO - Epoch: 020, LossReg: 360.6892, LossCLS: 202.7601,Acc: 0.621222, F1_Macro:0.428979, Time: 85.76 seconds.
2024-01-27 15:31:48,343 - root - INFO - Epoch: 021, LossReg: 359.9769, LossCLS: 202.5647,Acc: 0.621120, F1_Macro:0.429345, Time: 84.60 seconds.
2024-01-27 15:33:11,802 - root - INFO - Epoch: 022, LossReg: 356.3371, LossCLS: 201.5743,Acc: 0.622395, F1_Macro:0.434557, Time: 83.46 seconds.
2024-01-27 15:34:35,893 - root - INFO - Epoch: 023, LossReg: 358.4447, LossCLS: 202.2655,Acc: 0.621783, F1_Macro:0.434724, Time: 84.09 seconds.
2024-01-27 15:35:59,754 - root - INFO - Epoch: 024, LossReg: 356.3390, LossCLS: 202.1573,Acc: 0.623492, F1_Macro:0.441656, Time: 83.86 seconds.
2024-01-27 15:37:23,541 - root - INFO - Epoch: 025, LossReg: 355.8192, LossCLS: 201.5459,Acc: 0.622744, F1_Macro:0.444811, Time: 83.79 seconds.
2024-01-27 15:38:47,479 - root - INFO - Epoch: 026, LossReg: 353.9017, LossCLS: 200.8850,Acc: 0.625083, F1_Macro:0.446878, Time: 83.94 seconds.
2024-01-27 15:40:10,232 - root - INFO - Epoch: 027, LossReg: 355.5332, LossCLS: 201.8384,Acc: 0.622446, F1_Macro:0.442520, Time: 82.75 seconds.
2024-01-27 15:41:33,727 - root - INFO - Epoch: 028, LossReg: 353.3880, LossCLS: 200.8010,Acc: 0.625423, F1_Macro:0.453311, Time: 83.49 seconds.
2024-01-27 15:42:58,211 - root - INFO - Epoch: 029, LossReg: 354.5947, LossCLS: 201.2344,Acc: 0.625023, F1_Macro:0.457453, Time: 84.48 seconds.
2024-01-27 15:44:21,523 - root - INFO - Epoch: 030, LossReg: 353.0566, LossCLS: 201.1752,Acc: 0.624887, F1_Macro:0.459179, Time: 83.31 seconds.
2024-01-27 15:45:45,407 - root - INFO - Epoch: 031, LossReg: 351.5657, LossCLS: 201.2653,Acc: 0.623254, F1_Macro:0.450216, Time: 83.88 seconds.
2024-01-27 15:47:10,864 - root - INFO - Epoch: 032, LossReg: 350.1395, LossCLS: 200.6322,Acc: 0.626274, F1_Macro:0.461585, Time: 85.46 seconds.
2024-01-27 15:48:35,525 - root - INFO - Epoch: 033, LossReg: 350.5137, LossCLS: 200.2320,Acc: 0.628885, F1_Macro:0.464471, Time: 84.66 seconds.
2024-01-27 15:50:02,786 - root - INFO - Epoch: 034, LossReg: 349.5988, LossCLS: 200.4002,Acc: 0.626112, F1_Macro:0.459643, Time: 87.26 seconds.
2024-01-27 15:51:32,169 - root - INFO - Epoch: 035, LossReg: 346.9610, LossCLS: 199.6979,Acc: 0.628740, F1_Macro:0.469597, Time: 89.38 seconds.
2024-01-27 15:52:56,321 - root - INFO - Epoch: 036, LossReg: 346.9277, LossCLS: 199.7164,Acc: 0.629148, F1_Macro:0.469004, Time: 84.15 seconds.
2024-01-27 15:54:20,716 - root - INFO - Epoch: 037, LossReg: 346.6706, LossCLS: 199.5464,Acc: 0.628128, F1_Macro:0.467446, Time: 84.39 seconds.
2024-01-27 15:55:44,928 - root - INFO - Epoch: 038, LossReg: 346.1768, LossCLS: 199.4901,Acc: 0.629863, F1_Macro:0.474827, Time: 84.21 seconds.
2024-01-27 15:57:08,606 - root - INFO - Epoch: 039, LossReg: 347.3290, LossCLS: 199.5895,Acc: 0.630356, F1_Macro:0.473530, Time: 83.68 seconds.
2024-01-27 15:58:31,525 - root - INFO - Epoch: 040, LossReg: 343.7016, LossCLS: 199.1329,Acc: 0.628544, F1_Macro:0.472089, Time: 82.92 seconds.
2024-01-27 15:59:55,810 - root - INFO - Epoch: 041, LossReg: 343.9902, LossCLS: 199.3402,Acc: 0.628357, F1_Macro:0.476164, Time: 84.28 seconds.
2024-01-27 16:01:19,317 - root - INFO - Epoch: 042, LossReg: 346.0210, LossCLS: 199.2736,Acc: 0.629616, F1_Macro:0.475608, Time: 83.51 seconds.
2024-01-27 16:02:46,428 - root - INFO - Epoch: 043, LossReg: 342.5737, LossCLS: 199.3110,Acc: 0.628502, F1_Macro:0.476499, Time: 87.11 seconds.
2024-01-27 16:04:10,505 - root - INFO - Epoch: 044, LossReg: 342.5352, LossCLS: 198.5390,Acc: 0.629361, F1_Macro:0.473384, Time: 84.08 seconds.
2024-01-27 16:05:06,721 - root - INFO - Epoch: 045, LossReg: 343.6764, LossCLS: 198.6029,Acc: 0.628230, F1_Macro:0.480955, Time: 56.20 seconds.
2024-01-27 16:05:55,887 - root - INFO - Epoch: 046, LossReg: 342.4490, LossCLS: 198.6070,Acc: 0.629480, F1_Macro:0.479840, Time: 49.17 seconds.
2024-01-27 16:06:55,697 - root - INFO - Epoch: 047, LossReg: 340.3647, LossCLS: 198.3520,Acc: 0.631972, F1_Macro:0.480884, Time: 59.81 seconds.
2024-01-27 16:08:20,573 - root - INFO - Epoch: 048, LossReg: 340.2180, LossCLS: 198.1472,Acc: 0.630824, F1_Macro:0.482749, Time: 84.88 seconds.
2024-01-27 16:09:46,160 - root - INFO - Epoch: 049, LossReg: 339.0154, LossCLS: 198.0363,Acc: 0.631717, F1_Macro:0.483289, Time: 85.58 seconds.
2024-01-28 00:10:16,924 - root - INFO - Task dblp.v13@HGT-32-4-4@0@50@0.001 begin...
2024-01-28 00:11:52,543 - root - INFO - 65978
2024-01-28 00:11:53,092 - root - INFO - get loaders done.
