2024-01-27 07:37:21,127 - root - INFO - Task dblp.v13@HGT-32-8-1@0@10@0.001 begin...
2024-01-27 07:38:55,354 - root - INFO - 65978
2024-01-27 07:38:55,891 - root - INFO - get loaders done.
2024-01-27 07:38:55,920 - root - INFO - Using device: cuda
2024-01-27 07:39:52,908 - root - INFO - Epoch: 000, LossReg: 1169.8207, LossCLS: 814.1076,Acc: 0.655123, F1_Macro:0.306247, Time: 52.21 seconds.
2024-01-27 07:40:44,990 - root - INFO - Epoch: 001, LossReg: 1047.4469, LossCLS: 792.9177,Acc: 0.664744, F1_Macro:0.315555, Time: 52.08 seconds.
2024-01-27 07:41:37,696 - root - INFO - Epoch: 002, LossReg: 1036.7661, LossCLS: 784.9072,Acc: 0.667562, F1_Macro:0.326630, Time: 52.70 seconds.
2024-01-27 07:42:29,804 - root - INFO - Epoch: 003, LossReg: 1028.1404, LossCLS: 781.3770,Acc: 0.667274, F1_Macro:0.326596, Time: 52.11 seconds.
2024-01-27 07:43:22,397 - root - INFO - Epoch: 004, LossReg: 1027.6260, LossCLS: 780.1703,Acc: 0.667143, F1_Macro:0.327398, Time: 52.59 seconds.
2024-01-27 07:44:15,014 - root - INFO - Epoch: 005, LossReg: 1024.3815, LossCLS: 778.7905,Acc: 0.666802, F1_Macro:0.330902, Time: 52.62 seconds.
2024-01-27 07:45:07,607 - root - INFO - Epoch: 006, LossReg: 1025.9033, LossCLS: 777.8412,Acc: 0.666461, F1_Macro:0.326654, Time: 52.59 seconds.
2024-01-27 07:46:00,080 - root - INFO - Epoch: 007, LossReg: 1014.1844, LossCLS: 774.4302,Acc: 0.668126, F1_Macro:0.330914, Time: 52.47 seconds.
2024-01-27 07:46:52,797 - root - INFO - Epoch: 008, LossReg: 1013.8469, LossCLS: 772.4877,Acc: 0.667602, F1_Macro:0.336528, Time: 52.72 seconds.
2024-01-27 07:47:45,346 - root - INFO - Epoch: 009, LossReg: 1014.8199, LossCLS: 772.9627,Acc: 0.668624, F1_Macro:0.336710, Time: 52.55 seconds.
2024-01-27 07:48:37,636 - root - INFO - Epoch: 010, LossReg: 1015.5786, LossCLS: 774.1409,Acc: 0.667051, F1_Macro:0.334377, Time: 52.29 seconds.
2024-01-27 07:49:30,051 - root - INFO - Epoch: 011, LossReg: 1012.0457, LossCLS: 770.9436,Acc: 0.667497, F1_Macro:0.338195, Time: 52.42 seconds.
2024-01-27 07:50:22,181 - root - INFO - Epoch: 012, LossReg: 1005.0510, LossCLS: 771.3415,Acc: 0.667038, F1_Macro:0.337528, Time: 52.13 seconds.
2024-01-27 07:51:15,317 - root - INFO - Epoch: 013, LossReg: 1001.2186, LossCLS: 770.0642,Acc: 0.669227, F1_Macro:0.344518, Time: 53.14 seconds.
2024-01-27 07:52:07,648 - root - INFO - Epoch: 014, LossReg: 1003.2507, LossCLS: 768.2968,Acc: 0.669083, F1_Macro:0.337804, Time: 52.33 seconds.
2024-01-27 07:53:00,186 - root - INFO - Epoch: 015, LossReg: 994.4686, LossCLS: 767.6116,Acc: 0.667274, F1_Macro:0.339607, Time: 52.54 seconds.
2024-01-27 07:53:52,195 - root - INFO - Epoch: 016, LossReg: 990.7958, LossCLS: 767.1726,Acc: 0.669096, F1_Macro:0.338082, Time: 52.01 seconds.
2024-01-27 07:54:44,390 - root - INFO - Epoch: 017, LossReg: 991.1117, LossCLS: 764.5947,Acc: 0.670315, F1_Macro:0.345852, Time: 52.19 seconds.
2024-01-27 07:55:36,708 - root - INFO - Epoch: 018, LossReg: 993.0756, LossCLS: 765.9125,Acc: 0.668886, F1_Macro:0.342134, Time: 52.32 seconds.
2024-01-27 07:56:29,508 - root - INFO - Epoch: 019, LossReg: 991.2663, LossCLS: 764.2826,Acc: 0.669843, F1_Macro:0.344200, Time: 52.80 seconds.
2024-01-27 07:57:21,769 - root - INFO - Epoch: 020, LossReg: 987.8752, LossCLS: 763.6973,Acc: 0.669201, F1_Macro:0.343654, Time: 52.26 seconds.
2024-01-27 07:58:14,045 - root - INFO - Epoch: 021, LossReg: 988.6838, LossCLS: 762.9991,Acc: 0.668952, F1_Macro:0.350981, Time: 52.28 seconds.
2024-01-27 07:59:06,955 - root - INFO - Epoch: 022, LossReg: 983.4000, LossCLS: 764.8773,Acc: 0.669463, F1_Macro:0.347010, Time: 52.91 seconds.
2024-01-27 07:59:59,386 - root - INFO - Epoch: 023, LossReg: 990.1320, LossCLS: 762.8214,Acc: 0.670604, F1_Macro:0.350838, Time: 52.43 seconds.
2024-01-27 08:00:51,876 - root - INFO - Epoch: 024, LossReg: 978.3212, LossCLS: 761.3340,Acc: 0.669070, F1_Macro:0.347523, Time: 52.49 seconds.
2024-01-27 08:01:44,633 - root - INFO - Epoch: 025, LossReg: 980.7523, LossCLS: 760.8835,Acc: 0.670682, F1_Macro:0.349533, Time: 52.76 seconds.
2024-01-27 08:02:37,086 - root - INFO - Epoch: 026, LossReg: 976.8132, LossCLS: 762.4783,Acc: 0.668952, F1_Macro:0.350366, Time: 52.45 seconds.
2024-01-27 08:03:29,203 - root - INFO - Epoch: 027, LossReg: 973.2253, LossCLS: 758.4152,Acc: 0.671062, F1_Macro:0.350795, Time: 52.12 seconds.
2024-01-27 08:04:21,707 - root - INFO - Epoch: 028, LossReg: 978.4653, LossCLS: 760.5960,Acc: 0.669004, F1_Macro:0.353663, Time: 52.50 seconds.
2024-01-27 08:05:14,750 - root - INFO - Epoch: 029, LossReg: 975.2479, LossCLS: 759.2215,Acc: 0.669529, F1_Macro:0.357497, Time: 53.04 seconds.
2024-01-27 08:06:07,226 - root - INFO - Epoch: 030, LossReg: 973.0960, LossCLS: 760.3032,Acc: 0.671075, F1_Macro:0.356066, Time: 52.47 seconds.
2024-01-27 08:06:59,909 - root - INFO - Epoch: 031, LossReg: 973.0463, LossCLS: 758.0355,Acc: 0.670971, F1_Macro:0.356018, Time: 52.68 seconds.
2024-01-27 08:07:52,557 - root - INFO - Epoch: 032, LossReg: 970.8837, LossCLS: 756.3691,Acc: 0.670066, F1_Macro:0.360805, Time: 52.65 seconds.
2024-01-27 08:08:44,840 - root - INFO - Epoch: 033, LossReg: 974.2936, LossCLS: 756.6664,Acc: 0.671115, F1_Macro:0.358470, Time: 52.28 seconds.
2024-01-27 08:09:37,114 - root - INFO - Epoch: 034, LossReg: 970.6594, LossCLS: 757.0057,Acc: 0.671128, F1_Macro:0.363838, Time: 52.27 seconds.
2024-01-27 08:10:30,062 - root - INFO - Epoch: 035, LossReg: 960.4997, LossCLS: 755.2310,Acc: 0.669883, F1_Macro:0.360899, Time: 52.95 seconds.
2024-01-27 08:11:22,979 - root - INFO - Epoch: 036, LossReg: 965.6186, LossCLS: 754.6393,Acc: 0.671639, F1_Macro:0.363848, Time: 52.92 seconds.
2024-01-27 08:12:15,166 - root - INFO - Epoch: 037, LossReg: 962.2438, LossCLS: 753.0915,Acc: 0.672059, F1_Macro:0.365452, Time: 52.19 seconds.
2024-01-27 08:13:07,479 - root - INFO - Epoch: 038, LossReg: 958.1489, LossCLS: 752.9580,Acc: 0.671731, F1_Macro:0.368500, Time: 52.31 seconds.
2024-01-27 08:13:59,710 - root - INFO - Epoch: 039, LossReg: 960.3422, LossCLS: 750.7759,Acc: 0.672963, F1_Macro:0.373963, Time: 52.23 seconds.
2024-01-27 08:14:52,386 - root - INFO - Epoch: 040, LossReg: 961.6606, LossCLS: 752.7757,Acc: 0.671206, F1_Macro:0.366849, Time: 52.68 seconds.
2024-01-27 08:15:44,497 - root - INFO - Epoch: 041, LossReg: 959.5992, LossCLS: 751.6381,Acc: 0.672412, F1_Macro:0.369702, Time: 52.11 seconds.
2024-01-27 08:16:36,797 - root - INFO - Epoch: 042, LossReg: 950.6481, LossCLS: 751.8926,Acc: 0.670735, F1_Macro:0.371528, Time: 52.30 seconds.
2024-01-27 08:17:28,808 - root - INFO - Epoch: 043, LossReg: 956.8006, LossCLS: 750.7378,Acc: 0.671691, F1_Macro:0.366192, Time: 52.01 seconds.
2024-01-27 08:18:21,292 - root - INFO - Epoch: 044, LossReg: 957.6138, LossCLS: 751.1591,Acc: 0.672216, F1_Macro:0.372478, Time: 52.48 seconds.
2024-01-27 08:19:13,437 - root - INFO - Epoch: 045, LossReg: 950.8008, LossCLS: 748.2810,Acc: 0.671429, F1_Macro:0.368166, Time: 52.14 seconds.
2024-01-27 08:20:05,661 - root - INFO - Epoch: 046, LossReg: 950.6992, LossCLS: 750.6669,Acc: 0.672150, F1_Macro:0.374384, Time: 52.22 seconds.
2024-01-27 08:20:58,159 - root - INFO - Epoch: 047, LossReg: 953.6484, LossCLS: 750.4442,Acc: 0.672190, F1_Macro:0.376608, Time: 52.50 seconds.
2024-01-27 08:21:50,840 - root - INFO - Epoch: 048, LossReg: 953.2316, LossCLS: 748.8254,Acc: 0.673369, F1_Macro:0.377099, Time: 52.68 seconds.
2024-01-27 08:22:43,979 - root - INFO - Epoch: 049, LossReg: 954.9971, LossCLS: 748.7531,Acc: 0.671167, F1_Macro:0.376912, Time: 53.14 seconds.
2024-01-27 08:23:36,171 - root - INFO - Epoch: 050, LossReg: 950.2021, LossCLS: 748.6509,Acc: 0.673173, F1_Macro:0.378016, Time: 52.19 seconds.
2024-01-27 08:24:28,414 - root - INFO - Epoch: 051, LossReg: 949.5491, LossCLS: 748.9603,Acc: 0.671927, F1_Macro:0.375979, Time: 52.24 seconds.
2024-01-27 08:25:20,688 - root - INFO - Epoch: 052, LossReg: 949.6777, LossCLS: 748.0421,Acc: 0.672308, F1_Macro:0.380383, Time: 52.27 seconds.
2024-01-27 08:26:12,611 - root - INFO - Epoch: 053, LossReg: 952.9903, LossCLS: 747.9136,Acc: 0.672294, F1_Macro:0.378871, Time: 51.92 seconds.
2024-01-27 08:27:04,808 - root - INFO - Epoch: 054, LossReg: 934.9702, LossCLS: 746.5693,Acc: 0.673251, F1_Macro:0.376279, Time: 52.20 seconds.
2024-01-27 08:27:57,304 - root - INFO - Epoch: 055, LossReg: 947.5126, LossCLS: 748.2888,Acc: 0.671639, F1_Macro:0.377703, Time: 52.50 seconds.
2024-01-27 08:28:49,707 - root - INFO - Epoch: 056, LossReg: 941.0479, LossCLS: 745.6241,Acc: 0.673881, F1_Macro:0.383414, Time: 52.40 seconds.
2024-01-27 08:29:41,899 - root - INFO - Epoch: 057, LossReg: 938.0402, LossCLS: 743.9616,Acc: 0.673605, F1_Macro:0.384553, Time: 52.19 seconds.
2024-01-27 08:30:33,700 - root - INFO - Epoch: 058, LossReg: 943.2547, LossCLS: 744.6944,Acc: 0.673579, F1_Macro:0.381096, Time: 51.80 seconds.
2024-01-27 08:31:26,713 - root - INFO - Epoch: 059, LossReg: 940.8584, LossCLS: 746.0023,Acc: 0.673802, F1_Macro:0.386499, Time: 53.01 seconds.
2024-01-27 08:31:26,713 - root - INFO - Early stopping
